#
# A fatal error has been detected by the Java Runtime Environment:
#
#  SIGSEGV (0xb) at pc=0x000000010ccaa286, pid=2148, tid=111627
#
# JRE version: OpenJDK Runtime Environment (Zulu11.37+17-CA) (11.0.6+10) (build 11.0.6+10-LTS)
# Java VM: OpenJDK 64-Bit Server VM (11.0.6+10-LTS, mixed mode, tiered, compressed oops, g1 gc, bsd-amd64)
# Problematic frame:
# C  [StataMP+0x41f286]  _ZNSt3__16vectorI8CVarInfoNS_9allocatorIS1_EEE21__push_back_slow_pathIKS1_EEvRT_+0x19abe6
#
# No core dump will be written. Core dumps have been disabled. To enable core dumping, try "ulimit -c unlimited" before starting Java again
#
# If you would like to submit a bug report, please visit:
#   http://www.azulsystems.com/support/
#

---------------  S U M M A R Y ------------

Command Line: -Xmx2048M -Xss2M -XX:ErrorFile=/dev/null 

Host: MacBookPro11,5 x86_64 2500 MHz, 8 cores, 16G, Darwin 19.4.0
Time: Wed May 27 19:59:08 2020 CEST elapsed time: 7447 seconds (0d 2h 4m 7s)

---------------  T H R E A D  ---------------

Current thread is native thread

Stack: [0x00007000113bf000,0x0000700011bbf000],  sp=0x0000700011bbda80,  free space=8186k
Native frames: (J=compiled Java code, A=aot compiled Java code, j=interpreted, Vv=VM code, C=native code)
C  [StataMP+0x41f286]  _ZNSt3__16vectorI8CVarInfoNS_9allocatorIS1_EEE21__push_back_slow_pathIKS1_EEvRT_+0x19abe6
C  [StataMP+0x7a83c3]  _ZNSt3__16vectorI13CVarSortCol_INS_9allocatorIS1_EEE26__swap_out_circular_bufferERNS_14__split_bufferIS1_RS3_EE+0x21f6b3
C  [StataMP+0x7a7f5b]  _ZNSt3__16vectorI13CVarSortCol_INS_9allocatorIS1_EEE26__swap_out_circular_bufferERNS_14__split_bufferIS1_RS3_EE+0x21f24b
C  [StataMP+0x7a7fed]  _ZNSt3__16vectorI13CVarSortCol_INS_9allocatorIS1_EEE26__swap_out_circular_bufferERNS_14__split_bufferIS1_RS3_EE+0x21f2dd
C  [StataMP+0x7a8014]  _ZNSt3__16vectorI13CVarSortCol_INS_9allocatorIS1_EEE26__swap_out_circular_bufferERNS_14__split_bufferIS1_RS3_EE+0x21f304
C  [StataMP+0x7a7fed]  _ZNSt3__16vectorI13CVarSortCol_INS_9allocatorIS1_EEE26__swap_out_circular_bufferERNS_14__split_bufferIS1_RS3_EE+0x21f2dd
C  [StataMP+0x7a7a64]  _ZNSt3__16vectorI13CVarSortCol_INS_9allocatorIS1_EEE26__swap_out_circular_bufferERNS_14__split_bufferIS1_RS3_EE+0x21ed54
C  [StataMP+0x15ff073]  _ZNK5boost15optional_detail13optional_baseINSt3__16localeEE14is_initializedEv+0x35bdf7


siginfo: si_signo: 11 (SIGSEGV), si_code: 1 (SEGV_MAPERR), si_addr: 0x00000000000fb1a6

Register to memory mapping:

RAX=0x0 is NULL
RBX=
[error occurred during error reporting (printing register info), id 0xb, SIGSEGV (0xb) at pc=0x0000000119423218]

Registers:
RAX=0x0000000000000000, RBX=0x0000000000000008, RCX=0x00007fa8936eda00, RDX=0x000000000007d8d3
RSP=0x0000700011bbda80, RBP=0x0000700011bbda80, RSI=0x0000000000092492, RDI=0x00007fa89216c000
R8 =0x0000000000000008, R9 =0x000000000007d8d3, R10=0x0000000000000000, R11=0x0000000000000007
R12=0x000000010e985140, R13=0x000000010edcd9a0, R14=0x0000000000000000, R15=0x000000010f4a59a0
RIP=0x000000010ccaa286, EFLAGS=0x0000000000010247, ERR=0x0000000000000004
  TRAPNO=0x000000000000000e

Top of Stack: (sp=0x0000700011bbda80)
0x0000700011bbda80:   0000700011bbeb00 000000010d0333c3
0x0000700011bbda90:   0000753da0004b4d 0000000000000000
0x0000700011bbdaa0:   0000700011bbdb30 000000010d033014
0x0000700011bbdab0:   0030303170353770 0000004b45536932
0x0000700011bbdac0:   00000000009599f6 0000000000000003
0x0000700011bbdad0:   0000000000000001 000000010edcd9a0
0x0000700011bbdae0:   000000010e985140 000000010ccaa7c4
0x0000700011bbdaf0:   0000700011bbcad0 0000000100000002
0x0000700011bbdb00:   0000000000000001 000000010f4a59a0
0x0000700011bbdb10:   0000700011bbeb90 000000010d033425
0x0000700011bbdb20:   7000000000005355 000039396e696b74
0x0000700011bbdb30:   0000700011bbdbc0 000000010d033014
0x0000700011bbdb40:   3939636e69696473 0000537073006a32
0x0000700011bbdb50:   000000000095a170 0000000000000003
0x0000700011bbdb60:   0000000000000001 000000010edcd9a0
0x0000700011bbdb70:   000000010f4a5924 0000000100000000
0x0000700011bbdb80:   0000700011bbcb60 0000000100000002
0x0000700011bbdb90:   00000000007e7a6a 000000000095a176
0x0000700011bbdba0:   00000000ffffffff 000000000095a177
0x0000700011bbdbb0:   000000019a895000 000000000095a176
0x0000700011bbdbc0:   0000700011bbdc50 000000010d033014
0x0000700011bbdbd0:   0000303970303870 0000000000000000
0x0000700011bbdbe0:   000000000095a175 0000000000000003
0x0000700011bbdbf0:   0000000000000001 000000010edcd9a0
0x0000700011bbdc00:   000000010f4a5924 0000000100000000
0x0000700011bbdc10:   0000700011bbcbf0 0000000100000002
0x0000700011bbdc20:   00000000ffffffff 000000000095a174
0x0000700011bbdc30:   00000000ffffffff 000000000095a175
0x0000700011bbdc40:   000000019a895000 000000000095a176
0x0000700011bbdc50:   0000700011bbdce0 000000010d033014
0x0000700011bbdc60:   0000313870303870 000074706207cb00
0x0000700011bbdc70:   000000000095a173 0000000000000003 

Instructions: (pc=0x000000010ccaa286)
0x000000010ccaa186:   1c 43 eb 0b 48 89 f8 33 d2 48 f7 f1 41 89 c3 49
0x000000010ccaa196:   0f af cb 48 f7 d9 49 8b 91 a0 2d 00 00 48 03 cf
0x000000010ccaa1a6:   4d 8b 91 38 2e 00 00 41 0f af 89 30 2e 00 00 48
0x000000010ccaa1b6:   63 44 b2 fc 4b 03 04 da 4c 8b 5d f0 4c 89 1c 01
0x000000010ccaa1c6:   48 ff c7 49 3b f8 7e 8a 48 89 ec 5d c3 0f 1f 44
0x000000010ccaa1d6:   00 00 0f 1f 84 00 00 00 00 00 55 48 89 e5 48 8b
0x000000010ccaa1e6:   97 18 2e 00 00 48 85 f6 74 22 48 8d 46 01 48 3b
0x000000010ccaa1f6:   c2 73 3d 48 89 87 18 2e 00 00 80 7f 18 00 74 30
0x000000010ccaa206:   48 8d 05 23 b7 7f 02 48 89 30 eb 24 48 85 d2 76
0x000000010ccaa216:   1f 48 c7 87 18 2e 00 00 00 00 00 00 80 7f 18 00
0x000000010ccaa226:   74 0e 48 8d 05 01 b7 7f 02 48 c7 00 00 00 00 00
0x000000010ccaa236:   48 89 ec 5d c3 0f 1f 44 00 00 90 90 90 90 90 90
0x000000010ccaa246:   90 90 90 90 90 90 90 90 90 90 55 48 89 e5 49 89
0x000000010ccaa256:   d1 4c 63 c6 48 8b b7 28 2e 00 00 80 bf 74 2e 00
0x000000010ccaa266:   00 00 74 23 44 89 ca 89 d0 81 e2 ff ff 07 00 c1
0x000000010ccaa276:   f8 13 48 63 c0 48 8b 8f 68 2e 00 00 4c 8b 14 c1
0x000000010ccaa286:   41 0f b7 14 52 eb 0a 4c 89 c8 33 d2 48 f7 f6 89
0x000000010ccaa296:   c2 48 0f af f2 48 8b 8f a0 2d 00 00 4c 2b ce 48
0x000000010ccaa2a6:   8b 87 38 2e 00 00 44 0f af 8f 30 2e 00 00 4a 63
0x000000010ccaa2b6:   4c 81 fc 48 03 0c d0 48 8b 97 b0 2d 00 00 42 0f
0x000000010ccaa2c6:   b7 44 42 fe 05 0a 00 ff ff 83 f8 09 0f 87 dd 01
0x000000010ccaa2d6:   00 00 48 8d 15 85 09 2c 01 0f b7 14 42 48 8d 05
0x000000010ccaa2e6:   05 00 00 00 48 03 c2 ff e0 41 8a 04 09 48 0f be
0x000000010ccaa2f6:   d0 48 8d 05 12 f1 cf 01 3a 10 75 0d 48 8d 05 f7
0x000000010ccaa306:   b2 80 02 f2 0f 10 00 eb 07 0f 57 c0 f2 0f 2a c2
0x000000010ccaa316:   48 89 ec 5d c3 41 0f b7 04 09 48 0f bf d0 48 8d
0x000000010ccaa326:   05 e1 f0 cf 01 3b 10 75 0d 48 8d 05 ca b2 80 02
0x000000010ccaa336:   f2 0f 10 00 eb 07 0f 57 c0 f2 0f 2a c2 48 89 ec
0x000000010ccaa346:   5d c3 41 8b 14 09 48 8d 05 b5 f0 cf 01 3b 10 75
0x000000010ccaa356:   0d 48 8d 05 a2 b2 80 02 f2 0f 10 00 eb 07 0f 57
0x000000010ccaa366:   c0 f2 0f 2a c2 48 89 ec 5d c3 f3 41 0f 10 0c 09
0x000000010ccaa376:   48 8d 05 9b b2 80 02 0f 57 c0 f3 0f 5a c1 0f 2f 


Stack slot to memory mapping:
stack at sp + 0 slots: 
[error occurred during error reporting (inspecting top of stack), id 0xb, SIGSEGV (0xb) at pc=0x0000000119423218]


---------------  P R O C E S S  ---------------

VM state:not at safepoint (normal execution)

VM Mutex/Monitor currently owned by a thread: None

Heap address: 0x0000000780000000, size: 2048 MB, Compressed Oops mode: Zero based, Oop shift amount: 3
Narrow klass base: 0x0000000800000000, Narrow klass shift: 0
Compressed class space size: 1073741824 Address: 0x0000000800000000

Heap:
 garbage-first heap   total 146432K, used 94552K [0x0000000780000000, 0x0000000800000000)
  region size 1024K, 50 young (51200K), 1 survivors (1024K)
 Metaspace       used 16014K, capacity 16420K, committed 16896K, reserved 1064960K
  class space    used 1768K, capacity 1935K, committed 2048K, reserved 1048576K
Heap Regions: E=young(eden), S=young(survivor), O=old, HS=humongous(starts), HC=humongous(continues), CS=collection set, F=free, A=archive, TAMS=top-at-mark-start (previous, next)
|   0|0x0000000780000000, 0x0000000780100000, 0x0000000780100000|100%|HS|  |TAMS 0x0000000780100000, 0x0000000780000000| Complete 
|   1|0x0000000780100000, 0x0000000780200000, 0x0000000780200000|100%| O|  |TAMS 0x0000000780200000, 0x0000000780100000| Untracked 
|   2|0x0000000780200000, 0x0000000780300000, 0x0000000780300000|100%|HS|  |TAMS 0x0000000780300000, 0x0000000780200000| Complete 
|   3|0x0000000780300000, 0x0000000780400000, 0x0000000780400000|100%|HC|  |TAMS 0x0000000780400000, 0x0000000780300000| Complete 
|   4|0x0000000780400000, 0x0000000780500000, 0x0000000780500000|100%| O|  |TAMS 0x0000000780500000, 0x0000000780400000| Untracked 
|   5|0x0000000780500000, 0x00000007805ffff8, 0x0000000780600000| 99%| O|  |TAMS 0x00000007805ffff8, 0x0000000780500000| Untracked 
|   6|0x0000000780600000, 0x00000007806ffff0, 0x0000000780700000| 99%| O|  |TAMS 0x00000007806ffff0, 0x0000000780600000| Untracked 
|   7|0x0000000780700000, 0x0000000780795a88, 0x0000000780800000| 58%| O|  |TAMS 0x0000000780795a88, 0x0000000780700000| Untracked 
|   8|0x0000000780800000, 0x00000007808429b8, 0x0000000780900000| 26%| O|  |TAMS 0x00000007808429b8, 0x0000000780800000| Untracked 
|   9|0x0000000780900000, 0x0000000780a00000, 0x0000000780a00000|100%|HS|  |TAMS 0x0000000780900000, 0x0000000780900000| Complete 
|  10|0x0000000780a00000, 0x0000000780b00000, 0x0000000780b00000|100%|HC|  |TAMS 0x0000000780a00000, 0x0000000780a00000| Complete 
|  11|0x0000000780b00000, 0x0000000780c00000, 0x0000000780c00000|100%|HC|  |TAMS 0x0000000780b00000, 0x0000000780b00000| Complete 
|  12|0x0000000780c00000, 0x0000000780d00000, 0x0000000780d00000|100%|HC|  |TAMS 0x0000000780c00000, 0x0000000780c00000| Complete 
|  13|0x0000000780d00000, 0x0000000780e00000, 0x0000000780e00000|100%|HC|  |TAMS 0x0000000780d00000, 0x0000000780d00000| Complete 
|  14|0x0000000780e00000, 0x0000000780f00000, 0x0000000780f00000|100%| O|  |TAMS 0x0000000780e12200, 0x0000000780e00000| Untracked 
|  15|0x0000000780f00000, 0x0000000781000000, 0x0000000781000000|100%|HS|  |TAMS 0x0000000780f00000, 0x0000000780f00000| Complete 
|  16|0x0000000781000000, 0x0000000781100000, 0x0000000781100000|100%|HC|  |TAMS 0x0000000781000000, 0x0000000781000000| Complete 
|  17|0x0000000781100000, 0x0000000781200000, 0x0000000781200000|100%|HC|  |TAMS 0x0000000781100000, 0x0000000781100000| Complete 
|  18|0x0000000781200000, 0x0000000781300000, 0x0000000781300000|100%|HC|  |TAMS 0x0000000781200000, 0x0000000781200000| Complete 
|  19|0x0000000781300000, 0x0000000781400000, 0x0000000781400000|100%|HC|  |TAMS 0x0000000781300000, 0x0000000781300000| Complete 
|  20|0x0000000781400000, 0x0000000781500000, 0x0000000781500000|100%|HS|  |TAMS 0x0000000781400000, 0x0000000781400000| Complete 
|  21|0x0000000781500000, 0x0000000781600000, 0x0000000781600000|100%|HC|  |TAMS 0x0000000781500000, 0x0000000781500000| Complete 
|  22|0x0000000781600000, 0x0000000781700000, 0x0000000781700000|100%|HC|  |TAMS 0x0000000781600000, 0x0000000781600000| Complete 
|  23|0x0000000781700000, 0x0000000781800000, 0x0000000781800000|100%|HC|  |TAMS 0x0000000781700000, 0x0000000781700000| Complete 
|  24|0x0000000781800000, 0x0000000781900000, 0x0000000781900000|100%|HC|  |TAMS 0x0000000781800000, 0x0000000781800000| Complete 
|  25|0x0000000781900000, 0x0000000781a00000, 0x0000000781a00000|100%|HS|  |TAMS 0x0000000781900000, 0x0000000781900000| Complete 
|  26|0x0000000781a00000, 0x0000000781b00000, 0x0000000781b00000|100%|HC|  |TAMS 0x0000000781a00000, 0x0000000781a00000| Complete 
|  27|0x0000000781b00000, 0x0000000781c00000, 0x0000000781c00000|100%|HC|  |TAMS 0x0000000781b00000, 0x0000000781b00000| Complete 
|  28|0x0000000781c00000, 0x0000000781d00000, 0x0000000781d00000|100%|HC|  |TAMS 0x0000000781c00000, 0x0000000781c00000| Complete 
|  29|0x0000000781d00000, 0x0000000781e00000, 0x0000000781e00000|100%|HC|  |TAMS 0x0000000781d00000, 0x0000000781d00000| Complete 
|  30|0x0000000781e00000, 0x0000000781f00000, 0x0000000781f00000|100%|HS|  |TAMS 0x0000000781e00000, 0x0000000781e00000| Complete 
|  31|0x0000000781f00000, 0x0000000782000000, 0x0000000782000000|100%|HC|  |TAMS 0x0000000781f00000, 0x0000000781f00000| Complete 
|  32|0x0000000782000000, 0x0000000782100000, 0x0000000782100000|100%|HC|  |TAMS 0x0000000782000000, 0x0000000782000000| Complete 
|  33|0x0000000782100000, 0x0000000782200000, 0x0000000782200000|100%|HC|  |TAMS 0x0000000782100000, 0x0000000782100000| Complete 
|  34|0x0000000782200000, 0x0000000782300000, 0x0000000782300000|100%|HC|  |TAMS 0x0000000782200000, 0x0000000782200000| Complete 
|  35|0x0000000782300000, 0x000000078234f600, 0x0000000782400000| 31%| O|  |TAMS 0x0000000782300000, 0x0000000782300000| Untracked 
|  36|0x0000000782400000, 0x0000000782500000, 0x0000000782500000|100%|HS|  |TAMS 0x0000000782400000, 0x0000000782400000| Complete 
|  37|0x0000000782500000, 0x0000000782600000, 0x0000000782600000|100%|HC|  |TAMS 0x0000000782500000, 0x0000000782500000| Complete 
|  38|0x0000000782600000, 0x0000000782700000, 0x0000000782700000|100%|HC|  |TAMS 0x0000000782600000, 0x0000000782600000| Complete 
|  39|0x0000000782700000, 0x0000000782800000, 0x0000000782800000|100%|HC|  |TAMS 0x0000000782700000, 0x0000000782700000| Complete 
|  40|0x0000000782800000, 0x0000000782900000, 0x0000000782900000|100%|HC|  |TAMS 0x0000000782800000, 0x0000000782800000| Complete 
|  41|0x0000000782900000, 0x0000000782a00000, 0x0000000782a00000|100%|HS|  |TAMS 0x0000000782900000, 0x0000000782900000| Complete 
|  42|0x0000000782a00000, 0x0000000782b00000, 0x0000000782b00000|100%|HC|  |TAMS 0x0000000782a00000, 0x0000000782a00000| Complete 
|  43|0x0000000782b00000, 0x0000000782c00000, 0x0000000782c00000|100%|HC|  |TAMS 0x0000000782b00000, 0x0000000782b00000| Complete 
|  44|0x0000000782c00000, 0x0000000782d00000, 0x0000000782d00000|100%|HC|  |TAMS 0x0000000782c00000, 0x0000000782c00000| Complete 
|  45|0x0000000782d00000, 0x0000000782e00000, 0x0000000782e00000|100%|HC|  |TAMS 0x0000000782d00000, 0x0000000782d00000| Complete 
|  46|0x0000000782e00000, 0x0000000782e00000, 0x0000000782f00000|  0%| F|  |TAMS 0x0000000782e00000, 0x0000000782e00000| Untracked 
|  47|0x0000000782f00000, 0x0000000782f00000, 0x0000000783000000|  0%| F|  |TAMS 0x0000000782f00000, 0x0000000782f00000| Untracked 
|  48|0x0000000783000000, 0x0000000783000000, 0x0000000783100000|  0%| F|  |TAMS 0x0000000783000000, 0x0000000783000000| Untracked 
|  49|0x0000000783100000, 0x0000000783100000, 0x0000000783200000|  0%| F|  |TAMS 0x0000000783100000, 0x0000000783100000| Untracked 
|  50|0x0000000783200000, 0x0000000783200000, 0x0000000783300000|  0%| F|  |TAMS 0x0000000783200000, 0x0000000783200000| Untracked 
|  51|0x0000000783300000, 0x0000000783300000, 0x0000000783400000|  0%| F|  |TAMS 0x0000000783300000, 0x0000000783300000| Untracked 
|  52|0x0000000783400000, 0x0000000783400000, 0x0000000783500000|  0%| F|  |TAMS 0x0000000783400000, 0x0000000783400000| Untracked 
|  53|0x0000000783500000, 0x0000000783500000, 0x0000000783600000|  0%| F|  |TAMS 0x0000000783500000, 0x0000000783500000| Untracked 
|  54|0x0000000783600000, 0x0000000783600000, 0x0000000783700000|  0%| F|  |TAMS 0x0000000783600000, 0x0000000783600000| Untracked 
|  55|0x0000000783700000, 0x0000000783700000, 0x0000000783800000|  0%| F|  |TAMS 0x0000000783700000, 0x0000000783700000| Untracked 
|  56|0x0000000783800000, 0x0000000783800000, 0x0000000783900000|  0%| F|  |TAMS 0x0000000783800000, 0x0000000783800000| Untracked 
|  57|0x0000000783900000, 0x0000000783900000, 0x0000000783a00000|  0%| F|  |TAMS 0x0000000783900000, 0x0000000783900000| Untracked 
|  58|0x0000000783a00000, 0x0000000783a00000, 0x0000000783b00000|  0%| F|  |TAMS 0x0000000783a00000, 0x0000000783a00000| Untracked 
|  59|0x0000000783b00000, 0x0000000783b00000, 0x0000000783c00000|  0%| F|  |TAMS 0x0000000783b00000, 0x0000000783b00000| Untracked 
|  60|0x0000000783c00000, 0x0000000783c00000, 0x0000000783d00000|  0%| F|  |TAMS 0x0000000783c00000, 0x0000000783c00000| Untracked 
|  61|0x0000000783d00000, 0x0000000783d00000, 0x0000000783e00000|  0%| F|  |TAMS 0x0000000783d00000, 0x0000000783d00000| Untracked 
|  62|0x0000000783e00000, 0x0000000783e2e668, 0x0000000783f00000| 18%| S|CS|TAMS 0x0000000783e00000, 0x0000000783e00000| Complete 
|  63|0x0000000783f00000, 0x0000000783f00000, 0x0000000784000000|  0%| F|  |TAMS 0x0000000783f00000, 0x0000000783f00000| Untracked 
|  64|0x0000000784000000, 0x0000000784000000, 0x0000000784100000|  0%| F|  |TAMS 0x0000000784000000, 0x0000000784000000| Untracked 
|  65|0x0000000784100000, 0x0000000784100000, 0x0000000784200000|  0%| F|  |TAMS 0x0000000784100000, 0x0000000784100000| Untracked 
|  66|0x0000000784200000, 0x0000000784200000, 0x0000000784300000|  0%| F|  |TAMS 0x0000000784200000, 0x0000000784200000| Untracked 
|  67|0x0000000784300000, 0x0000000784300000, 0x0000000784400000|  0%| F|  |TAMS 0x0000000784300000, 0x0000000784300000| Untracked 
|  68|0x0000000784400000, 0x0000000784400000, 0x0000000784500000|  0%| F|  |TAMS 0x0000000784400000, 0x0000000784400000| Untracked 
|  69|0x0000000784500000, 0x0000000784500000, 0x0000000784600000|  0%| F|  |TAMS 0x0000000784500000, 0x0000000784500000| Untracked 
|  70|0x0000000784600000, 0x0000000784600000, 0x0000000784700000|  0%| F|  |TAMS 0x0000000784600000, 0x0000000784600000| Untracked 
|  71|0x0000000784700000, 0x0000000784700000, 0x0000000784800000|  0%| F|  |TAMS 0x0000000784700000, 0x0000000784700000| Untracked 
|  72|0x0000000784800000, 0x0000000784800000, 0x0000000784900000|  0%| F|  |TAMS 0x0000000784800000, 0x0000000784800000| Untracked 
|  73|0x0000000784900000, 0x0000000784900000, 0x0000000784a00000|  0%| F|  |TAMS 0x0000000784900000, 0x0000000784900000| Untracked 
|  74|0x0000000784a00000, 0x0000000784a00000, 0x0000000784b00000|  0%| F|  |TAMS 0x0000000784a00000, 0x0000000784a00000| Untracked 
|  75|0x0000000784b00000, 0x0000000784b00000, 0x0000000784c00000|  0%| F|  |TAMS 0x0000000784b00000, 0x0000000784b00000| Untracked 
|  76|0x0000000784c00000, 0x0000000784c00000, 0x0000000784d00000|  0%| F|  |TAMS 0x0000000784c00000, 0x0000000784c00000| Untracked 
|  77|0x0000000784d00000, 0x0000000784d00000, 0x0000000784e00000|  0%| F|  |TAMS 0x0000000784d00000, 0x0000000784d00000| Untracked 
|  78|0x0000000784e00000, 0x0000000784e00000, 0x0000000784f00000|  0%| F|  |TAMS 0x0000000784e00000, 0x0000000784e00000| Untracked 
|  79|0x0000000784f00000, 0x0000000784f00000, 0x0000000785000000|  0%| F|  |TAMS 0x0000000784f00000, 0x0000000784f00000| Untracked 
|  80|0x0000000785000000, 0x0000000785000000, 0x0000000785100000|  0%| F|  |TAMS 0x0000000785000000, 0x0000000785000000| Untracked 
|  81|0x0000000785100000, 0x0000000785100000, 0x0000000785200000|  0%| F|  |TAMS 0x0000000785100000, 0x0000000785100000| Untracked 
|  82|0x0000000785200000, 0x0000000785200000, 0x0000000785300000|  0%| F|  |TAMS 0x0000000785200000, 0x0000000785200000| Untracked 
|  83|0x0000000785300000, 0x0000000785300000, 0x0000000785400000|  0%| F|  |TAMS 0x0000000785300000, 0x0000000785300000| Untracked 
|  84|0x0000000785400000, 0x0000000785400000, 0x0000000785500000|  0%| F|  |TAMS 0x0000000785400000, 0x0000000785400000| Untracked 
|  85|0x0000000785500000, 0x0000000785500000, 0x0000000785600000|  0%| F|  |TAMS 0x0000000785500000, 0x0000000785500000| Untracked 
|  86|0x0000000785600000, 0x0000000785600000, 0x0000000785700000|  0%| F|  |TAMS 0x0000000785600000, 0x0000000785600000| Untracked 
|  87|0x0000000785700000, 0x0000000785700000, 0x0000000785800000|  0%| F|  |TAMS 0x0000000785700000, 0x0000000785700000| Untracked 
|  88|0x0000000785800000, 0x0000000785800000, 0x0000000785900000|  0%| F|  |TAMS 0x0000000785800000, 0x0000000785800000| Untracked 
|  89|0x0000000785900000, 0x0000000785900000, 0x0000000785a00000|  0%| F|  |TAMS 0x0000000785900000, 0x0000000785900000| Untracked 
|  90|0x0000000785a00000, 0x0000000785a00000, 0x0000000785b00000|  0%| F|  |TAMS 0x0000000785a00000, 0x0000000785a00000| Untracked 
|  91|0x0000000785b00000, 0x0000000785b00000, 0x0000000785c00000|  0%| F|  |TAMS 0x0000000785b00000, 0x0000000785b00000| Untracked 
|  92|0x0000000785c00000, 0x0000000785c00000, 0x0000000785d00000|  0%| F|  |TAMS 0x0000000785c00000, 0x0000000785c00000| Untracked 
|  93|0x0000000785d00000, 0x0000000785d00000, 0x0000000785e00000|  0%| F|  |TAMS 0x0000000785d00000, 0x0000000785d00000| Untracked 
|  94|0x0000000785e00000, 0x0000000785e80800, 0x0000000785f00000| 50%| E|  |TAMS 0x0000000785e00000, 0x0000000785e00000| Complete 
|  95|0x0000000785f00000, 0x0000000786000000, 0x0000000786000000|100%| E|CS|TAMS 0x0000000785f00000, 0x0000000785f00000| Complete 
|  96|0x0000000786000000, 0x0000000786100000, 0x0000000786100000|100%| E|CS|TAMS 0x0000000786000000, 0x0000000786000000| Complete 
|  97|0x0000000786100000, 0x0000000786200000, 0x0000000786200000|100%| E|CS|TAMS 0x0000000786100000, 0x0000000786100000| Complete 
|  98|0x0000000786200000, 0x0000000786300000, 0x0000000786300000|100%| E|CS|TAMS 0x0000000786200000, 0x0000000786200000| Complete 
|  99|0x0000000786300000, 0x0000000786400000, 0x0000000786400000|100%| E|CS|TAMS 0x0000000786300000, 0x0000000786300000| Complete 
| 100|0x0000000786400000, 0x0000000786500000, 0x0000000786500000|100%| E|CS|TAMS 0x0000000786400000, 0x0000000786400000| Complete 
| 101|0x0000000786500000, 0x0000000786600000, 0x0000000786600000|100%| E|CS|TAMS 0x0000000786500000, 0x0000000786500000| Complete 
| 102|0x0000000786600000, 0x0000000786700000, 0x0000000786700000|100%| E|CS|TAMS 0x0000000786600000, 0x0000000786600000| Complete 
| 103|0x0000000786700000, 0x0000000786800000, 0x0000000786800000|100%| E|CS|TAMS 0x0000000786700000, 0x0000000786700000| Complete 
| 104|0x0000000786800000, 0x0000000786900000, 0x0000000786900000|100%| E|CS|TAMS 0x0000000786800000, 0x0000000786800000| Complete 
| 105|0x0000000786900000, 0x0000000786a00000, 0x0000000786a00000|100%| E|CS|TAMS 0x0000000786900000, 0x0000000786900000| Complete 
| 106|0x0000000786a00000, 0x0000000786b00000, 0x0000000786b00000|100%| E|CS|TAMS 0x0000000786a00000, 0x0000000786a00000| Complete 
| 107|0x0000000786b00000, 0x0000000786c00000, 0x0000000786c00000|100%| E|CS|TAMS 0x0000000786b00000, 0x0000000786b00000| Complete 
| 108|0x0000000786c00000, 0x0000000786d00000, 0x0000000786d00000|100%| E|CS|TAMS 0x0000000786c00000, 0x0000000786c00000| Complete 
| 109|0x0000000786d00000, 0x0000000786e00000, 0x0000000786e00000|100%| E|CS|TAMS 0x0000000786d00000, 0x0000000786d00000| Complete 
| 110|0x0000000786e00000, 0x0000000786f00000, 0x0000000786f00000|100%| E|CS|TAMS 0x0000000786e00000, 0x0000000786e00000| Complete 
| 111|0x0000000786f00000, 0x0000000787000000, 0x0000000787000000|100%| E|CS|TAMS 0x0000000786f00000, 0x0000000786f00000| Complete 
| 112|0x0000000787000000, 0x0000000787100000, 0x0000000787100000|100%| E|CS|TAMS 0x0000000787000000, 0x0000000787000000| Complete 
| 113|0x0000000787100000, 0x0000000787200000, 0x0000000787200000|100%| E|CS|TAMS 0x0000000787100000, 0x0000000787100000| Complete 
| 114|0x0000000787200000, 0x0000000787300000, 0x0000000787300000|100%| E|CS|TAMS 0x0000000787200000, 0x0000000787200000| Complete 
| 115|0x0000000787300000, 0x0000000787400000, 0x0000000787400000|100%| E|CS|TAMS 0x0000000787300000, 0x0000000787300000| Complete 
| 116|0x0000000787400000, 0x0000000787500000, 0x0000000787500000|100%| E|CS|TAMS 0x0000000787400000, 0x0000000787400000| Complete 
| 117|0x0000000787500000, 0x0000000787600000, 0x0000000787600000|100%| E|CS|TAMS 0x0000000787500000, 0x0000000787500000| Complete 
| 118|0x0000000787600000, 0x0000000787700000, 0x0000000787700000|100%| E|CS|TAMS 0x0000000787600000, 0x0000000787600000| Complete 
| 119|0x0000000787700000, 0x0000000787800000, 0x0000000787800000|100%| E|CS|TAMS 0x0000000787700000, 0x0000000787700000| Complete 
| 120|0x0000000787800000, 0x0000000787900000, 0x0000000787900000|100%| E|CS|TAMS 0x0000000787800000, 0x0000000787800000| Complete 
| 121|0x0000000787900000, 0x0000000787a00000, 0x0000000787a00000|100%| E|CS|TAMS 0x0000000787900000, 0x0000000787900000| Complete 
| 122|0x0000000787a00000, 0x0000000787b00000, 0x0000000787b00000|100%| E|CS|TAMS 0x0000000787a00000, 0x0000000787a00000| Complete 
| 123|0x0000000787b00000, 0x0000000787c00000, 0x0000000787c00000|100%| E|CS|TAMS 0x0000000787b00000, 0x0000000787b00000| Complete 
| 124|0x0000000787c00000, 0x0000000787d00000, 0x0000000787d00000|100%| E|CS|TAMS 0x0000000787c00000, 0x0000000787c00000| Complete 
| 125|0x0000000787d00000, 0x0000000787e00000, 0x0000000787e00000|100%| E|CS|TAMS 0x0000000787d00000, 0x0000000787d00000| Complete 
| 126|0x0000000787e00000, 0x0000000787f00000, 0x0000000787f00000|100%| E|CS|TAMS 0x0000000787e00000, 0x0000000787e00000| Complete 
| 127|0x0000000787f00000, 0x0000000788000000, 0x0000000788000000|100%| E|CS|TAMS 0x0000000787f00000, 0x0000000787f00000| Complete 
| 128|0x0000000788000000, 0x0000000788100000, 0x0000000788100000|100%| E|CS|TAMS 0x0000000788000000, 0x0000000788000000| Complete 
| 129|0x0000000788100000, 0x0000000788200000, 0x0000000788200000|100%| E|CS|TAMS 0x0000000788100000, 0x0000000788100000| Complete 
| 130|0x0000000788200000, 0x0000000788300000, 0x0000000788300000|100%| E|CS|TAMS 0x0000000788200000, 0x0000000788200000| Complete 
| 131|0x0000000788300000, 0x0000000788400000, 0x0000000788400000|100%| E|CS|TAMS 0x0000000788300000, 0x0000000788300000| Complete 
| 132|0x0000000788400000, 0x0000000788500000, 0x0000000788500000|100%| E|CS|TAMS 0x0000000788400000, 0x0000000788400000| Complete 
| 133|0x0000000788500000, 0x0000000788600000, 0x0000000788600000|100%| E|CS|TAMS 0x0000000788500000, 0x0000000788500000| Complete 
| 134|0x0000000788600000, 0x0000000788700000, 0x0000000788700000|100%| E|CS|TAMS 0x0000000788600000, 0x0000000788600000| Complete 
| 135|0x0000000788700000, 0x0000000788800000, 0x0000000788800000|100%| E|CS|TAMS 0x0000000788700000, 0x0000000788700000| Complete 
| 136|0x0000000788800000, 0x0000000788900000, 0x0000000788900000|100%| E|CS|TAMS 0x0000000788800000, 0x0000000788800000| Complete 
| 137|0x0000000788900000, 0x0000000788a00000, 0x0000000788a00000|100%| E|CS|TAMS 0x0000000788900000, 0x0000000788900000| Complete 
| 138|0x0000000788a00000, 0x0000000788b00000, 0x0000000788b00000|100%| E|CS|TAMS 0x0000000788a00000, 0x0000000788a00000| Complete 
| 139|0x0000000788b00000, 0x0000000788c00000, 0x0000000788c00000|100%| E|CS|TAMS 0x0000000788b00000, 0x0000000788b00000| Complete 
| 140|0x0000000788c00000, 0x0000000788d00000, 0x0000000788d00000|100%| E|CS|TAMS 0x0000000788c00000, 0x0000000788c00000| Complete 
| 141|0x0000000788d00000, 0x0000000788e00000, 0x0000000788e00000|100%| E|CS|TAMS 0x0000000788d00000, 0x0000000788d00000| Complete 
| 142|0x0000000788e00000, 0x0000000788f00000, 0x0000000788f00000|100%| E|CS|TAMS 0x0000000788e00000, 0x0000000788e00000| Complete 

Card table byte_map: [0x000000012f986000,0x000000012fd86000] _byte_map_base: 0x000000012bd86000

Marking Bits (Prev, Next): (CMBitMap*) 0x00007fa89294d650, (CMBitMap*) 0x00007fa89294d618
 Prev Bits: [0x0000000132186000, 0x0000000134186000)
 Next Bits: [0x0000000130186000, 0x0000000132186000)

Polling page: 0x000000011a361000

Metaspace:

Usage:
  Non-class:     14.15 MB capacity,    13.91 MB ( 98%) used,   213.13 KB (  1%) free+waste,    26.50 KB ( <1%) overhead. 
      Class:      1.89 MB capacity,     1.73 MB ( 91%) used,   153.39 KB (  8%) free+waste,    12.69 KB ( <1%) overhead. 
       Both:     16.04 MB capacity,    15.64 MB ( 98%) used,   366.52 KB (  2%) free+waste,    39.19 KB ( <1%) overhead. 

Virtual space:
  Non-class space:       16.00 MB reserved,      14.50 MB ( 91%) committed 
      Class space:        1.00 GB reserved,       2.00 MB ( <1%) committed 
             Both:        1.02 GB reserved,      16.50 MB (  2%) committed 

Chunk freelists:
   Non-Class:  147.00 KB
       Class:  49.00 KB
        Both:  196.00 KB

MaxMetaspaceSize: unlimited
CompressedClassSpaceSize: 1.00 GB

CodeHeap 'non-profiled nmethods': size=120032Kb used=859Kb max_used=951Kb free=119172Kb
 bounds [0x0000000127a69000, 0x0000000127cd9000, 0x000000012efa1000]
CodeHeap 'profiled nmethods': size=120028Kb used=2437Kb max_used=3533Kb free=117590Kb
 bounds [0x0000000120532000, 0x00000001208b2000, 0x0000000127a69000]
CodeHeap 'non-nmethods': size=5700Kb used=1150Kb max_used=1176Kb free=4549Kb
 bounds [0x000000011ffa1000, 0x0000000120211000, 0x0000000120532000]
 total_blobs=2982 nmethods=1408 adapters=404
 compilation: enabled
              stopped_count=0, restarted_count=0
 full_count=0

Compilation events (20 events):
Event: 5751.223 Thread 0x00007fa893ae4000 1759       4       java.lang.String::startsWith (138 bytes)
Event: 5751.228 Thread 0x00007fa893adf000 1761       3       jdk.internal.ref.CleanerImpl::getCleanerImpl (13 bytes)
Event: 5751.229 Thread 0x00007fa893adf000 nmethod 1761 0x0000000120544790 code [0x0000000120544960, 0x0000000120544c88]
Event: 5751.229 Thread 0x00007fa893adf000 1762       3       java.lang.ref.Cleaner$1::apply (9 bytes)
Event: 5751.229 Thread 0x00007fa893adf000 nmethod 1762 0x000000012054f190 code [0x000000012054f360, 0x000000012054f630]
Event: 5751.229 Thread 0x00007fa893adf000 1763       3       java.lang.ref.Cleaner$1::apply (5 bytes)
Event: 5751.229 Thread 0x00007fa893adf000 nmethod 1763 0x0000000120534e10 code [0x0000000120534fc0, 0x0000000120535130]
Event: 5751.230 Thread 0x00007fa893ae4000 nmethod 1759 0x0000000127afb010 code [0x0000000127afb1a0, 0x0000000127afb3b8]
Event: 6284.727 Thread 0x00007fa893ae4000 1765 %     4       com.stata.plugins.imports.PreProcessInfo::initializeTrackingLists @ 91 (165 bytes)
Event: 6284.736 Thread 0x00007fa893ae4000 nmethod 1765% 0x0000000127afa110 code [0x0000000127afa2e0, 0x0000000127afa778]
Event: 6285.700 Thread 0x00007fa893ae4000 1766       4       java.lang.ref.Reference::reachabilityFence (1 bytes)
Event: 6285.700 Thread 0x00007fa893adf000 1767       3       com.stata.plugins.imports.PreProcessInfo::getStTypeSzAtAvg (31 bytes)
Event: 6285.700 Thread 0x00007fa893ae4000 nmethod 1766 0x0000000127aa0310 code [0x0000000127aa04a0, 0x0000000127aa04d8]
Event: 6285.700 Thread 0x00007fa893adf000 nmethod 1767 0x000000012054eb10 code [0x000000012054ece0, 0x000000012054efe8]
Event: 6285.700 Thread 0x00007fa893adf000 1768       3       com.stata.plugins.imports.StImportDelimited::isGoodStrlType (21 bytes)
Event: 6285.701 Thread 0x00007fa893adf000 nmethod 1768 0x000000012054e510 code [0x000000012054e6e0, 0x000000012054e908]
Event: 6286.182 Thread 0x00007fa893adf000 1769       3       jdk.internal.math.FDBigInteger::leftShift (395 bytes)
Event: 6286.183 Thread 0x00007fa893adf000 nmethod 1769 0x0000000120569690 code [0x0000000120569920, 0x000000012056a988]
Event: 6288.827 Thread 0x00007fa893ae4000 1770       4       com.stata.plugins.imports.PreProcessInfo::initializeTrackingLists (165 bytes)
Event: 6288.858 Thread 0x00007fa893ae4000 nmethod 1770 0x0000000127b23010 code [0x0000000127b23220, 0x0000000127b24508]

GC Heap History (20 events):
Event: 6286.486 GC heap before
{Heap before GC invocations=316 (full 3):
 garbage-first heap   total 146432K, used 127313K [0x0000000780000000, 0x0000000800000000)
  region size 1024K, 81 young (82944K), 1 survivors (1024K)
 Metaspace       used 16014K, capacity 16420K, committed 16896K, reserved 1064960K
  class space    used 1768K, capacity 1935K, committed 2048K, reserved 1048576K
}
Event: 6286.486 GC heap after
{Heap after GC invocations=317 (full 3):
 garbage-first heap   total 146432K, used 45395K [0x0000000780000000, 0x0000000800000000)
  region size 1024K, 1 young (1024K), 1 survivors (1024K)
 Metaspace       used 16014K, capacity 16420K, committed 16896K, reserved 1064960K
  class space    used 1768K, capacity 1935K, committed 2048K, reserved 1048576K
}
Event: 6286.687 GC heap before
{Heap before GC invocations=317 (full 3):
 garbage-first heap   total 146432K, used 127315K [0x0000000780000000, 0x0000000800000000)
  region size 1024K, 81 young (82944K), 1 survivors (1024K)
 Metaspace       used 16014K, capacity 16420K, committed 16896K, reserved 1064960K
  class space    used 1768K, capacity 1935K, committed 2048K, reserved 1048576K
}
Event: 6286.688 GC heap after
{Heap after GC invocations=318 (full 3):
 garbage-first heap   total 146432K, used 45393K [0x0000000780000000, 0x0000000800000000)
  region size 1024K, 1 young (1024K), 1 survivors (1024K)
 Metaspace       used 16014K, capacity 16420K, committed 16896K, reserved 1064960K
  class space    used 1768K, capacity 1935K, committed 2048K, reserved 1048576K
}
Event: 6288.927 GC heap before
{Heap before GC invocations=318 (full 3):
 garbage-first heap   total 146432K, used 132433K [0x0000000780000000, 0x0000000800000000)
  region size 1024K, 81 young (82944K), 1 survivors (1024K)
 Metaspace       used 16014K, capacity 16420K, committed 16896K, reserved 1064960K
  class space    used 1768K, capacity 1935K, committed 2048K, reserved 1048576K
}
Event: 6288.928 GC heap after
{Heap after GC invocations=319 (full 3):
 garbage-first heap   total 146432K, used 45395K [0x0000000780000000, 0x0000000800000000)
  region size 1024K, 1 young (1024K), 1 survivors (1024K)
 Metaspace       used 16014K, capacity 16420K, committed 16896K, reserved 1064960K
  class space    used 1768K, capacity 1935K, committed 2048K, reserved 1048576K
}
Event: 6289.161 GC heap before
{Heap before GC invocations=319 (full 3):
 garbage-first heap   total 146432K, used 127315K [0x0000000780000000, 0x0000000800000000)
  region size 1024K, 81 young (82944K), 1 survivors (1024K)
 Metaspace       used 16014K, capacity 16420K, committed 16896K, reserved 1064960K
  class space    used 1768K, capacity 1935K, committed 2048K, reserved 1048576K
}
Event: 6289.161 GC heap after
{Heap after GC invocations=320 (full 3):
 garbage-first heap   total 146432K, used 45395K [0x0000000780000000, 0x0000000800000000)
  region size 1024K, 1 young (1024K), 1 survivors (1024K)
 Metaspace       used 16014K, capacity 16420K, committed 16896K, reserved 1064960K
  class space    used 1768K, capacity 1935K, committed 2048K, reserved 1048576K
}
Event: 6289.348 GC heap before
{Heap before GC invocations=320 (full 3):
 garbage-first heap   total 146432K, used 127315K [0x0000000780000000, 0x0000000800000000)
  region size 1024K, 81 young (82944K), 1 survivors (1024K)
 Metaspace       used 16014K, capacity 16420K, committed 16896K, reserved 1064960K
  class space    used 1768K, capacity 1935K, committed 2048K, reserved 1048576K
}
Event: 6289.349 GC heap after
{Heap after GC invocations=321 (full 3):
 garbage-first heap   total 146432K, used 45395K [0x0000000780000000, 0x0000000800000000)
  region size 1024K, 1 young (1024K), 1 survivors (1024K)
 Metaspace       used 16014K, capacity 16420K, committed 16896K, reserved 1064960K
  class space    used 1768K, capacity 1935K, committed 2048K, reserved 1048576K
}
Event: 6289.531 GC heap before
{Heap before GC invocations=321 (full 3):
 garbage-first heap   total 146432K, used 127315K [0x0000000780000000, 0x0000000800000000)
  region size 1024K, 81 young (82944K), 1 survivors (1024K)
 Metaspace       used 16014K, capacity 16420K, committed 16896K, reserved 1064960K
  class space    used 1768K, capacity 1935K, committed 2048K, reserved 1048576K
}
Event: 6289.531 GC heap after
{Heap after GC invocations=322 (full 3):
 garbage-first heap   total 146432K, used 45395K [0x0000000780000000, 0x0000000800000000)
  region size 1024K, 1 young (1024K), 1 survivors (1024K)
 Metaspace       used 16014K, capacity 16420K, committed 16896K, reserved 1064960K
  class space    used 1768K, capacity 1935K, committed 2048K, reserved 1048576K
}
Event: 6289.714 GC heap before
{Heap before GC invocations=322 (full 3):
 garbage-first heap   total 146432K, used 127315K [0x0000000780000000, 0x0000000800000000)
  region size 1024K, 81 young (82944K), 1 survivors (1024K)
 Metaspace       used 16014K, capacity 16420K, committed 16896K, reserved 1064960K
  class space    used 1768K, capacity 1935K, committed 2048K, reserved 1048576K
}
Event: 6289.715 GC heap after
{Heap after GC invocations=323 (full 3):
 garbage-first heap   total 146432K, used 45400K [0x0000000780000000, 0x0000000800000000)
  region size 1024K, 1 young (1024K), 1 survivors (1024K)
 Metaspace       used 16014K, capacity 16420K, committed 16896K, reserved 1064960K
  class space    used 1768K, capacity 1935K, committed 2048K, reserved 1048576K
}
Event: 6289.909 GC heap before
{Heap before GC invocations=323 (full 3):
 garbage-first heap   total 146432K, used 127320K [0x0000000780000000, 0x0000000800000000)
  region size 1024K, 81 young (82944K), 1 survivors (1024K)
 Metaspace       used 16014K, capacity 16420K, committed 16896K, reserved 1064960K
  class space    used 1768K, capacity 1935K, committed 2048K, reserved 1048576K
}
Event: 6289.909 GC heap after
{Heap after GC invocations=324 (full 3):
 garbage-first heap   total 146432K, used 45400K [0x0000000780000000, 0x0000000800000000)
  region size 1024K, 1 young (1024K), 1 survivors (1024K)
 Metaspace       used 16014K, capacity 16420K, committed 16896K, reserved 1064960K
  class space    used 1768K, capacity 1935K, committed 2048K, reserved 1048576K
}
Event: 6290.098 GC heap before
{Heap before GC invocations=324 (full 3):
 garbage-first heap   total 146432K, used 127320K [0x0000000780000000, 0x0000000800000000)
  region size 1024K, 81 young (82944K), 1 survivors (1024K)
 Metaspace       used 16014K, capacity 16420K, committed 16896K, reserved 1064960K
  class space    used 1768K, capacity 1935K, committed 2048K, reserved 1048576K
}
Event: 6290.098 GC heap after
{Heap after GC invocations=325 (full 3):
 garbage-first heap   total 146432K, used 45400K [0x0000000780000000, 0x0000000800000000)
  region size 1024K, 1 young (1024K), 1 survivors (1024K)
 Metaspace       used 16014K, capacity 16420K, committed 16896K, reserved 1064960K
  class space    used 1768K, capacity 1935K, committed 2048K, reserved 1048576K
}
Event: 6290.283 GC heap before
{Heap before GC invocations=325 (full 3):
 garbage-first heap   total 146432K, used 127320K [0x0000000780000000, 0x0000000800000000)
  region size 1024K, 81 young (82944K), 1 survivors (1024K)
 Metaspace       used 16014K, capacity 16420K, committed 16896K, reserved 1064960K
  class space    used 1768K, capacity 1935K, committed 2048K, reserved 1048576K
}
Event: 6290.283 GC heap after
{Heap after GC invocations=326 (full 3):
 garbage-first heap   total 146432K, used 45400K [0x0000000780000000, 0x0000000800000000)
  region size 1024K, 1 young (1024K), 1 survivors (1024K)
 Metaspace       used 16014K, capacity 16420K, committed 16896K, reserved 1064960K
  class space    used 1768K, capacity 1935K, committed 2048K, reserved 1048576K
}

Deoptimization events (20 events):
Event: 3400.370 Thread 0x00007fa8921f6800 DEOPT PACKING pc=0x0000000120539635 sp=0x00007ffee3363600
Event: 3400.370 Thread 0x00007fa8921f6800 DEOPT UNPACKING pc=0x000000011ffc97ba sp=0x00007ffee3362ae0 mode 0
Event: 3400.370 Thread 0x00007fa8921f6800 DEOPT PACKING pc=0x0000000120539635 sp=0x00007ffee3363600
Event: 3400.370 Thread 0x00007fa8921f6800 DEOPT UNPACKING pc=0x000000011ffc97ba sp=0x00007ffee3362ae0 mode 0
Event: 3451.168 Thread 0x00007fa8921f6800 Uncommon trap: trap_request=0xffffff4d fr.pc=0x0000000127b217f8 relative=0x0000000000002298
Event: 3451.168 Thread 0x00007fa8921f6800 Uncommon trap: reason=unstable_if action=reinterpret pc=0x0000000127b217f8 method=com.stata.plugins.imports.CSVReader.preProcessFile()I @ 87 c2
Event: 3451.168 Thread 0x00007fa8921f6800 DEOPT PACKING pc=0x0000000127b217f8 sp=0x00007ffee3363740
Event: 3451.168 Thread 0x00007fa8921f6800 DEOPT UNPACKING pc=0x000000011ffc99a5 sp=0x00007ffee3363710 mode 2
Event: 3452.045 Thread 0x00007fa8921f6800 DEOPT PACKING pc=0x0000000120543425 sp=0x00007ffee33632d0
Event: 3452.045 Thread 0x00007fa8921f6800 DEOPT UNPACKING pc=0x000000011ffc97ba sp=0x00007ffee3362870 mode 0
Event: 3913.472 Thread 0x00007fa8921f6800 DEOPT PACKING pc=0x00000001206d5e5d sp=0x00007ffee3363030
Event: 3913.472 Thread 0x00007fa8921f6800 DEOPT UNPACKING pc=0x000000011ffc97ba sp=0x00007ffee33624b0 mode 0
Event: 3913.729 Thread 0x00007fa8921f6800 DEOPT PACKING pc=0x00000001207dc86f sp=0x00007ffee3363640
Event: 3913.729 Thread 0x00007fa8921f6800 DEOPT UNPACKING pc=0x000000011ffc97ba sp=0x00007ffee3362c08 mode 0
Event: 3914.037 Thread 0x00007fa8921f6800 DEOPT PACKING pc=0x00000001207dc86f sp=0x00007ffee3363640
Event: 3914.037 Thread 0x00007fa8921f6800 DEOPT UNPACKING pc=0x000000011ffc97ba sp=0x00007ffee3362c08 mode 0
Event: 3914.115 Thread 0x00007fa8921f6800 DEOPT PACKING pc=0x00000001207dc86f sp=0x00007ffee3363640
Event: 3914.115 Thread 0x00007fa8921f6800 DEOPT UNPACKING pc=0x000000011ffc97ba sp=0x00007ffee3362c08 mode 0
Event: 6288.827 Thread 0x00007fa8921f6800 DEOPT PACKING pc=0x000000012054392e sp=0x00007ffee3363b40
Event: 6288.827 Thread 0x00007fa8921f6800 DEOPT UNPACKING pc=0x000000011ffc97ba sp=0x00007ffee3363010 mode 0

Classes redefined (0 events):
No events

Internal exceptions (16 events):
Event: 0.368 Thread 0x00007fa8971d8800 Exception <a 'java/lang/NoSuchMethodError'{0x000000078f980768}: 'int java.lang.invoke.DirectMethodHandle$Holder.invokeSpecialIFC(java.lang.Object, java.lang.Object, int)'> (0x000000078f980768) thrown at [/Users/tester/jenkins/workspace/zulu11-build-macos/
Event: 0.391 Thread 0x00007fa8971d8800 Exception <a 'java/lang/NoSuchMethodError'{0x000000078f9a7b18}: 'int java.lang.invoke.DirectMethodHandle$Holder.invokeStaticInit(java.lang.Object, java.lang.Object, java.lang.Object, java.lang.Object)'> (0x000000078f9a7b18) thrown at [/Users/tester/jenkin
Event: 0.393 Thread 0x00007fa8971d8800 Exception <a 'java/lang/IncompatibleClassChangeError'{0x000000078f9b1af8}: Found class java.lang.Object, but interface was expected> (0x000000078f9b1af8) thrown at [/Users/tester/jenkins/workspace/zulu11-build-macos/zulu-src/src/hotspot/share/interpreter/
Event: 0.394 Thread 0x00007fa8971d8800 Exception <a 'java/lang/NoSuchMethodError'{0x000000078f9b4fc0}: 'void java.lang.invoke.DirectMethodHandle$Holder.invokeStaticInit(java.lang.Object, java.lang.Object)'> (0x000000078f9b4fc0) thrown at [/Users/tester/jenkins/workspace/zulu11-build-macos/zulu
Event: 0.396 Thread 0x00007fa8971d8800 Exception <a 'java/lang/NoSuchMethodError'{0x000000078f9bb178}: 'int java.lang.invoke.DirectMethodHandle$Holder.invokeStaticInit(java.lang.Object, java.lang.Object)'> (0x000000078f9bb178) thrown at [/Users/tester/jenkins/workspace/zulu11-build-macos/zulu-
Event: 9.110 Thread 0x00007fa8921f6800 Exception <a 'java/lang/ClassNotFoundException'{0x000000078eab2e90}: sun/awt/resources/spi/awtProvider> (0x000000078eab2e90) thrown at [/Users/tester/jenkins/workspace/zulu11-build-macos/zulu-src/src/hotspot/share/classfile/systemDictionary.cpp, line 234]
Event: 9.186 Thread 0x00007fa8921f6800 Exception <a 'java/io/FileNotFoundException'{0x000000078e93e228}> (0x000000078e93e228) thrown at [/Users/tester/jenkins/workspace/zulu11-build-macos/zulu-src/src/hotspot/share/prims/jni.cpp, line 615]
Event: 9.194 Thread 0x00007fa8921f6800 Exception <a 'java/lang/NoSuchMethodError'{0x000000078e998ff8}: 'java.lang.Object java.lang.invoke.DirectMethodHandle$Holder.invokeStatic(java.lang.Object, java.lang.Object, java.lang.Object, java.lang.Object, java.lang.Object, java.lang.Object, java.lang
Event: 9.195 Thread 0x00007fa8921f6800 Exception <a 'java/lang/NoSuchMethodError'{0x000000078e9a6ba8}: 'java.lang.Object java.lang.invoke.DirectMethodHandle$Holder.invokeStatic(java.lang.Object, java.lang.Object, java.lang.Object, java.lang.Object, java.lang.Object, java.lang.Object, java.lang
Event: 9.196 Thread 0x00007fa8921f6800 Exception <a 'java/lang/NoSuchMethodError'{0x000000078e9b4818}: 'java.lang.Object java.lang.invoke.DirectMethodHandle$Holder.invokeSpecial(java.lang.Object, java.lang.Object, int, int, java.lang.Object, java.lang.Object, java.lang.Object)'> (0x000000078e9
Event: 9.196 Thread 0x00007fa8921f6800 Exception <a 'java/lang/NoSuchMethodError'{0x000000078e9b7da8}: 'java.lang.Object java.lang.invoke.DelegatingMethodHandle$Holder.reinvoke_L(java.lang.Object, int, int, java.lang.Object, java.lang.Object, java.lang.Object)'> (0x000000078e9b7da8) thrown at 
Event: 9.197 Thread 0x00007fa8921f6800 Exception <a 'java/lang/NoSuchMethodError'{0x000000078e9bbe88}: 'java.lang.Object java.lang.invoke.DirectMethodHandle$Holder.invokeStatic(java.lang.Object, java.lang.Object, java.lang.Object, java.lang.Object, int)'> (0x000000078e9bbe88) thrown at [/Users
Event: 9.203 Thread 0x00007fa8921f6800 Exception <a 'java/io/FileNotFoundException'{0x000000078e81eda0}> (0x000000078e81eda0) thrown at [/Users/tester/jenkins/workspace/zulu11-build-macos/zulu-src/src/hotspot/share/prims/jni.cpp, line 615]
Event: 9.209 Thread 0x00007fa8921f6800 Exception <a 'java/lang/ClassNotFoundException'{0x000000078e8206a0}: sun/awt/resources/spi/awtosxProvider> (0x000000078e8206a0) thrown at [/Users/tester/jenkins/workspace/zulu11-build-macos/zulu-src/src/hotspot/share/classfile/systemDictionary.cpp, line 2
Event: 9.244 Thread 0x00007fa8921f6800 Exception <a 'java/lang/NoSuchMethodError'{0x000000078e853d10}: 'java.lang.Object java.lang.invoke.DirectMethodHandle$Holder.invokeStatic(java.lang.Object, java.lang.Object, java.lang.Object, java.lang.Object, java.lang.Object, java.lang.Object, java.lang
Event: 9.246 Thread 0x00007fa8921f6800 Exception <a 'java/lang/NoSuchMethodError'{0x000000078e86ddf0}: 'java.lang.Object java.lang.invoke.DirectMethodHandle$Holder.invokeStatic(java.lang.Object, java.lang.Object, java.lang.Object, java.lang.Object, java.lang.Object, java.lang.Object, java.lang

Events (20 events):
Event: 6286.486 Executing VM operation: G1CollectForAllocation
Event: 6286.486 Executing VM operation: G1CollectForAllocation done
Event: 6286.687 Executing VM operation: G1CollectForAllocation
Event: 6286.688 Executing VM operation: G1CollectForAllocation done
Event: 6288.927 Executing VM operation: G1CollectForAllocation
Event: 6288.928 Executing VM operation: G1CollectForAllocation done
Event: 6289.160 Executing VM operation: G1CollectForAllocation
Event: 6289.161 Executing VM operation: G1CollectForAllocation done
Event: 6289.348 Executing VM operation: G1CollectForAllocation
Event: 6289.349 Executing VM operation: G1CollectForAllocation done
Event: 6289.531 Executing VM operation: G1CollectForAllocation
Event: 6289.531 Executing VM operation: G1CollectForAllocation done
Event: 6289.714 Executing VM operation: G1CollectForAllocation
Event: 6289.715 Executing VM operation: G1CollectForAllocation done
Event: 6289.909 Executing VM operation: G1CollectForAllocation
Event: 6289.909 Executing VM operation: G1CollectForAllocation done
Event: 6290.098 Executing VM operation: G1CollectForAllocation
Event: 6290.098 Executing VM operation: G1CollectForAllocation done
Event: 6290.282 Executing VM operation: G1CollectForAllocation
Event: 6290.283 Executing VM operation: G1CollectForAllocation done


Dynamic libraries:
0x000000010f8a0000 	/Applications/Stata/StataMP.app/Contents/Frameworks/Scintilla.framework/Versions/A/Scintilla
0x00007fff2e0ef000 	/System/Library/Frameworks/ApplicationServices.framework/Versions/A/ApplicationServices
0x00007fff2f185000 	/System/Library/Frameworks/Cocoa.framework/Versions/A/Cocoa
0x00007fff3bb5f000 	/System/Library/Frameworks/QuartzCore.framework/Versions/A/QuartzCore
0x00007fff3c962000 	/System/Library/Frameworks/Security.framework/Versions/A/Security
0x00007fff3ccac000 	/System/Library/Frameworks/SecurityFoundation.framework/Versions/A/SecurityFoundation
0x00007fff3da12000 	/System/Library/Frameworks/SystemConfiguration.framework/Versions/A/SystemConfiguration
0x00007fff672b6000 	/usr/lib/libc++.1.dylib
0x00007fff6950c000 	/usr/lib/libz.1.dylib
0x00007fff66fd0000 	/usr/lib/libSystem.B.dylib
0x00007fff2d2e0000 	/System/Library/Frameworks/AppKit.framework/Versions/C/AppKit
0x00007fff30020000 	/System/Library/Frameworks/CoreFoundation.framework/Versions/A/CoreFoundation
0x00007fff304a1000 	/System/Library/Frameworks/CoreGraphics.framework/Versions/A/CoreGraphics
0x00007fff31408000 	/System/Library/Frameworks/CoreServices.framework/Versions/A/CoreServices
0x00007fff31e7a000 	/System/Library/Frameworks/CoreText.framework/Versions/A/CoreText
0x00007fff326d6000 	/System/Library/Frameworks/Foundation.framework/Versions/C/Foundation
0x00007fff68e30000 	/usr/lib/libobjc.A.dylib
0x00007fff2fb09000 	/System/Library/Frameworks/CoreData.framework/Versions/A/CoreData
0x00007fff60ff1000 	/System/Library/PrivateFrameworks/UIFoundation.framework/Versions/A/UIFoundation
0x00007fff5c09f000 	/System/Library/PrivateFrameworks/RemoteViewServices.framework/Versions/A/RemoteViewServices
0x00007fff63b45000 	/System/Library/PrivateFrameworks/XCTTargetBootstrap.framework/Versions/A/XCTTargetBootstrap
0x00007fff2fef4000 	/System/Library/Frameworks/CoreDisplay.framework/Versions/A/CoreDisplay
0x00007fff3558f000 	/System/Library/Frameworks/Metal.framework/Versions/A/Metal
0x00007fff4a0f8000 	/System/Library/PrivateFrameworks/DesktopServicesPriv.framework/Versions/A/DesktopServicesPriv
0x00007fff6810d000 	/usr/lib/liblangid.dylib
0x00007fff49391000 	/System/Library/PrivateFrameworks/CoreSVG.framework/Versions/A/CoreSVG
0x00007fff5f1f5000 	/System/Library/PrivateFrameworks/SkyLight.framework/Versions/A/SkyLight
0x00007fff2bcb4000 	/System/Library/Frameworks/Accelerate.framework/Versions/A/Accelerate
0x00007fff693fd000 	/usr/lib/libxml2.2.dylib
0x00007fff55051000 	/System/Library/PrivateFrameworks/IconServices.framework/Versions/A/IconServices
0x00007fff32eb5000 	/System/Library/Frameworks/IOSurface.framework/Versions/A/IOSurface
0x00007fff66afa000 	/usr/lib/libDiagnosticMessagesClient.dylib
0x00007fff49f52000 	/System/Library/PrivateFrameworks/DFRFoundation.framework/Versions/A/DFRFoundation
0x00007fff67e9c000 	/usr/lib/libicucore.A.dylib
0x00007fff2e421000 	/System/Library/Frameworks/AudioToolbox.framework/Versions/A/AudioToolbox
0x00007fff2e504000 	/System/Library/Frameworks/AudioUnit.framework/Versions/A/AudioUnit
0x00007fff671d2000 	/usr/lib/libauto.dylib
0x00007fff49ff4000 	/System/Library/PrivateFrameworks/DataDetectorsCore.framework/Versions/A/DataDetectorsCore
0x00007fff2eca6000 	/System/Library/Frameworks/Carbon.framework/Versions/A/Frameworks/HIToolbox.framework/Versions/A/HIToolbox
0x00007fff2efe5000 	/System/Library/Frameworks/Carbon.framework/Versions/A/Frameworks/SpeechRecognition.framework/Versions/A/SpeechRecognition
0x00007fff49a69000 	/System/Library/PrivateFrameworks/CoreUI.framework/Versions/A/CoreUI
0x00007fff2f574000 	/System/Library/Frameworks/CoreAudio.framework/Versions/A/CoreAudio
0x00007fff3239b000 	/System/Library/Frameworks/DiskArbitration.framework/Versions/A/DiskArbitration
0x00007fff5709e000 	/System/Library/PrivateFrameworks/MultitouchSupport.framework/Versions/A/MultitouchSupport
0x00007fff67d63000 	/usr/lib/libenergytrace.dylib
0x00007fff32e0f000 	/System/Library/Frameworks/IOKit.framework/Versions/A/IOKit
0x00007fff59235000 	/System/Library/PrivateFrameworks/PerformanceAnalysis.framework/Versions/A/PerformanceAnalysis
0x00007fff3ab92000 	/System/Library/Frameworks/OpenGL.framework/Versions/A/OpenGL
0x00007fff2f193000 	/System/Library/Frameworks/ColorSync.framework/Versions/A/ColorSync
0x00007fff30b23000 	/System/Library/Frameworks/CoreImage.framework/Versions/A/CoreImage
0x00007fff32f45000 	/System/Library/Frameworks/ImageIO.framework/Versions/A/ImageIO
0x00007fff67332000 	/usr/lib/libcompression.dylib
0x00007fff66e3e000 	/usr/lib/libMobileGestalt.dylib
0x00007fff60d6a000 	/System/Library/PrivateFrameworks/TextureIO.framework/Versions/A/TextureIO
0x00007fff67135000 	/usr/lib/libate.dylib
0x00007fff5525a000 	/System/Library/PrivateFrameworks/InternationalSupport.framework/Versions/A/InternationalSupport
0x00007fff69dcc000 	/usr/lib/system/libcache.dylib
0x00007fff69dd2000 	/usr/lib/system/libcommonCrypto.dylib
0x00007fff69dde000 	/usr/lib/system/libcompiler_rt.dylib
0x00007fff69de6000 	/usr/lib/system/libcopyfile.dylib
0x00007fff69df0000 	/usr/lib/system/libcorecrypto.dylib
0x00007fff69f8f000 	/usr/lib/system/libdispatch.dylib
0x00007fff69fd0000 	/usr/lib/system/libdyld.dylib
0x00007fff6a007000 	/usr/lib/system/libkeymgr.dylib
0x00007fff6a015000 	/usr/lib/system/liblaunch.dylib
0x00007fff6a016000 	/usr/lib/system/libmacho.dylib
0x00007fff6a01c000 	/usr/lib/system/libquarantine.dylib
0x00007fff6a01f000 	/usr/lib/system/libremovefile.dylib
0x00007fff6a021000 	/usr/lib/system/libsystem_asl.dylib
0x00007fff6a039000 	/usr/lib/system/libsystem_blocks.dylib
0x00007fff6a03a000 	/usr/lib/system/libsystem_c.dylib
0x00007fff6a0c2000 	/usr/lib/system/libsystem_configuration.dylib
0x00007fff6a0c6000 	/usr/lib/system/libsystem_coreservices.dylib
0x00007fff6a0ca000 	/usr/lib/system/libsystem_darwin.dylib
0x00007fff6a0d3000 	/usr/lib/system/libsystem_dnssd.dylib
0x00007fff6a0db000 	/usr/lib/system/libsystem_featureflags.dylib
0x00007fff6a0dd000 	/usr/lib/system/libsystem_info.dylib
0x00007fff6a158000 	/usr/lib/system/libsystem_m.dylib
0x00007fff6a1a0000 	/usr/lib/system/libsystem_malloc.dylib
0x00007fff6a1c8000 	/usr/lib/system/libsystem_networkextension.dylib
0x00007fff6a1d6000 	/usr/lib/system/libsystem_notify.dylib
0x00007fff6a1f4000 	/usr/lib/system/libsystem_sandbox.dylib
0x00007fff6a1f9000 	/usr/lib/system/libsystem_secinit.dylib
0x00007fff6a12b000 	/usr/lib/system/libsystem_kernel.dylib
0x00007fff6a1e0000 	/usr/lib/system/libsystem_platform.dylib
0x00007fff6a1e9000 	/usr/lib/system/libsystem_pthread.dylib
0x00007fff6a1fc000 	/usr/lib/system/libsystem_symptoms.dylib
0x00007fff6a204000 	/usr/lib/system/libsystem_trace.dylib
0x00007fff6a21c000 	/usr/lib/system/libunwind.dylib
0x00007fff6a222000 	/usr/lib/system/libxpc.dylib
0x00007fff67309000 	/usr/lib/libc++abi.dylib
0x00007fff6810f000 	/usr/lib/liblzma.5.dylib
0x00007fff67d8a000 	/usr/lib/libfakelink.dylib
0x00007fff670c2000 	/usr/lib/libarchive.2.dylib
0x00007fff66a2d000 	/usr/lib/libCRFSuite.dylib
0x00007fff2e897000 	/System/Library/Frameworks/CFNetwork.framework/Versions/A/CFNetwork
0x00007fff67298000 	/usr/lib/libbsm.0.dylib
0x00007fff6a008000 	/usr/lib/system/libkxld.dylib
0x00007fff43927000 	/System/Library/PrivateFrameworks/AppleFSCompression.framework/Versions/A/AppleFSCompression
0x00007fff67623000 	/usr/lib/libcoretls.dylib
0x00007fff6763a000 	/usr/lib/libcoretls_cfhelpers.dylib
0x00007fff68e76000 	/usr/lib/libpam.2.dylib
0x00007fff68fab000 	/usr/lib/libsqlite3.dylib
0x00007fff693ea000 	/usr/lib/libxar.1.dylib
0x00007fff672a9000 	/usr/lib/libbz2.1.0.dylib
0x00007fff67dab000 	/usr/lib/libiconv.2.dylib
0x00007fff6731f000 	/usr/lib/libcharset.1.dylib
0x00007fff68915000 	/usr/lib/libnetwork.dylib
0x00007fff68e7d000 	/usr/lib/libpcap.A.dylib
0x00007fff67077000 	/usr/lib/libapple_nghttp2.dylib
0x00007fff317bf000 	/System/Library/Frameworks/CoreServices.framework/Versions/A/Frameworks/FSEvents.framework/Versions/A/FSEvents
0x00007fff3148f000 	/System/Library/Frameworks/CoreServices.framework/Versions/A/Frameworks/CarbonCore.framework/Versions/A/CarbonCore
0x00007fff31a02000 	/System/Library/Frameworks/CoreServices.framework/Versions/A/Frameworks/Metadata.framework/Versions/A/Metadata
0x00007fff31a9b000 	/System/Library/Frameworks/CoreServices.framework/Versions/A/Frameworks/OSServices.framework/Versions/A/OSServices
0x00007fff31ac9000 	/System/Library/Frameworks/CoreServices.framework/Versions/A/Frameworks/SearchKit.framework/Versions/A/SearchKit
0x00007fff31409000 	/System/Library/Frameworks/CoreServices.framework/Versions/A/Frameworks/AE.framework/Versions/A/AE
0x00007fff317c8000 	/System/Library/Frameworks/CoreServices.framework/Versions/A/Frameworks/LaunchServices.framework/Versions/A/LaunchServices
0x00007fff31771000 	/System/Library/Frameworks/CoreServices.framework/Versions/A/Frameworks/DictionaryServices.framework/Versions/A/DictionaryServices
0x00007fff31b31000 	/System/Library/Frameworks/CoreServices.framework/Versions/A/Frameworks/SharedFileList.framework/Versions/A/SharedFileList
0x00007fff369b2000 	/System/Library/Frameworks/NetFS.framework/Versions/A/NetFS
0x00007fff575cd000 	/System/Library/PrivateFrameworks/NetAuth.framework/Versions/A/NetAuth
0x00007fff63f12000 	/System/Library/PrivateFrameworks/login.framework/Versions/A/Frameworks/loginsupport.framework/Versions/A/loginsupport
0x00007fff60837000 	/System/Library/PrivateFrameworks/TCC.framework/Versions/A/TCC
0x00007fff48504000 	/System/Library/PrivateFrameworks/CoreNLP.framework/Versions/A/CoreNLP
0x00007fff56acc000 	/System/Library/PrivateFrameworks/MetadataUtilities.framework/Versions/A/MetadataUtilities
0x00007fff681e7000 	/usr/lib/libmecabra.dylib
0x00007fff6813f000 	/usr/lib/libmecab.dylib
0x00007fff67d9b000 	/usr/lib/libgermantok.dylib
0x00007fff6705e000 	/usr/lib/libThaiTokenizer.dylib
0x00007fff66a64000 	/usr/lib/libChineseTokenizer.dylib
0x00007fff2bccc000 	/System/Library/Frameworks/Accelerate.framework/Versions/A/Frameworks/vImage.framework/Versions/A/vImage
0x00007fff2d136000 	/System/Library/Frameworks/Accelerate.framework/Versions/A/Frameworks/vecLib.framework/Versions/A/vecLib
0x00007fff2d073000 	/System/Library/Frameworks/Accelerate.framework/Versions/A/Frameworks/vecLib.framework/Versions/A/libvMisc.dylib
0x00007fff2ce9b000 	/System/Library/Frameworks/Accelerate.framework/Versions/A/Frameworks/vecLib.framework/Versions/A/libvDSP.dylib
0x00007fff2c323000 	/System/Library/Frameworks/Accelerate.framework/Versions/A/Frameworks/vecLib.framework/Versions/A/libBLAS.dylib
0x00007fff2ca5f000 	/System/Library/Frameworks/Accelerate.framework/Versions/A/Frameworks/vecLib.framework/Versions/A/libLAPACK.dylib
0x00007fff2cdfb000 	/System/Library/Frameworks/Accelerate.framework/Versions/A/Frameworks/vecLib.framework/Versions/A/libLinearAlgebra.dylib
0x00007fff2ce88000 	/System/Library/Frameworks/Accelerate.framework/Versions/A/Frameworks/vecLib.framework/Versions/A/libSparseBLAS.dylib
0x00007fff2ce11000 	/System/Library/Frameworks/Accelerate.framework/Versions/A/Frameworks/vecLib.framework/Versions/A/libQuadrature.dylib
0x00007fff2c58b000 	/System/Library/Frameworks/Accelerate.framework/Versions/A/Frameworks/vecLib.framework/Versions/A/libBNNS.dylib
0x00007fff2ce17000 	/System/Library/Frameworks/Accelerate.framework/Versions/A/Frameworks/vecLib.framework/Versions/A/libSparse.dylib
0x00007fff55642000 	/System/Library/PrivateFrameworks/LanguageModeling.framework/Versions/A/LanguageModeling
0x00007fff47eb4000 	/System/Library/PrivateFrameworks/CoreEmoji.framework/Versions/A/CoreEmoji
0x00007fff55760000 	/System/Library/PrivateFrameworks/LinguisticData.framework/Versions/A/LinguisticData
0x00007fff55711000 	/System/Library/PrivateFrameworks/Lexicon.framework/Versions/A/Lexicon
0x00007fff67320000 	/usr/lib/libcmph.dylib
0x00007fff395a0000 	/System/Library/Frameworks/OpenDirectory.framework/Versions/A/Frameworks/CFOpenDirectory.framework/Versions/A/CFOpenDirectory
0x00007fff395bd000 	/System/Library/Frameworks/OpenDirectory.framework/Versions/A/OpenDirectory
0x00007fff419dd000 	/System/Library/PrivateFrameworks/APFS.framework/Versions/A/APFS
0x00007fff693e6000 	/usr/lib/libutil.dylib
0x00007fff493e9000 	/System/Library/PrivateFrameworks/CoreServicesStore.framework/Versions/A/CoreServicesStore
0x00007fff3cd63000 	/System/Library/Frameworks/ServiceManagement.framework/Versions/A/ServiceManagement
0x00007fff450f5000 	/System/Library/PrivateFrameworks/BackgroundTaskManagement.framework/Versions/A/BackgroundTaskManagement
0x00007fff694e3000 	/usr/lib/libxslt.1.dylib
0x00007fff43f99000 	/System/Library/PrivateFrameworks/AppleSystemInfo.framework/Versions/A/AppleSystemInfo
0x00007fff33160000 	/System/Library/Frameworks/ImageIO.framework/Versions/A/Resources/libJPEG.dylib
0x00007fff3341c000 	/System/Library/Frameworks/ImageIO.framework/Versions/A/Resources/libTIFF.dylib
0x00007fff333ff000 	/System/Library/Frameworks/ImageIO.framework/Versions/A/Resources/libPng.dylib
0x00007fff330a2000 	/System/Library/Frameworks/ImageIO.framework/Versions/A/Resources/libGIF.dylib
0x00007fff330a6000 	/System/Library/Frameworks/ImageIO.framework/Versions/A/Resources/libJP2.dylib
0x00007fff3341a000 	/System/Library/Frameworks/ImageIO.framework/Versions/A/Resources/libRadiance.dylib
0x00007fff67d64000 	/usr/lib/libexpat.1.dylib
0x00007fff43a82000 	/System/Library/PrivateFrameworks/AppleJPEG.framework/Versions/A/AppleJPEG
0x00007fff4c6c4000 	/System/Library/PrivateFrameworks/FontServices.framework/libFontParser.dylib
0x00007fff62f18000 	/System/Library/PrivateFrameworks/WatchdogClient.framework/Versions/A/WatchdogClient
0x00007fff54c9e000 	/System/Library/PrivateFrameworks/IOAccelerator.framework/Versions/A/IOAccelerator
0x00007fff3592a000 	/System/Library/Frameworks/MetalPerformanceShaders.framework/Versions/A/MetalPerformanceShaders
0x00007fff51437000 	/System/Library/PrivateFrameworks/GPUWrangler.framework/Versions/A/GPUWrangler
0x00007fff54cb3000 	/System/Library/PrivateFrameworks/IOPresentment.framework/Versions/A/IOPresentment
0x00007fff49f65000 	/System/Library/PrivateFrameworks/DSExternalDisplay.framework/Versions/A/DSExternalDisplay
0x00007fff39f31000 	/System/Library/Frameworks/OpenGL.framework/Versions/A/Libraries/libCoreFSCache.dylib
0x00007fff35676000 	/System/Library/Frameworks/MetalPerformanceShaders.framework/Frameworks/MPSCore.framework/Versions/A/MPSCore
0x00007fff356b4000 	/System/Library/Frameworks/MetalPerformanceShaders.framework/Frameworks/MPSImage.framework/Versions/A/MPSImage
0x00007fff3577b000 	/System/Library/Frameworks/MetalPerformanceShaders.framework/Frameworks/MPSNeuralNetwork.framework/Versions/A/MPSNeuralNetwork
0x00007fff3573f000 	/System/Library/Frameworks/MetalPerformanceShaders.framework/Frameworks/MPSMatrix.framework/Versions/A/MPSMatrix
0x00007fff358da000 	/System/Library/Frameworks/MetalPerformanceShaders.framework/Frameworks/MPSRayIntersector.framework/Versions/A/MPSRayIntersector
0x00007fff35765000 	/System/Library/Frameworks/MetalPerformanceShaders.framework/Frameworks/MPSNDArray.framework/Versions/A/MPSNDArray
0x00007fff56b19000 	/System/Library/PrivateFrameworks/MetalTools.framework/Versions/A/MetalTools
0x00007fff42baf000 	/System/Library/PrivateFrameworks/AggregateDictionary.framework/Versions/A/AggregateDictionary
0x00007fff4790e000 	/System/Library/PrivateFrameworks/CoreAnalytics.framework/Versions/A/CoreAnalytics
0x00007fff43eb8000 	/System/Library/PrivateFrameworks/AppleSauce.framework/Versions/A/AppleSauce
0x00007fff66d20000 	/usr/lib/libIOReport.dylib
0x00007fff32032000 	/System/Library/Frameworks/CoreVideo.framework/Versions/A/CoreVideo
0x00007fff528b1000 	/System/Library/PrivateFrameworks/GraphVisualizer.framework/Versions/A/GraphVisualizer
0x00007fff4bc18000 	/System/Library/PrivateFrameworks/FaceCore.framework/Versions/A/FaceCore
0x00007fff39547000 	/System/Library/Frameworks/OpenCL.framework/Versions/A/OpenCL
0x00007fff66b42000 	/usr/lib/libFosl_dynamic.dylib
0x00007fff57fe2000 	/System/Library/PrivateFrameworks/OTSVG.framework/Versions/A/OTSVG
0x00007fff2e1f4000 	/System/Library/Frameworks/ApplicationServices.framework/Versions/A/Frameworks/ATS.framework/Versions/A/Resources/libFontRegistry.dylib
0x00007fff4c895000 	/System/Library/PrivateFrameworks/FontServices.framework/libhvf.dylib
0x00007fff39f3c000 	/System/Library/Frameworks/OpenGL.framework/Versions/A/Libraries/libGFXShared.dylib
0x00007fff3a11a000 	/System/Library/Frameworks/OpenGL.framework/Versions/A/Libraries/libGLU.dylib
0x00007fff39f45000 	/System/Library/Frameworks/OpenGL.framework/Versions/A/Libraries/libGL.dylib
0x00007fff39f50000 	/System/Library/Frameworks/OpenGL.framework/Versions/A/Libraries/libGLImage.dylib
0x00007fff39f2e000 	/System/Library/Frameworks/OpenGL.framework/Versions/A/Libraries/libCVMSPluginSupport.dylib
0x00007fff39f37000 	/System/Library/Frameworks/OpenGL.framework/Versions/A/Libraries/libCoreVMClient.dylib
0x00007fff687b6000 	/usr/lib/libncurses.5.4.dylib
0x00007fff2e0f0000 	/System/Library/Frameworks/ApplicationServices.framework/Versions/A/Frameworks/ATS.framework/Versions/A/ATS
0x00007fff2e2bd000 	/System/Library/Frameworks/ApplicationServices.framework/Versions/A/Frameworks/ColorSyncLegacy.framework/Versions/A/ColorSyncLegacy
0x00007fff2e35b000 	/System/Library/Frameworks/ApplicationServices.framework/Versions/A/Frameworks/HIServices.framework/Versions/A/HIServices
0x00007fff2e3b3000 	/System/Library/Frameworks/ApplicationServices.framework/Versions/A/Frameworks/LangAnalysis.framework/Versions/A/LangAnalysis
0x00007fff2e3c2000 	/System/Library/Frameworks/ApplicationServices.framework/Versions/A/Frameworks/PrintCore.framework/Versions/A/PrintCore
0x00007fff2e408000 	/System/Library/Frameworks/ApplicationServices.framework/Versions/A/Frameworks/QD.framework/Versions/A/QD
0x00007fff2e413000 	/System/Library/Frameworks/ApplicationServices.framework/Versions/A/Frameworks/SpeechSynthesis.framework/Versions/A/SpeechSynthesis
0x00007fff2e28d000 	/System/Library/Frameworks/ApplicationServices.framework/Versions/A/Frameworks/ATSUI.framework/Versions/A/ATSUI
0x00007fff67bf8000 	/usr/lib/libcups.2.dylib
0x00007fff349c7000 	/System/Library/Frameworks/Kerberos.framework/Versions/A/Kerberos
0x00007fff32b08000 	/System/Library/Frameworks/GSS.framework/Versions/A/GSS
0x00007fff68f37000 	/usr/lib/libresolv.9.dylib
0x00007fff52a5f000 	/System/Library/PrivateFrameworks/Heimdal.framework/Versions/A/Heimdal
0x00007fff349da000 	/System/Library/Frameworks/Kerberos.framework/Versions/A/Libraries/libHeimdalProxy.dylib
0x00007fff67da1000 	/usr/lib/libheimdal-asn1.dylib
0x00007fff46da7000 	/System/Library/PrivateFrameworks/CommonAuth.framework/Versions/A/CommonAuth
0x00007fff44036000 	/System/Library/PrivateFrameworks/AssertionServices.framework/Versions/A/AssertionServices
0x00007fff44bd8000 	/System/Library/PrivateFrameworks/AudioToolboxCore.framework/Versions/A/AudioToolboxCore
0x00007fff63bc2000 	/System/Library/PrivateFrameworks/caulk.framework/Versions/A/caulk
0x00007fff451a1000 	/System/Library/PrivateFrameworks/BaseBoard.framework/Versions/A/BaseBoard
0x00007fff5c22d000 	/System/Library/PrivateFrameworks/RunningBoardServices.framework/Versions/A/RunningBoardServices
0x00007fff59241000 	/System/Library/PrivateFrameworks/PersistentConnection.framework/Versions/A/PersistentConnection
0x00007fff5bc27000 	/System/Library/PrivateFrameworks/ProtocolBuffer.framework/Versions/A/ProtocolBuffer
0x00007fff46dcb000 	/System/Library/PrivateFrameworks/CommonUtilities.framework/Versions/A/CommonUtilities
0x00007fff4532f000 	/System/Library/PrivateFrameworks/Bom.framework/Versions/A/Bom
0x00007fff669f3000 	/usr/lib/libAudioToolboxUtility.dylib
0x00007fff450ff000 	/System/Library/PrivateFrameworks/Backup.framework/Versions/A/Backup
0x00007fff49e86000 	/System/Library/PrivateFrameworks/CrashReporterSupport.framework/Versions/A/CrashReporterSupport
0x00007fff5dcbb000 	/System/Library/PrivateFrameworks/Sharing.framework/Versions/A/Sharing
0x00007fff43645000 	/System/Library/PrivateFrameworks/Apple80211.framework/Versions/A/Apple80211
0x00007fff44e1c000 	/System/Library/PrivateFrameworks/AuthKit.framework/Versions/A/AuthKit
0x00007fff49b96000 	/System/Library/PrivateFrameworks/CoreUtils.framework/Versions/A/CoreUtils
0x00007fff32077000 	/System/Library/Frameworks/CoreWLAN.framework/Versions/A/CoreWLAN
0x00007fff32c95000 	/System/Library/Frameworks/IOBluetooth.framework/Versions/A/IOBluetooth
0x00007fff56e1d000 	/System/Library/PrivateFrameworks/MobileKeyBag.framework/Versions/A/MobileKeyBag
0x00007fff4899c000 	/System/Library/PrivateFrameworks/CorePhoneNumbers.framework/Versions/A/CorePhoneNumbers
0x00007fff43a35000 	/System/Library/PrivateFrameworks/AppleIDAuthSupport.framework/Versions/A/AppleIDAuthSupport
0x00007fff369bf000 	/System/Library/Frameworks/Network.framework/Versions/A/Network
0x00007fff554ee000 	/System/Library/PrivateFrameworks/KeychainCircle.framework/Versions/A/KeychainCircle
0x00007fff2fad0000 	/System/Library/Frameworks/CoreBluetooth.framework/Versions/A/CoreBluetooth
0x00007fff5fd38000 	/System/Library/PrivateFrameworks/SpeechRecognitionCore.framework/Versions/A/SpeechRecognitionCore
0x00007fff493b5000 	/System/Library/PrivateFrameworks/CoreServicesInternal.framework/Versions/A/CoreServicesInternal
0x00007fff32593000 	/System/Library/Frameworks/FileProvider.framework/Versions/A/FileProvider
0x00007fff2d137000 	/System/Library/Frameworks/Accounts.framework/Versions/A/Accounts
0x00007fff5175c000 	/System/Library/PrivateFrameworks/GenerationalStorage.framework/Versions/A/GenerationalStorage
0x00007fff4993b000 	/System/Library/PrivateFrameworks/CoreSymbolication.framework/Versions/A/CoreSymbolication
0x00007fff60578000 	/System/Library/PrivateFrameworks/SymptomDiagnosticReporter.framework/Versions/A/SymptomDiagnosticReporter
0x00007fff4314a000 	/System/Library/PrivateFrameworks/AppContainer.framework/Versions/A/AppContainer
0x00007fff68f51000 	/usr/lib/libsandbox.1.dylib
0x00007fff61ebc000 	/System/Library/PrivateFrameworks/UserManagement.framework/Versions/A/UserManagement
0x00007fff45ee7000 	/System/Library/PrivateFrameworks/ChunkingLibrary.framework/Versions/A/ChunkingLibrary
0x00007fff4a0ba000 	/System/Library/PrivateFrameworks/DebugSymbols.framework/Versions/A/DebugSymbols
0x00007fff431bc000 	/System/Library/PrivateFrameworks/AppSandbox.framework/Versions/A/AppSandbox
0x00007fff5db45000 	/System/Library/PrivateFrameworks/SecCodeWrapper.framework/Versions/A/SecCodeWrapper
0x00007fff66e08000 	/usr/lib/libMatch.1.dylib
0x000000011260d000 	/usr/lib/libobjc-trampolines.dylib
0x00007fff4c7fc000 	/System/Library/PrivateFrameworks/FontServices.framework/libTrueTypeScaler.dylib
0x00007fff2bcb5000 	/System/Library/Frameworks/Accelerate.framework/Versions/A/Frameworks/vImage.framework/Versions/A/Libraries/libCGInterfaces.dylib
0x00007fff230a0000 	/System/Library/CoreServices/RawCamera.bundle/Contents/MacOS/RawCamera
0x00007fff56c47000 	/System/Library/PrivateFrameworks/MobileAsset.framework/Versions/A/MobileAsset
0x00007fff60420000 	/System/Library/PrivateFrameworks/StreamingZip.framework/Versions/A/StreamingZip
0x00007fff34e42000 	/System/Library/Frameworks/MediaToolbox.framework/Versions/A/MediaToolbox
0x00007fff478be000 	/System/Library/PrivateFrameworks/CoreAVCHD.framework/Versions/A/CoreAVCHD
0x00007fff34d6c000 	/System/Library/Frameworks/MediaAccessibility.framework/Versions/A/MediaAccessibility
0x00007fff55ffd000 	/System/Library/PrivateFrameworks/Mangrove.framework/Versions/A/Mangrove
0x00007fff3123f000 	/System/Library/Frameworks/CoreMedia.framework/Versions/A/CoreMedia
0x00007fff56269000 	/System/Library/PrivateFrameworks/MediaExperience.framework/Versions/A/MediaExperience
0x00007fff3dcff000 	/System/Library/Frameworks/VideoToolbox.framework/Versions/A/VideoToolbox
0x00007fff474e8000 	/System/Library/PrivateFrameworks/CoreAUC.framework/Versions/A/CoreAUC
0x00007fff68fa9000 	/usr/lib/libspindump.dylib
0x00007fff44587000 	/System/Library/PrivateFrameworks/AudioResourceArbitration.framework/Versions/A/AudioResourceArbitration
0x00007fff43f9d000 	/System/Library/PrivateFrameworks/AppleVA.framework/Versions/A/AppleVA
0x00007fff264dd000 	/System/Library/Extensions/AppleIntelHD5000GraphicsMTLDriver.bundle/Contents/MacOS/AppleIntelHD5000GraphicsMTLDriver
0x00007fff232f0000 	/System/Library/Extensions/AMDMTLBronzeDriver.bundle/Contents/MacOS/AMDMTLBronzeDriver
0x00007fff54c94000 	/System/Library/PrivateFrameworks/IOAccelMemoryInfo.framework/Versions/A/IOAccelMemoryInfo
0x00007fff4fd86000 	/System/Library/PrivateFrameworks/GPUCompiler.framework/Versions/3902/Libraries/libmetal_timestamp.dylib
0x00007fff62c88000 	/System/Library/PrivateFrameworks/ViewBridge.framework/Versions/A/ViewBridge
0x00007fff3bb5e000 	/System/Library/Frameworks/Quartz.framework/Versions/A/Quartz
0x00007fff3b56d000 	/System/Library/Frameworks/Quartz.framework/Versions/A/Frameworks/QuartzComposer.framework/Versions/A/QuartzComposer
0x00007fff3ad53000 	/System/Library/Frameworks/PDFKit.framework/Versions/A/PDFKit
0x00007fff3ba2d000 	/System/Library/Frameworks/Quartz.framework/Versions/A/Frameworks/QuartzFilters.framework/Versions/A/QuartzFilters
0x00007fff3b326000 	/System/Library/Frameworks/Quartz.framework/Versions/A/Frameworks/ImageKit.framework/Versions/A/ImageKit
0x00007fff3ba53000 	/System/Library/Frameworks/Quartz.framework/Versions/A/Frameworks/QuickLookUI.framework/Versions/A/QuickLookUI
0x00007fff33910000 	/System/Library/Frameworks/JavaScriptCore.framework/Versions/A/JavaScriptCore
0x00007fff48831000 	/System/Library/PrivateFrameworks/CorePDF.framework/Versions/A/CorePDF
0x00007fff612e0000 	/System/Library/PrivateFrameworks/URLFormatting.framework/Versions/A/URLFormatting
0x00007fff3bde2000 	/System/Library/Frameworks/QuickLook.framework/Versions/A/QuickLook
0x00007fff4a6a4000 	/System/Library/PrivateFrameworks/DisplayServices.framework/Versions/A/DisplayServices
0x00007fff32ee4000 	/System/Library/Frameworks/ImageCaptureCore.framework/Versions/A/ImageCaptureCore
0x00007fff2b8cc000 	/System/Library/Frameworks/AVFoundation.framework/Versions/A/AVFoundation
0x00007fff5bd56000 	/System/Library/PrivateFrameworks/QuickLookSupport.framework/Versions/A/QuickLookSupport
0x00007fff4a5d2000 	/System/Library/PrivateFrameworks/DiskManagement.framework/Versions/A/DiskManagement
0x00007fff3be3c000 	/System/Library/Frameworks/QuickLookThumbnailing.framework/Versions/A/QuickLookThumbnailing
0x00007fff2bac8000 	/System/Library/Frameworks/AVFoundation.framework/Versions/A/Frameworks/AVFAudio.framework/Versions/A/AVFAudio
0x00007fff3131c000 	/System/Library/Frameworks/CoreMediaIO.framework/Versions/A/CoreMediaIO
0x00007fff669e6000 	/usr/lib/libAudioStatistics.dylib
0x00007fff63f5a000 	/System/Library/PrivateFrameworks/perfdata.framework/Versions/A/perfdata
0x00007fff68ef3000 	/usr/lib/libperfcheck.dylib
0x00007fff66ede000 	/usr/lib/libSMC.dylib
0x00007fff562f4000 	/System/Library/PrivateFrameworks/MediaKit.framework/Versions/A/MediaKit
0x00007fff322cc000 	/System/Library/Frameworks/DiscRecording.framework/Versions/A/DiscRecording
0x00007fff66a6f000 	/usr/lib/libCoreStorage.dylib
0x00007fff67be5000 	/usr/lib/libcsfde.dylib
0x00007fff4a786000 	/System/Library/PrivateFrameworks/EFILogin.framework/Versions/A/EFILogin
0x00007fff5bbcc000 	/System/Library/PrivateFrameworks/ProtectedCloudStorage.framework/Versions/A/ProtectedCloudStorage
0x00007fff47a36000 	/System/Library/PrivateFrameworks/CoreBrightness.framework/Versions/A/CoreBrightness
0x00007fff52928000 	/System/Library/PrivateFrameworks/HID.framework/Versions/A/HID
0x00007fff3c342000 	/System/Library/Frameworks/SafariServices.framework/Versions/A/SafariServices
0x00007fff5bd52000 	/System/Library/PrivateFrameworks/QuickLookNonBaseSystem.framework/Versions/A/QuickLookNonBaseSystem
0x00007fff561be000 	/System/Library/PrivateFrameworks/MarkupUI.framework/Versions/A/MarkupUI
0x00007fff5de5a000 	/System/Library/PrivateFrameworks/SidecarCore.framework/Versions/A/SidecarCore
0x00007fff42ffe000 	/System/Library/PrivateFrameworks/AnnotationKit.framework/Versions/A/AnnotationKit
0x00007fff3ae47000 	/System/Library/Frameworks/PencilKit.framework/Versions/A/PencilKit
0x00007fff5de7b000 	/System/Library/PrivateFrameworks/SidecarUI.framework/Versions/A/SidecarUI
0x00007fff4807a000 	/System/Library/PrivateFrameworks/CoreHandwriting.framework/Versions/A/CoreHandwriting
0x00007fff3565b000 	/System/Library/Frameworks/MetalKit.framework/Versions/A/MetalKit
0x00007fff56f07000 	/System/Library/PrivateFrameworks/Montreal.framework/Versions/A/Montreal
0x00007fff30f3c000 	/System/Library/Frameworks/CoreML.framework/Versions/A/CoreML
0x00007fff4a702000 	/System/Library/PrivateFrameworks/DuetActivityScheduler.framework/Versions/A/DuetActivityScheduler
0x00007fff4b2d3000 	/System/Library/PrivateFrameworks/Espresso.framework/Versions/A/Espresso
0x00007fff47c34000 	/System/Library/PrivateFrameworks/CoreDuet.framework/Versions/A/CoreDuet
0x00007fff47e40000 	/System/Library/PrivateFrameworks/CoreDuetContext.framework/Versions/A/CoreDuetContext
0x00007fff5ad3d000 	/System/Library/PrivateFrameworks/PowerLog.framework/Versions/A/PowerLog
0x00007fff31db2000 	/System/Library/Frameworks/CoreTelephony.framework/Versions/A/CoreTelephony
0x00007fff47ea1000 	/System/Library/PrivateFrameworks/CoreDuetDebugLogging.framework/Versions/A/CoreDuetDebugLogging
0x00007fff43e8d000 	/System/Library/PrivateFrameworks/ApplePushService.framework/Versions/A/ApplePushService
0x00007fff2efec000 	/System/Library/Frameworks/CloudKit.framework/Versions/A/CloudKit
0x00007fff3347e000 	/System/Library/Frameworks/Intents.framework/Versions/A/Intents
0x00007fff47e8e000 	/System/Library/PrivateFrameworks/CoreDuetDaemonProtocol.framework/Versions/A/CoreDuetDaemonProtocol
0x00007fff5bdc0000 	/System/Library/PrivateFrameworks/Rapport.framework/Versions/A/Rapport
0x00007fff66fd2000 	/usr/lib/libTelephonyUtilDynamic.dylib
0x00007fff47c28000 	/System/Library/PrivateFrameworks/CoreDaemon.framework/Versions/B/CoreDaemon
0x00007fff43eb3000 	/System/Library/PrivateFrameworks/AppleSRP.framework/Versions/A/AppleSRP
0x00007fff45489000 	/System/Library/PrivateFrameworks/C2.framework/Versions/A/C2
0x00007fff30e7f000 	/System/Library/Frameworks/CoreLocation.framework/Versions/A/CoreLocation
0x00007fff3b1ff000 	/System/Library/Frameworks/PushKit.framework/Versions/A/PushKit
0x00007fff36b17000 	/System/Library/Frameworks/NetworkExtension.framework/Versions/A/NetworkExtension
0x00007fff68d91000 	/usr/lib/libnetworkextension.dylib
0x00007fff5ace2000 	/System/Library/PrivateFrameworks/PlugInKit.framework/Versions/A/PlugInKit
0x00007fff4a750000 	/System/Library/PrivateFrameworks/EAP8021X.framework/Versions/A/EAP8021X
0x00007fff5179b000 	/System/Library/PrivateFrameworks/GeoServices.framework/Versions/A/GeoServices
0x00007fff5578c000 	/System/Library/PrivateFrameworks/LocationSupport.framework/Versions/A/LocationSupport
0x00007fff55239000 	/System/Library/PrivateFrameworks/IntentsFoundation.framework/Versions/A/IntentsFoundation
0x00007fff2eca1000 	/System/Library/Frameworks/Carbon.framework/Versions/A/Carbon
0x00007fff2eca2000 	/System/Library/Frameworks/Carbon.framework/Versions/A/Frameworks/CommonPanels.framework/Versions/A/CommonPanels
0x00007fff2ef9b000 	/System/Library/Frameworks/Carbon.framework/Versions/A/Frameworks/Help.framework/Versions/A/Help
0x00007fff2ef9f000 	/System/Library/Frameworks/Carbon.framework/Versions/A/Frameworks/ImageCapture.framework/Versions/A/ImageCapture
0x00007fff2efa6000 	/System/Library/Frameworks/Carbon.framework/Versions/A/Frameworks/OpenScripting.framework/Versions/A/OpenScripting
0x00007fff2efa5000 	/System/Library/Frameworks/Carbon.framework/Versions/A/Frameworks/Ink.framework/Versions/A/Ink
0x00007fff2efe1000 	/System/Library/Frameworks/Carbon.framework/Versions/A/Frameworks/Print.framework/Versions/A/Print
0x00007fff2efe2000 	/System/Library/Frameworks/Carbon.framework/Versions/A/Frameworks/SecurityHI.framework/Versions/A/SecurityHI
0x00007fff63f15000 	/System/Library/PrivateFrameworks/login.framework/Versions/A/login
0x00000001133ea000 	/Applications/Stata/utilities/java/macosx-x64/zulu-jre11.0.6/lib/jli/libjli.dylib
0x0000000118d29000 	/Applications/Stata/utilities/java/macosx-x64/zulu-jre11.0.6/lib/server/libjvm.dylib
0x000000011a320000 	/Applications/Stata/utilities/java/macosx-x64/zulu-jre11.0.6/lib/libverify.dylib
0x000000011a331000 	/Applications/Stata/utilities/java/macosx-x64/zulu-jre11.0.6/lib/libjava.dylib
0x000000011a36c000 	/Applications/Stata/utilities/java/macosx-x64/zulu-jre11.0.6/lib/libzip.dylib
0x000000011a37d000 	/Applications/Stata/utilities/java/macosx-x64/zulu-jre11.0.6/lib/libjimage.dylib
0x0000000139ea9000 	/Applications/Stata/utilities/java/macosx-x64/zulu-jre11.0.6/lib/libnio.dylib
0x0000000139ebc000 	/Applications/Stata/utilities/java/macosx-x64/zulu-jre11.0.6/lib/libnet.dylib
0x0000000137a12000 	/Applications/Stata/utilities/java/macosx-x64/zulu-jre11.0.6/lib/libsunec.dylib
0x0000000112164000 	/Applications/Stata/utilities/java/macosx-x64/zulu-jre11.0.6/lib/libextnet.dylib
0x00007fff6938b000 	/usr/lib/libusrtcp.dylib
0x00007fff4605a000 	/System/Library/PrivateFrameworks/CloudDocs.framework/Versions/A/CloudDocs
0x00007fff5fe08000 	/System/Library/PrivateFrameworks/SpotlightIndex.framework/Versions/A/SpotlightIndex
0x000000013ff0f000 	/Applications/Stata/utilities/java/macosx-x64/zulu-jre11.0.6/lib/libawt.dylib
0x000000013ffaf000 	/Applications/Stata/utilities/java/macosx-x64/zulu-jre11.0.6/lib/libmlib_image.dylib
0x00007fff349b0000 	/System/Library/Frameworks/JavaVM.framework/Versions/A/Frameworks/JavaNativeFoundation.framework/Versions/A/JavaNativeFoundation
0x00007fff349b9000 	/System/Library/Frameworks/JavaVM.framework/Versions/A/Frameworks/JavaRuntimeSupport.framework/Versions/A/JavaRuntimeSupport
0x00007fff349c2000 	/System/Library/Frameworks/JavaVM.framework/Versions/A/JavaVM
0x00007fff55305000 	/System/Library/PrivateFrameworks/JavaLaunching.framework/Versions/A/JavaLaunching
0x000000014001b000 	/Applications/Stata/utilities/java/macosx-x64/zulu-jre11.0.6/lib/libawt_lwawt.dylib
0x00000001400ce000 	/Applications/Stata/utilities/java/macosx-x64/zulu-jre11.0.6/lib/libosxapp.dylib
0x00007fff32574000 	/System/Library/Frameworks/ExceptionHandling.framework/Versions/A/ExceptionHandling
0x0000000138faf000 	/Applications/Stata/utilities/java/macosx-x64/zulu-jre11.0.6/lib/libfontmanager.dylib
0x00000001390ae000 	/Applications/Stata/utilities/java/macosx-x64/zulu-jre11.0.6/lib/libfreetype.dylib
0x0000000138e58000 	/Users/thomasblanchet/Library/Application Support/Stata/ado/plus/g/gtools_macosx_v3.plugin
0x00007fff605f2000 	/System/Library/PrivateFrameworks/SystemAdministration.framework/Versions/A/SystemAdministration
0x00007fff322c0000 	/System/Library/Frameworks/DirectoryService.framework/Versions/A/DirectoryService
0x00007fff4a509000 	/System/Library/PrivateFrameworks/DiskImages.framework/Versions/A/DiskImages
0x00007fff55809000 	/System/Library/PrivateFrameworks/LoginUIKit.framework/Versions/A/Frameworks/LoginUICore.framework/Versions/A/LoginUICore
0x00007fff68e64000 	/usr/lib/libodfde.dylib
0x00007fff67c59000 	/usr/lib/libcurl.4.dylib
0x00007fff67ade000 	/usr/lib/libcrypto.44.dylib
0x00007fff69289000 	/usr/lib/libssl.46.dylib
0x00007fff349db000 	/System/Library/Frameworks/LDAP.framework/Versions/A/LDAP
0x00007fff60fb8000 	/System/Library/PrivateFrameworks/TrustEvaluationAgent.framework/Versions/A/TrustEvaluationAgent
0x00007fff68f96000 	/usr/lib/libsasl2.2.dylib
0x00007fff5de3b000 	/System/Library/PrivateFrameworks/Shortcut.framework/Versions/A/Shortcut
0x00007fff5351a000 	/System/Library/PrivateFrameworks/HelpData.framework/Versions/A/HelpData
0x00007fff49fb9000 	/System/Library/PrivateFrameworks/DataDetectors.framework/Versions/A/DataDetectors
0x00007fff55868000 	/System/Library/PrivateFrameworks/Lookup.framework/Versions/A/Lookup
0x00007fff42a3f000 	/System/Library/PrivateFrameworks/AddressBookCore.framework/Versions/A/AddressBookCore
0x00007fff59422000 	/System/Library/PrivateFrameworks/PhoneNumbers.framework/Versions/A/PhoneNumbers
0x00007fff542b7000 	/System/Library/PrivateFrameworks/IDS.framework/Versions/A/IDS
0x00007fff40f30000 	/System/Library/Frameworks/WebKit.framework/Versions/A/WebKit
0x00007fff36978000 	/System/Library/Frameworks/NaturalLanguage.framework/Versions/A/NaturalLanguage
0x00007fff40d24000 	/System/Library/Frameworks/WebKit.framework/Versions/A/Frameworks/WebKitLegacy.framework/Versions/A/WebKitLegacy
0x00007fff3eac2000 	/System/Library/Frameworks/WebKit.framework/Versions/A/Frameworks/WebCore.framework/Versions/A/WebCore
0x00007fff66905000 	/usr/lib/libAccessibility.dylib
0x00007fff489a5000 	/System/Library/PrivateFrameworks/CorePrediction.framework/Versions/A/CorePrediction
0x00007fff4a295000 	/System/Library/PrivateFrameworks/DeviceIdentity.framework/Versions/A/DeviceIdentity
0x00007fff3e324000 	/System/Library/Frameworks/WebKit.framework/Versions/A/Frameworks/WebCore.framework/Versions/A/Frameworks/libwebrtc.dylib
0x00007fff5cf8e000 	/System/Library/PrivateFrameworks/SafariSafeBrowsing.framework/Versions/A/SafariSafeBrowsing
0x00007fff3cd35000 	/System/Library/Frameworks/SecurityInterface.framework/Versions/A/SecurityInterface
0x00007fff630eb000 	/System/Library/PrivateFrameworks/WebInspectorUI.framework/Versions/A/WebInspectorUI
0x00007fff420e7000 	/System/Library/PrivateFrameworks/AXCoreUtilities.framework/Versions/A/AXCoreUtilities
0x00007fff528c0000 	/System/Library/PrivateFrameworks/GraphicsServices.framework/Versions/A/GraphicsServices
0x00007fff4882c000 	/System/Library/PrivateFrameworks/CoreOptimization.framework/Versions/A/CoreOptimization
0x00007fff5c080000 	/System/Library/PrivateFrameworks/RemoteServiceDiscovery.framework/Versions/A/RemoteServiceDiscovery
0x00007fff5c0c9000 	/System/Library/PrivateFrameworks/RemoteXPC.framework/Versions/A/RemoteXPC
0x00007fff6362d000 	/System/Library/PrivateFrameworks/WirelessDiagnostics.framework/Versions/A/WirelessDiagnostics
0x00007fff632e0000 	/System/Library/PrivateFrameworks/WirelessDiagnostics.framework/Versions/A/Libraries/libAWDSupportFramework.dylib
0x00007fff632a4000 	/System/Library/PrivateFrameworks/WirelessDiagnostics.framework/Versions/A/Libraries/libAWDSupport.dylib
0x00007fff635c1000 	/System/Library/PrivateFrameworks/WirelessDiagnostics.framework/Versions/A/Libraries/libprotobuf-lite.dylib
0x00007fff635d3000 	/System/Library/PrivateFrameworks/WirelessDiagnostics.framework/Versions/A/Libraries/libprotobuf.dylib
0x00007fff47168000 	/System/Library/PrivateFrameworks/ContactsPersistence.framework/Versions/A/ContactsPersistence
0x00007fff457f6000 	/System/Library/PrivateFrameworks/CalendarAgentLink.framework/Versions/A/CalendarAgentLink
0x00007fff2f37b000 	/System/Library/Frameworks/Contacts.framework/Versions/A/Contacts
0x00007fff470e3000 	/System/Library/PrivateFrameworks/ContactsFoundation.framework/Versions/A/ContactsFoundation
0x00007fff63f67000 	/System/Library/PrivateFrameworks/vCard.framework/Versions/A/vCard
0x00007fff43acb000 	/System/Library/PrivateFrameworks/AppleLDAP.framework/Versions/A/AppleLDAP
0x00007fff45f37000 	/System/Library/PrivateFrameworks/ClassKit.framework/Versions/A/ClassKit
0x00007fff4959b000 	/System/Library/PrivateFrameworks/CoreSuggestions.framework/Versions/A/CoreSuggestions
0x00007fff435b4000 	/System/Library/PrivateFrameworks/AppSupport.framework/Versions/A/AppSupport
0x00007fff4366a000 	/System/Library/PrivateFrameworks/AppleAccount.framework/Versions/A/AppleAccount
0x00007fff43a41000 	/System/Library/PrivateFrameworks/AppleIDSSOAuthentication.framework/Versions/A/AppleIDSSOAuthentication
0x00007fff423eb000 	/System/Library/PrivateFrameworks/AccountsDaemon.framework/Versions/A/AccountsDaemon
0x00007fff57d44000 	/System/Library/PrivateFrameworks/OAuth.framework/Versions/A/OAuth
0x00007fff54b0e000 	/System/Library/PrivateFrameworks/IMFoundation.framework/Versions/A/IMFoundation
0x00007fff561bd000 	/System/Library/PrivateFrameworks/Marco.framework/Versions/A/Marco
0x00007fff543b6000 	/System/Library/PrivateFrameworks/IDSFoundation.framework/Versions/A/IDSFoundation
0x00007fff4b2bd000 	/System/Library/PrivateFrameworks/Engram.framework/Versions/A/Engram
0x00007fff69338000 	/usr/lib/libtidy.A.dylib
0x00007fff31b56000 	/System/Library/Frameworks/CoreSpotlight.framework/Versions/A/CoreSpotlight
0x00007fff5b9d6000 	/System/Library/PrivateFrameworks/ProactiveEventTracker.framework/Versions/A/ProactiveEventTracker
0x00007fff5ba7d000 	/System/Library/PrivateFrameworks/ProactiveSupport.framework/Versions/A/ProactiveSupport
0x00007fff4a070000 	/System/Library/PrivateFrameworks/DataDetectorsNaturalLanguage.framework/Versions/A/DataDetectorsNaturalLanguage
0x00007fff55262000 	/System/Library/PrivateFrameworks/InternationalTextSearch.framework/Versions/A/InternationalTextSearch
0x00007fff323c6000 	/System/Library/Frameworks/EventKit.framework/Versions/A/EventKit
0x00007fff5c14c000 	/System/Library/PrivateFrameworks/ResponseKit.framework/Versions/A/ResponseKit
0x00007fff455ec000 	/System/Library/PrivateFrameworks/CalDAV.framework/Versions/A/CalDAV
0x00007fff4583a000 	/System/Library/PrivateFrameworks/CalendarFoundation.framework/Versions/A/CalendarFoundation
0x00007fff458e8000 	/System/Library/PrivateFrameworks/CalendarPersistence.framework/Versions/A/CalendarPersistence
0x00007fff4b986000 	/System/Library/PrivateFrameworks/ExchangeWebServices.framework/Versions/A/ExchangeWebServices
0x00007fff63d98000 	/System/Library/PrivateFrameworks/iCalendar.framework/Versions/A/iCalendar
0x00007fff47b96000 	/System/Library/PrivateFrameworks/CoreDAV.framework/Versions/A/CoreDAV
0x00007fff5926a000 	/System/Library/PrivateFrameworks/PersonaKit.framework/Versions/A/PersonaKit
0x00007fff47076000 	/System/Library/PrivateFrameworks/ContactsAutocomplete.framework/Versions/A/ContactsAutocomplete
0x00007fff492b8000 	/System/Library/PrivateFrameworks/CoreRecents.framework/Versions/A/CoreRecents
0x00007fff554e1000 	/System/Library/PrivateFrameworks/KerberosHelper.framework/Versions/A/KerberosHelper
0x00007fff5734e000 	/System/Library/PrivateFrameworks/NLP.framework/Versions/A/NLP


VM Arguments:
jvm_args: -Xmx2048M -Xss2M -XX:ErrorFile=/dev/null 
java_command: <unknown>
java_class_path (initial): /Applications/Stata/utilities/jar/aspose-words-18.11-jdk16.jar:/Applications/Stata/utilities/jar/libstata-core.jar:/Applications/Stata/utilities/jar/libdeps-core.jar:/Applications/Stata/utilities/jar/sfi-api.jar:
Launcher Type: generic

[Global flags]
     intx CICompilerCount                          = 4                                         {product} {ergonomic}
     uint ConcGCThreads                            = 2                                         {product} {ergonomic}
    ccstr ErrorFile                                = /dev/null                                 {product} {command line}
     uint G1ConcRefinementThreads                  = 8                                         {product} {ergonomic}
   size_t G1HeapRegionSize                         = 1048576                                   {product} {ergonomic}
    uintx GCDrainStackTargetSize                   = 64                                        {product} {ergonomic}
   size_t InitialHeapSize                          = 268435456                                 {product} {ergonomic}
   size_t MarkStackSize                            = 4194304                                   {product} {ergonomic}
   size_t MaxHeapSize                              = 2147483648                                {product} {command line}
   size_t MaxNewSize                               = 1287651328                                {product} {ergonomic}
   size_t MinHeapDeltaBytes                        = 1048576                                   {product} {ergonomic}
    uintx NonNMethodCodeHeapSize                   = 5836300                                {pd product} {ergonomic}
    uintx NonProfiledCodeHeapSize                  = 122910970                              {pd product} {ergonomic}
    uintx ProfiledCodeHeapSize                     = 122910970                              {pd product} {ergonomic}
    uintx ReservedCodeCacheSize                    = 251658240                              {pd product} {ergonomic}
     bool SegmentedCodeCache                       = true                                      {product} {ergonomic}
     intx ThreadStackSize                          = 2048                                   {pd product} {command line}
     bool UseCompressedClassPointers               = true                                 {lp64_product} {ergonomic}
     bool UseCompressedOops                        = true                                 {lp64_product} {ergonomic}
     bool UseG1GC                                  = true                                      {product} {ergonomic}

Logging:
Log output configuration:
 #0: stdout all=warning uptime,level,tags
 #1: stderr all=off uptime,level,tags

Environment Variables:
PATH=/usr/bin:/bin:/usr/sbin:/sbin:/Applications/Stata/utilities/java/macosx-x64/zulu-jre11.0.6/bin
SHELL=/bin/bash
DISPLAY=/private/tmp/com.apple.launchd.QqNOcWTPiO/org.macosforge.xquartz:0

Signal Handlers:
SIGSEGV: [libjvm.dylib+0x748136], sa_mask[0]=11111111011111110111111111111111, sa_flags=SA_ONSTACK|SA_RESTART|SA_SIGINFO
SIGBUS: [libjvm.dylib+0x748136], sa_mask[0]=11111111011111110111111111111111, sa_flags=SA_RESTART|SA_SIGINFO
SIGFPE: [libjvm.dylib+0x748136], sa_mask[0]=11111111011111110111111111111111, sa_flags=SA_RESTART|SA_SIGINFO
SIGPIPE: [libjvm.dylib+0x5f7ed8], sa_mask[0]=11111111011111110111111111111111, sa_flags=SA_RESTART|SA_SIGINFO
SIGXFSZ: [libjvm.dylib+0x5f7ed8], sa_mask[0]=11111111011111110111111111111111, sa_flags=SA_RESTART|SA_SIGINFO
SIGILL: [libjvm.dylib+0x748136], sa_mask[0]=11111111011111110111111111111111, sa_flags=SA_RESTART|SA_SIGINFO
SIGUSR2: [libjvm.dylib+0x5f84bd], sa_mask[0]=11100100000001110111111111011111, sa_flags=SA_RESTART|SA_SIGINFO
SIGHUP: [libjvm.dylib+0x5f6fef], sa_mask[0]=11111111011111110111111111111111, sa_flags=SA_RESTART|SA_SIGINFO
SIGINT: [libjvm.dylib+0x5f6fef], sa_mask[0]=11111111011111110111111111111111, sa_flags=SA_RESTART|SA_SIGINFO
SIGTERM: [libjvm.dylib+0x5f6fef], sa_mask[0]=11111111011111110111111111111111, sa_flags=SA_RESTART|SA_SIGINFO
SIGQUIT: [libjvm.dylib+0x5f6fef], sa_mask[0]=11111111011111110111111111111111, sa_flags=SA_RESTART|SA_SIGINFO


---------------  S Y S T E M  ---------------

OS:uname:Darwin 19.4.0 Darwin Kernel Version 19.4.0: Wed Mar  4 22:28:40 PST 2020; root:xnu-6153.101.6~15/RELEASE_X86_64 x86_64
rlimit: STACK 8192k, CORE 0k, NPROC 2784, NOFILE 10240, AS infinity, DATA infinity, FSIZE infinity
load average:5.35 3.87 3.35

CPU:total 8 (initial active 8) (4 cores per cpu, 2 threads per core) family 6 model 70 stepping 1, cmov, cx8, fxsr, mmx, sse, sse2, sse3, ssse3, sse4.1, sse4.2, popcnt, avx, avx2, aes, clmul, erms, lzcnt, ht, tsc, tscinvbit, bmi1, bmi2, fma

Memory: 4k page, physical 16777216k(702572k free), swap 7340032k(2673920k free)

vm_info: OpenJDK 64-Bit Server VM (11.0.6+10-LTS) for bsd-amd64 JRE (Zulu11.37+17-CA) (11.0.6+10-LTS), built on Dec 26 2019 21:14:19 by "zulu_re" with gcc 4.2.1 Compatible Apple LLVM 9.1.0 (clang-902.0.39.2)

END.
