#
# A fatal error has been detected by the Java Runtime Environment:
#
#  SIGSEGV (0xb) at pc=0x0000000105056628, pid=28830, tid=259
#
# JRE version: OpenJDK Runtime Environment Zulu11.54+23-CA (11.0.14+9) (build 11.0.14+9-LTS)
# Java VM: OpenJDK 64-Bit Server VM Zulu11.54+23-CA (11.0.14+9-LTS, mixed mode, tiered, compressed oops, g1 gc, bsd-amd64)
# Problematic frame:
# C  [StataMP+0x2d8628]
#
# No core dump will be written. Core dumps have been disabled. To enable core dumping, try "ulimit -c unlimited" before starting Java again
#
# If you would like to submit a bug report, please visit:
#   http://www.azul.com/support/
# The crash happened outside the Java Virtual Machine in native code.
# See problematic frame for where to report the bug.
#

---------------  S U M M A R Y ------------

Command Line: -Xmx2048M -Xss2M -XX:ErrorFile=/dev/null 

Host: MacBookPro12,1 x86_64 3100 MHz, 4 cores, 16G, Darwin 21.3.0
Time: Fri Apr  8 17:02:17 2022 CEST elapsed time: 948.305209 seconds (0d 0h 15m 48s)

---------------  T H R E A D  ---------------

Current thread (0x00007f8ca81b7800):  JavaThread "main" [_thread_in_native, id=259, stack(0x00007ff7ba982000,0x00007ff7bb182000)]

Stack: [0x00007ff7ba982000,0x00007ff7bb182000],  sp=0x00007ff7bb177130,  free space=8148k
Native frames: (J=compiled Java code, A=aot compiled Java code, j=interpreted, Vv=VM code, C=native code)
C  [StataMP+0x2d8628]
C  [StataMP+0x2df5aa]
C  [StataMP+0x2d6ad8]
C  [StataMP+0x214d0]
C  [StataMP+0x47f792]
C  [StataMP+0x49e3b5]
C  [StataMP+0x47f792]
C  [StataMP+0x49e3b5]
C  [StataMP+0x47f792]
C  [StataMP+0x702747]
C  0x00000001098814fe


siginfo: si_signo: 11 (SIGSEGV), si_code: 1 (SEGV_MAPERR), si_addr: 0x00007f8c88055ffc

Register to memory mapping:

RAX=0x000000007fffffff is an unknown value
RBX=0x0000000000000001 is an unknown value
RCX=0x0000000080000000 is an unknown value
RDX=0x0000000080000000 is an unknown value
RSP=0x00007ff7bb177130 is pointing into the stack for thread: 0x00007f8ca81b7800
RBP=0x00007ff7bb177190 is pointing into the stack for thread: 0x00007f8ca81b7800
RSI=0x00007f8a88056000 points into unknown readable memory: 0x0000000a0000000a | 0a 00 00 00 0a 00 00 00
RDI=0x00000000000005dd is an unknown value
R8 =0x00000000000002cf is an unknown value
R9 =0x00000000000005dd is an unknown value
R10=0x0000000107aa4b58: <offset 0x2d26b58> in /Applications/Stata/StataMP.app/Contents/MacOS/StataMP at 0x0000000104d7e000
R11=0x00007ff815b1f640: -[NSView bounds]+0 in /System/Library/Frameworks/AppKit.framework/Versions/C/AppKit at 0x00007ff815ac5000
R12=0x00007f8b920dd000 points into unknown readable memory: 0x4076b00000000000 | 00 00 00 00 00 b0 76 40
R13=0x00007f8b920dd000 points into unknown readable memory: 0x4076b00000000000 | 00 00 00 00 00 b0 76 40
R14=0x0000000080000000 is an unknown value
R15=0x00000001085d90ff: <offset 0x385b0ff> in /Applications/Stata/StataMP.app/Contents/MacOS/StataMP at 0x0000000104d7e000


Registers:
RAX=0x000000007fffffff, RBX=0x0000000000000001, RCX=0x0000000080000000, RDX=0x0000000080000000
RSP=0x00007ff7bb177130, RBP=0x00007ff7bb177190, RSI=0x00007f8a88056000, RDI=0x00000000000005dd
R8 =0x00000000000002cf, R9 =0x00000000000005dd, R10=0x0000000107aa4b58, R11=0x00007ff815b1f640
R12=0x00007f8b920dd000, R13=0x00007f8b920dd000, R14=0x0000000080000000, R15=0x00000001085d90ff
RIP=0x0000000105056628, EFLAGS=0x0000000000010a16, ERR=0x0000000000000004
  TRAPNO=0x000000000000000e

Top of Stack: (sp=0x00007ff7bb177130)
0x00007ff7bb177130:   0000000000000000 0000000012e2c118
0x00007ff7bb177140:   0000000000000000 0000000000000000
0x00007ff7bb177150:   4086780000000000 4086200000000000
0x00007ff7bb177160:   0000000000000001 0000000000000eb8
0x00007ff7bb177170:   00007f8b920dd000 00007ff7bb177100
0x00007ff7bb177180:   0000000000000001 00000001085d90ff
0x00007ff7bb177190:   00007ff7bb17b650 000000010505d5aa
0x00007ff7bb1771a0:   00007ff7bb1780e4 0000000200000000
0x00007ff7bb1771b0:   0000000000000303 0300030303030000
0x00007ff7bb1771c0:   0000000000000001 0000000000000000
0x00007ff7bb1771d0:   0000000000000000 0000000000000000
0x00007ff7bb1771e0:   0000000000000000 0000000000000000
0x00007ff7bb1771f0:   0000000001000000 0000000000000000
0x00007ff7bb177200:   0000000000000000 00007f8ae4067000
0x00007ff7bb177210:   00007f8ae406b200 0000000000000000
0x00007ff7bb177220:   0000000000000000 0000000000000000
0x00007ff7bb177230:   0000000000000000 0000000000000000
0x00007ff7bb177240:   0000000000000000 0000000000000000
0x00007ff7bb177250:   0000000000000000 0000000000000000
0x00007ff7bb177260:   0000000000000000 0000000000000000
0x00007ff7bb177270:   0000000000000000 0000000000000000
0x00007ff7bb177280:   0000000000000000 0000000000000000
0x00007ff7bb177290:   0000000000000000 0000000000000000
0x00007ff7bb1772a0:   0000000000000000 0000000000000000
0x00007ff7bb1772b0:   0000000000000000 0000000000000000
0x00007ff7bb1772c0:   0000000000000000 0000000000000000
0x00007ff7bb1772d0:   0000000000000000 0000000000000000
0x00007ff7bb1772e0:   0000000000000000 0000000000000000
0x00007ff7bb1772f0:   0000000000000000 0000000000000000
0x00007ff7bb177300:   0000000000000000 0000000000000000
0x00007ff7bb177310:   0000000000000000 0000000000000000
0x00007ff7bb177320:   0000000000000000 0000000000000000 

Instructions: (pc=0x0000000105056628)
0x0000000105056528:   00 00 00 74 11 48 8b bf 90 29 00 00 e8 97 85 f6
0x0000000105056538:   ff 0f b6 c0 5d c3 b0 01 0f b6 c0 5d c3 66 2e 0f
0x0000000105056548:   1f 84 00 00 00 00 00 90 55 48 89 e5 41 57 41 56
0x0000000105056558:   41 55 41 54 53 48 83 ec 38 49 89 fd 8b 87 04 08
0x0000000105056568:   00 00 8b 9f 38 08 00 00 39 c3 7c 13 41 8b 8d 08
0x0000000105056578:   08 00 00 8d 4c 08 fe 39 cb 0f 8e 2d 01 00 00 44
0x0000000105056588:   8d b3 06 ff ff ff 44 39 f0 44 0f 4d f0 41 39 de
0x0000000105056598:   44 0f 4f f3 49 8b b5 e8 7a 00 00 48 85 f6 74 18
0x00000001050565a8:   48 8b 15 51 40 a4 02 48 8d 7d b0 e8 7c 5e da 00
0x00000001050565b8:   f2 44 0f 2c 45 c0 eb 11 66 0f 57 c0 66 0f 29 45
0x00000001050565c8:   c0 66 0f 29 45 b0 45 31 c0 f2 45 0f 2c 4d 10 f2
0x00000001050565d8:   0f 10 1d e1 74 da 00 eb 18 66 2e 0f 1f 84 00 00
0x00000001050565e8:   00 00 00 0f 1f 44 00 00 44 8d 71 01 44 39 c7 7e
0x00000001050565f8:   53 44 89 f1 44 89 cf 41 39 de 7f ec 49 8b b5 98
0x0000000105056608:   08 00 00 f2 41 0f 10 45 08 44 89 cf 89 ca 66 2e
0x0000000105056618:   0f 1f 84 00 00 00 00 00 8d 42 ff 48 98 0f 57 c9
0x0000000105056628:   f2 0f 2a 0c 86 f2 0f 59 c8 f2 0f 58 cb 0f 57 d2
0x0000000105056638:   f2 0f 2a d7 f2 0f 58 d1 ff c2 f2 0f 2c fa 39 da
0x0000000105056648:   7e d6 eb a4 41 be 01 00 00 00 41 bf 01 00 00 00
0x0000000105056658:   85 c9 0f 8e fc 00 00 00 41 8b 85 04 08 00 00 41
0x0000000105056668:   8b 9d 38 08 00 00 44 8d a3 06 ff ff ff 44 39 e0
0x0000000105056678:   44 0f 4d e0 41 39 dc 44 0f 4f e3 49 8b b5 e8 7a
0x0000000105056688:   00 00 48 85 f6 74 5b 48 8b 15 6a 3f a4 02 48 8d
0x0000000105056698:   7d b0 e8 95 5d da 00 f2 0f 10 1d 19 74 da 00 f2
0x00000001050566a8:   0f 2c 4d c0 f2 45 0f 2c 4d 10 eb 54 49 8b 8d f8
0x00000001050566b8:   07 00 00 49 8b 85 40 08 00 00 48 39 c8 0f 8c 54
0x00000001050566c8:   02 00 00 41 8b 95 00 08 00 00 ff ca 48 63 d2 48
0x00000001050566d8:   8d 4c 11 ff 48 39 c8 0f 8f 3a 02 00 00 e9 df 05
0x00000001050566e8:   00 00 66 0f 57 c0 66 0f 29 45 c0 66 0f 29 45 b0
0x00000001050566f8:   31 c9 eb 0c 0f 1f 40 00 45 8d 67 01 39 ce 7e 54
0x0000000105056708:   45 89 e7 44 89 ce 41 39 dc 7f ed 49 8b 95 98 08
0x0000000105056718:   00 00 f2 41 0f 10 45 08 44 89 ce 44 89 ff 66 2e 


Stack slot to memory mapping:
stack at sp + 0 slots: 0x0 is NULL
stack at sp + 1 slots: 0x0000000012e2c118 is an unknown value
stack at sp + 2 slots: 0x0 is NULL
stack at sp + 3 slots: 0x0 is NULL
stack at sp + 4 slots: 0x4086780000000000 is an unknown value
stack at sp + 5 slots: 0x4086200000000000 is an unknown value
stack at sp + 6 slots: 0x0000000000000001 is an unknown value
stack at sp + 7 slots: 0x0000000000000eb8 is an unknown value


---------------  P R O C E S S  ---------------

Threads class SMR info:
_java_thread_list=0x000060006b52e4c0, length=9, elements={
0x00007f8ca81b7800, 0x00007f8ca83bb000, 0x00007f8ca812d800, 0x00007f8ca812e800,
0x00007f8ca8459800, 0x00007f8ca845a800, 0x00007f8cb084c800, 0x00007f8ca845b800,
0x00007f8ca84b8800
}

Java Threads: ( => current thread )
=>0x00007f8ca81b7800 JavaThread "main" [_thread_in_native, id=259, stack(0x00007ff7ba982000,0x00007ff7bb182000)]
  0x00007f8ca83bb000 JavaThread "Reference Handler" daemon [_thread_blocked, id=91139, stack(0x000070000b1d7000,0x000070000b3d7000)]
  0x00007f8ca812d800 JavaThread "Finalizer" daemon [_thread_blocked, id=91907, stack(0x000070000b3da000,0x000070000b5da000)]
  0x00007f8ca812e800 JavaThread "Signal Dispatcher" daemon [_thread_blocked, id=127491, stack(0x000070000b5dd000,0x000070000b7dd000)]
  0x00007f8ca8459800 JavaThread "Service Thread" daemon [_thread_blocked, id=126979, stack(0x000070000b7e0000,0x000070000b9e0000)]
  0x00007f8ca845a800 JavaThread "C2 CompilerThread0" daemon [_thread_blocked, id=92931, stack(0x000070000b9e3000,0x000070000bae3000)]
  0x00007f8cb084c800 JavaThread "C1 CompilerThread0" daemon [_thread_blocked, id=93187, stack(0x000070000bae6000,0x000070000bbe6000)]
  0x00007f8ca845b800 JavaThread "Sweeper thread" daemon [_thread_blocked, id=93699, stack(0x000070000bbe9000,0x000070000bde9000)]
  0x00007f8ca84b8800 JavaThread "Common-Cleaner" daemon [_thread_blocked, id=94467, stack(0x000070000beef000,0x000070000c0ef000)]

Other Threads:
  0x00007f8ca83ba800 VMThread "VM Thread" [stack: 0x000070000b0d4000,0x000070000b1d4000] [id=128515]
  0x00007f8cb084f800 WatcherThread [stack: 0x000070000bdec000,0x000070000beec000] [id=94211]
  0x00007f8ca7fb5000 GCTaskThread "GC Thread#0" [stack: 0x000070000a82d000,0x000070000a92d000] [id=88323]
  0x00007f8ca8384000 GCTaskThread "GC Thread#1" [stack: 0x000070000a6a4000,0x000070000a7a4000] [id=83463]
  0x00007f8ca80b2000 GCTaskThread "GC Thread#2" [stack: 0x000070000c4f8000,0x000070000c5f8000] [id=79371]
  0x00007f8ca81f1000 GCTaskThread "GC Thread#3" [stack: 0x000070000c5fb000,0x000070000c6fb000] [id=96775]
  0x00007f8ca83c9800 ConcurrentGCThread "G1 Main Marker" [stack: 0x000070000acc8000,0x000070000adc8000] [id=130051]
  0x00007f8ca78a6000 ConcurrentGCThread "G1 Conc#0" [stack: 0x000070000adcb000,0x000070000aecb000] [id=89347]
  0x00007f8ca99cd000 ConcurrentGCThread "G1 Refine#0" [stack: 0x000070000aece000,0x000070000afce000] [id=129539]
  0x00007f8cb083e800 ConcurrentGCThread "G1 Young RemSet Sampling" [stack: 0x000070000afd1000,0x000070000b0d1000] [id=90115]

Threads with active compile tasks:

VM state:not at safepoint (normal execution)

VM Mutex/Monitor currently owned by a thread: None

Heap address: 0x0000000780000000, size: 2048 MB, Compressed Oops mode: Zero based, Oop shift amount: 3
Narrow klass base: 0x0000000800000000, Narrow klass shift: 0
Compressed class space size: 1073741824 Address: 0x0000000800000000

Heap:
 garbage-first heap   total 17408K, used 4637K [0x0000000780000000, 0x0000000800000000)
  region size 1024K, 1 young (1024K), 0 survivors (0K)
 Metaspace       used 8390K, capacity 8609K, committed 9216K, reserved 1056768K
  class space    used 817K, capacity 910K, committed 1024K, reserved 1048576K
Heap Regions: E=young(eden), S=young(survivor), O=old, HS=humongous(starts), HC=humongous(continues), CS=collection set, F=free, A=archive, TAMS=top-at-mark-start (previous, next)
|   0|0x0000000780000000, 0x0000000780100000, 0x0000000780100000|100%|HS|  |TAMS 0x0000000780000000, 0x0000000780000000| Untracked 
|   1|0x0000000780100000, 0x00000007801fe938, 0x0000000780200000| 99%| O|  |TAMS 0x0000000780100000, 0x0000000780100000| Untracked 
|   2|0x0000000780200000, 0x0000000780300000, 0x0000000780300000|100%|HS|  |TAMS 0x0000000780200000, 0x0000000780200000| Untracked 
|   3|0x0000000780300000, 0x0000000780400000, 0x0000000780400000|100%|HC|  |TAMS 0x0000000780300000, 0x0000000780300000| Untracked 
|   4|0x0000000780400000, 0x0000000780488bc8, 0x0000000780500000| 53%| O|  |TAMS 0x0000000780400000, 0x0000000780400000| Untracked 
|   5|0x0000000780500000, 0x0000000780500000, 0x0000000780600000|  0%| F|  |TAMS 0x0000000780500000, 0x0000000780500000| Untracked 
|   6|0x0000000780600000, 0x0000000780600000, 0x0000000780700000|  0%| F|  |TAMS 0x0000000780600000, 0x0000000780600000| Untracked 
|   7|0x0000000780700000, 0x0000000780700000, 0x0000000780800000|  0%| F|  |TAMS 0x0000000780700000, 0x0000000780700000| Untracked 
|   8|0x0000000780800000, 0x0000000780800000, 0x0000000780900000|  0%| F|  |TAMS 0x0000000780800000, 0x0000000780800000| Untracked 
|   9|0x0000000780900000, 0x0000000780900000, 0x0000000780a00000|  0%| F|  |TAMS 0x0000000780900000, 0x0000000780900000| Untracked 
|  10|0x0000000780a00000, 0x0000000780a00000, 0x0000000780b00000|  0%| F|  |TAMS 0x0000000780a00000, 0x0000000780a00000| Untracked 
|  11|0x0000000780b00000, 0x0000000780b00000, 0x0000000780c00000|  0%| F|  |TAMS 0x0000000780b00000, 0x0000000780b00000| Untracked 
|  12|0x0000000780c00000, 0x0000000780c00000, 0x0000000780d00000|  0%| F|  |TAMS 0x0000000780c00000, 0x0000000780c00000| Untracked 
|  13|0x0000000780d00000, 0x0000000780d00000, 0x0000000780e00000|  0%| F|  |TAMS 0x0000000780d00000, 0x0000000780d00000| Untracked 
|  14|0x0000000780e00000, 0x0000000780e00000, 0x0000000780f00000|  0%| F|  |TAMS 0x0000000780e00000, 0x0000000780e00000| Untracked 
|  15|0x0000000780f00000, 0x0000000780f00000, 0x0000000781000000|  0%| F|  |TAMS 0x0000000780f00000, 0x0000000780f00000| Untracked 
|  16|0x0000000781000000, 0x000000078102e150, 0x0000000781100000| 18%| E|  |TAMS 0x0000000781000000, 0x0000000781000000| Complete 

Card table byte_map: [0x0000000119600000,0x0000000119a00000] _byte_map_base: 0x0000000115a00000

Marking Bits (Prev, Next): (CMBitMap*) 0x00007f8ca809b050, (CMBitMap*) 0x00007f8ca809b018
 Prev Bits: [0x000000013177e000, 0x000000013377e000)
 Next Bits: [0x000000012f77e000, 0x000000013177e000)

Polling page: 0x0000000109422000

Metaspace:

Usage:
  Non-class:      7.52 MB capacity,     7.40 MB ( 98%) used,   111.96 KB (  1%) free+waste,    14.12 KB ( <1%) overhead. 
      Class:    910.00 KB capacity,   817.78 KB ( 90%) used,    84.97 KB (  9%) free+waste,     7.25 KB ( <1%) overhead. 
       Both:      8.41 MB capacity,     8.19 MB ( 97%) used,   196.93 KB (  2%) free+waste,    21.38 KB ( <1%) overhead. 

Virtual space:
  Non-class space:        8.00 MB reserved,       8.00 MB (100%) committed 
      Class space:        1.00 GB reserved,       1.00 MB ( <1%) committed 
             Both:        1.01 GB reserved,       9.00 MB ( <1%) committed 

Chunk freelists:
   Non-Class:  245.00 KB
       Class:  50.00 KB
        Both:  295.00 KB

MaxMetaspaceSize: unlimited
CompressedClassSpaceSize: 1.00 GB
Initial GC threshold: 20.80 MB
Current GC threshold: 20.80 MB
CDS: off

CodeHeap 'non-profiled nmethods': size=120032Kb used=941Kb max_used=1082Kb free=119090Kb
 bounds [0x0000000128246000, 0x00000001284b6000, 0x000000012f77e000]
CodeHeap 'profiled nmethods': size=120032Kb used=2456Kb max_used=2691Kb free=117575Kb
 bounds [0x0000000120d0e000, 0x0000000120fbe000, 0x0000000128246000]
CodeHeap 'non-nmethods': size=5696Kb used=1147Kb max_used=1177Kb free=4548Kb
 bounds [0x000000012077e000, 0x00000001209ee000, 0x0000000120d0e000]
 total_blobs=1547 nmethods=1139 adapters=322
 compilation: enabled
              stopped_count=0, restarted_count=0
 full_count=0

Compilation events (20 events):
Event: 639.245 Thread 0x00007f8cb084c800 nmethod 1160 0x000000012834ef10 code [0x000000012834f0c0, 0x000000012834f170]
Event: 639.247 Thread 0x00007f8cb084c800 1161       3       java.io.BufferedReader::read1 (171 bytes)
Event: 639.248 Thread 0x00007f8cb084c800 nmethod 1161 0x0000000120facf10 code [0x0000000120fad120, 0x0000000120fad7b0]
Event: 639.276 Thread 0x00007f8ca845a800 nmethod 1157 0x000000012834f210 code [0x000000012834f420, 0x00000001283508c8]
Event: 639.276 Thread 0x00007f8ca845a800 1162       4       com.stata.plugins.csvparser.CSVParser::_read (92 bytes)
Event: 639.278 Thread 0x00007f8ca845a800 nmethod 1162 0x0000000128350e10 code [0x0000000128350fc0, 0x0000000128351138]
Event: 639.285 Thread 0x00007f8ca845a800 1163       4       java.lang.StringCoding::hasNegatives (25 bytes)
Event: 639.287 Thread 0x00007f8cb084c800 1164       1       com.stata.plugins.csvparser.CSVParser::getTokenizer (5 bytes)
Event: 639.287 Thread 0x00007f8cb084c800 nmethod 1164 0x0000000128351290 code [0x0000000128351440, 0x00000001283514f0]
Event: 639.288 Thread 0x00007f8ca845a800 nmethod 1163 0x0000000128351590 code [0x0000000128351720, 0x0000000128351858]
Event: 639.289 Thread 0x00007f8ca845a800 1165 %     4       com.stata.plugins.csvparser.CSVParser::readLine_u @ 19 (324 bytes)
Event: 639.301 Thread 0x00007f8cb084c800 1166       3       java.util.concurrent.ConcurrentHashMap::put (8 bytes)
Event: 639.301 Thread 0x00007f8cb084c800 nmethod 1166 0x0000000120fad990 code [0x0000000120fadb40, 0x0000000120fadc60]
Event: 639.312 Thread 0x00007f8cb084c800 1168       3       java.net.URI$Parser::scan (76 bytes)
Event: 639.313 Thread 0x00007f8ca845a800 nmethod 1165% 0x0000000128351910 code [0x0000000128351b20, 0x00000001283526d0]
Event: 639.313 Thread 0x00007f8ca845a800 1167       4       java.lang.AbstractStringBuilder::appendChars (133 bytes)
Event: 639.313 Thread 0x00007f8cb084c800 nmethod 1168 0x0000000120fadd10 code [0x0000000120fadf60, 0x0000000120fae830]
Event: 639.320 Thread 0x00007f8ca845a800 nmethod 1167 0x0000000128352d90 code [0x0000000128352f20, 0x0000000128353178]
Event: 639.320 Thread 0x00007f8ca845a800 1169       4       com.stata.plugins.csvparser.CSVParser::readLine_u (324 bytes)
Event: 639.342 Thread 0x00007f8ca845a800 nmethod 1169 0x0000000128353290 code [0x00000001283534c0, 0x0000000128354000]

GC Heap History (20 events):
Event: 634.081 GC heap before
{Heap before GC invocations=106 (full 5):
 garbage-first heap   total 143360K, used 120826K [0x0000000780000000, 0x0000000800000000)
  region size 1024K, 84 young (86016K), 1 survivors (1024K)
 Metaspace       used 8533K, capacity 8852K, committed 9216K, reserved 1056768K
  class space    used 827K, capacity 952K, committed 1024K, reserved 1048576K
}
Event: 634.082 GC heap after
{Heap after GC invocations=107 (full 5):
 garbage-first heap   total 143360K, used 15355K [0x0000000780000000, 0x0000000800000000)
  region size 1024K, 1 young (1024K), 1 survivors (1024K)
 Metaspace       used 8533K, capacity 8852K, committed 9216K, reserved 1056768K
  class space    used 827K, capacity 952K, committed 1024K, reserved 1048576K
}
Event: 634.279 GC heap before
{Heap before GC invocations=107 (full 5):
 garbage-first heap   total 143360K, used 100347K [0x0000000780000000, 0x0000000800000000)
  region size 1024K, 84 young (86016K), 1 survivors (1024K)
 Metaspace       used 8533K, capacity 8852K, committed 9216K, reserved 1056768K
  class space    used 827K, capacity 952K, committed 1024K, reserved 1048576K
}
Event: 634.280 GC heap after
{Heap after GC invocations=108 (full 5):
 garbage-first heap   total 143360K, used 15355K [0x0000000780000000, 0x0000000800000000)
  region size 1024K, 1 young (1024K), 1 survivors (1024K)
 Metaspace       used 8533K, capacity 8852K, committed 9216K, reserved 1056768K
  class space    used 827K, capacity 952K, committed 1024K, reserved 1048576K
}
Event: 634.424 GC heap before
{Heap before GC invocations=108 (full 5):
 garbage-first heap   total 143360K, used 100347K [0x0000000780000000, 0x0000000800000000)
  region size 1024K, 84 young (86016K), 1 survivors (1024K)
 Metaspace       used 8533K, capacity 8852K, committed 9216K, reserved 1056768K
  class space    used 827K, capacity 952K, committed 1024K, reserved 1048576K
}
Event: 634.425 GC heap after
{Heap after GC invocations=109 (full 5):
 garbage-first heap   total 143360K, used 15356K [0x0000000780000000, 0x0000000800000000)
  region size 1024K, 1 young (1024K), 1 survivors (1024K)
 Metaspace       used 8533K, capacity 8852K, committed 9216K, reserved 1056768K
  class space    used 827K, capacity 952K, committed 1024K, reserved 1048576K
}
Event: 634.613 GC heap before
{Heap before GC invocations=109 (full 5):
 garbage-first heap   total 143360K, used 100348K [0x0000000780000000, 0x0000000800000000)
  region size 1024K, 84 young (86016K), 1 survivors (1024K)
 Metaspace       used 8534K, capacity 8852K, committed 9216K, reserved 1056768K
  class space    used 827K, capacity 952K, committed 1024K, reserved 1048576K
}
Event: 634.614 GC heap after
{Heap after GC invocations=110 (full 5):
 garbage-first heap   total 143360K, used 15356K [0x0000000780000000, 0x0000000800000000)
  region size 1024K, 1 young (1024K), 1 survivors (1024K)
 Metaspace       used 8534K, capacity 8852K, committed 9216K, reserved 1056768K
  class space    used 827K, capacity 952K, committed 1024K, reserved 1048576K
}
Event: 639.235 GC heap before
{Heap before GC invocations=110 (full 5):
 garbage-first heap   total 143360K, used 107516K [0x0000000780000000, 0x0000000800000000)
  region size 1024K, 47 young (48128K), 1 survivors (1024K)
 Metaspace       used 8540K, capacity 8858K, committed 9216K, reserved 1056768K
  class space    used 828K, capacity 953K, committed 1024K, reserved 1048576K
}
Event: 639.236 GC heap after
{Heap after GC invocations=111 (full 5):
 garbage-first heap   total 143360K, used 10032K [0x0000000780000000, 0x0000000800000000)
  region size 1024K, 1 young (1024K), 1 survivors (1024K)
 Metaspace       used 8540K, capacity 8858K, committed 9216K, reserved 1056768K
  class space    used 828K, capacity 953K, committed 1024K, reserved 1048576K
}
Event: 748.235 GC heap before
{Heap before GC invocations=112 (full 5):
 garbage-first heap   total 143360K, used 68400K [0x0000000780000000, 0x0000000800000000)
  region size 1024K, 19 young (19456K), 1 survivors (1024K)
 Metaspace       used 8543K, capacity 8858K, committed 9216K, reserved 1056768K
  class space    used 828K, capacity 953K, committed 1024K, reserved 1048576K
}
Event: 748.259 GC heap after
{Heap after GC invocations=113 (full 6):
 garbage-first heap   total 20480K, used 4637K [0x0000000780000000, 0x0000000800000000)
  region size 1024K, 0 young (0K), 0 survivors (0K)
 Metaspace       used 8390K, capacity 8609K, committed 9216K, reserved 1056768K
  class space    used 817K, capacity 910K, committed 1024K, reserved 1048576K
}
Event: 748.259 GC heap before
{Heap before GC invocations=113 (full 6):
 garbage-first heap   total 20480K, used 4637K [0x0000000780000000, 0x0000000800000000)
  region size 1024K, 0 young (0K), 0 survivors (0K)
 Metaspace       used 8390K, capacity 8609K, committed 9216K, reserved 1056768K
  class space    used 817K, capacity 910K, committed 1024K, reserved 1048576K
}
Event: 748.265 GC heap after
{Heap after GC invocations=114 (full 7):
 garbage-first heap   total 17408K, used 4637K [0x0000000780000000, 0x0000000800000000)
  region size 1024K, 0 young (0K), 0 survivors (0K)
 Metaspace       used 8390K, capacity 8609K, committed 9216K, reserved 1056768K
  class space    used 817K, capacity 910K, committed 1024K, reserved 1048576K
}
Event: 748.266 GC heap before
{Heap before GC invocations=114 (full 7):
 garbage-first heap   total 17408K, used 4637K [0x0000000780000000, 0x0000000800000000)
  region size 1024K, 0 young (0K), 0 survivors (0K)
 Metaspace       used 8390K, capacity 8609K, committed 9216K, reserved 1056768K
  class space    used 817K, capacity 910K, committed 1024K, reserved 1048576K
}
Event: 748.275 GC heap after
{Heap after GC invocations=115 (full 8):
 garbage-first heap   total 17408K, used 4637K [0x0000000780000000, 0x0000000800000000)
  region size 1024K, 0 young (0K), 0 survivors (0K)
 Metaspace       used 8390K, capacity 8609K, committed 9216K, reserved 1056768K
  class space    used 817K, capacity 910K, committed 1024K, reserved 1048576K
}
Event: 940.516 GC heap before
{Heap before GC invocations=115 (full 8):
 garbage-first heap   total 17408K, used 4637K [0x0000000780000000, 0x0000000800000000)
  region size 1024K, 1 young (1024K), 0 survivors (0K)
 Metaspace       used 8390K, capacity 8609K, committed 9216K, reserved 1056768K
  class space    used 817K, capacity 910K, committed 1024K, reserved 1048576K
}
Event: 940.527 GC heap after
{Heap after GC invocations=116 (full 9):
 garbage-first heap   total 17408K, used 4637K [0x0000000780000000, 0x0000000800000000)
  region size 1024K, 0 young (0K), 0 survivors (0K)
 Metaspace       used 8390K, capacity 8609K, committed 9216K, reserved 1056768K
  class space    used 817K, capacity 910K, committed 1024K, reserved 1048576K
}
Event: 943.101 GC heap before
{Heap before GC invocations=116 (full 9):
 garbage-first heap   total 17408K, used 4637K [0x0000000780000000, 0x0000000800000000)
  region size 1024K, 1 young (1024K), 0 survivors (0K)
 Metaspace       used 8390K, capacity 8609K, committed 9216K, reserved 1056768K
  class space    used 817K, capacity 910K, committed 1024K, reserved 1048576K
}
Event: 943.112 GC heap after
{Heap after GC invocations=117 (full 10):
 garbage-first heap   total 17408K, used 4637K [0x0000000780000000, 0x0000000800000000)
  region size 1024K, 0 young (0K), 0 survivors (0K)
 Metaspace       used 8390K, capacity 8609K, committed 9216K, reserved 1056768K
  class space    used 817K, capacity 910K, committed 1024K, reserved 1048576K
}

Deoptimization events (20 events):
Event: 639.236 Thread 0x00007f8ca81b7800 DEOPT PACKING pc=0x0000000120fa3604 sp=0x00007ff7bb16c230
Event: 639.236 Thread 0x00007f8ca81b7800 DEOPT UNPACKING pc=0x00000001207c864a sp=0x00007ff7bb16b700 mode 0
Event: 639.237 Thread 0x00007f8ca81b7800 Uncommon trap: trap_request=0xffffff4d fr.pc=0x0000000128320ec8 relative=0x0000000000000808
Event: 639.237 Thread 0x00007f8ca81b7800 Uncommon trap: reason=unstable_if action=reinterpret pc=0x0000000128320ec8 method=com.stata.plugins.csvparser.CSVParser.readLine_u(Ljava/io/BufferedReader;Ljava/lang/StringBuilder;)Z @ 141 c2
Event: 639.237 Thread 0x00007f8ca81b7800 DEOPT PACKING pc=0x0000000128320ec8 sp=0x00007ff7bb16c260
Event: 639.237 Thread 0x00007f8ca81b7800 DEOPT UNPACKING pc=0x00000001207c7ea5 sp=0x00007ff7bb16c238 mode 2
Event: 639.238 Thread 0x00007f8ca81b7800 Uncommon trap: trap_request=0xffffff4d fr.pc=0x00000001282f4af0 relative=0x0000000000000130
Event: 639.238 Thread 0x00007f8ca81b7800 Uncommon trap: reason=unstable_if action=reinterpret pc=0x00000001282f4af0 method=com.stata.plugins.csvparser.CSVParser._read(Ljava/io/BufferedReader;)I @ 19 c2
Event: 639.238 Thread 0x00007f8ca81b7800 DEOPT PACKING pc=0x00000001282f4af0 sp=0x00007ff7bb16c200
Event: 639.238 Thread 0x00007f8ca81b7800 DEOPT UNPACKING pc=0x00000001207c7ea5 sp=0x00007ff7bb16c1c8 mode 2
Event: 639.239 Thread 0x00007f8ca81b7800 Uncommon trap: trap_request=0xffffff4d fr.pc=0x000000012831fa34 relative=0x0000000000000814
Event: 639.239 Thread 0x00007f8ca81b7800 Uncommon trap: reason=unstable_if action=reinterpret pc=0x000000012831fa34 method=com.stata.plugins.csvparser.CSVParser.readLine_u(Ljava/io/BufferedReader;Ljava/lang/StringBuilder;)Z @ 141 c2
Event: 639.239 Thread 0x00007f8ca81b7800 DEOPT PACKING pc=0x000000012831fa34 sp=0x00007ff7bb16c240
Event: 639.239 Thread 0x00007f8ca81b7800 DEOPT UNPACKING pc=0x00000001207c7ea5 sp=0x00007ff7bb16c218 mode 2
Event: 639.256 Thread 0x00007f8ca81b7800 DEOPT PACKING pc=0x0000000120fa3604 sp=0x00007ff7bb16c230
Event: 639.256 Thread 0x00007f8ca81b7800 DEOPT UNPACKING pc=0x00000001207c864a sp=0x00007ff7bb16b700 mode 0
Event: 639.315 Thread 0x00007f8ca81b7800 DEOPT PACKING pc=0x0000000120fac17c sp=0x00007ff7bb16c230
Event: 639.315 Thread 0x00007f8ca81b7800 DEOPT UNPACKING pc=0x00000001207c864a sp=0x00007ff7bb16b738 mode 0
Event: 639.316 Thread 0x00007f8ca81b7800 DEOPT PACKING pc=0x0000000120fac17c sp=0x00007ff7bb16c210
Event: 639.316 Thread 0x00007f8ca81b7800 DEOPT UNPACKING pc=0x00000001207c864a sp=0x00007ff7bb16b718 mode 0

Classes redefined (0 events):
No events

Internal exceptions (11 events):
Event: 14.150 Thread 0x00007f8ca81b7800 Exception <a 'java/lang/ClassNotFoundException'{0x000000078fc87ef8}: sun/awt/resources/spi/awtProvider> (0x000000078fc87ef8) thrown at [./src/hotspot/share/classfile/systemDictionary.cpp, line 233]
Event: 14.230 Thread 0x00007f8ca81b7800 Exception <a 'java/io/FileNotFoundException'{0x000000078fb18768}> (0x000000078fb18768) thrown at [./src/hotspot/share/prims/jni.cpp, line 616]
Event: 14.243 Thread 0x00007f8ca81b7800 Exception <a 'java/lang/NoSuchMethodError'{0x000000078fb73598}: 'java.lang.Object java.lang.invoke.DirectMethodHandle$Holder.invokeStatic(java.lang.Object, java.lang.Object, java.lang.Object, java.lang.Object, java.lang.Object, java.lang.Object, java.lang.Object, java.lang.Object, java.lang.Object, java.lang.Object, java.lang.Object, java.lang.Object, java.lang.Object, java.lang.Object, java.lang.Object)'> (0x000000078fb73598) thrown at [./src/hotspot/share/interpreter/linkResolver.cpp, line 773]
Event: 14.245 Thread 0x00007f8ca81b7800 Exception <a 'java/lang/NoSuchMethodError'{0x000000078fb81238}: 'java.lang.Object java.lang.invoke.DirectMethodHandle$Holder.invokeStatic(java.lang.Object, java.lang.Object, java.lang.Object, java.lang.Object, java.lang.Object, java.lang.Object, java.lang.Object, java.lang.Object, java.lang.Object, java.lang.Object, java.lang.Object, java.lang.Object, java.lang.Object, java.lang.Object, java.lang.Object, java.lang.Object)'> (0x000000078fb81238) thrown at [./src/hotspot/share/interpreter/linkResolver.cpp, l
Event: 14.246 Thread 0x00007f8ca81b7800 Exception <a 'java/lang/NoSuchMethodError'{0x000000078fb8eea8}: 'java.lang.Object java.lang.invoke.DirectMethodHandle$Holder.invokeSpecial(java.lang.Object, java.lang.Object, int, int, java.lang.Object, java.lang.Object, java.lang.Object)'> (0x000000078fb8eea8) thrown at [./src/hotspot/share/interpreter/linkResolver.cpp, line 773]
Event: 14.246 Thread 0x00007f8ca81b7800 Exception <a 'java/lang/NoSuchMethodError'{0x000000078fb92680}: 'java.lang.Object java.lang.invoke.DelegatingMethodHandle$Holder.reinvoke_L(java.lang.Object, int, int, java.lang.Object, java.lang.Object, java.lang.Object)'> (0x000000078fb92680) thrown at [./src/hotspot/share/interpreter/linkResolver.cpp, line 773]
Event: 14.247 Thread 0x00007f8ca81b7800 Exception <a 'java/lang/NoSuchMethodError'{0x000000078fb96760}: 'java.lang.Object java.lang.invoke.DirectMethodHandle$Holder.invokeStatic(java.lang.Object, java.lang.Object, java.lang.Object, java.lang.Object, int)'> (0x000000078fb96760) thrown at [./src/hotspot/share/interpreter/linkResolver.cpp, line 773]
Event: 14.256 Thread 0x00007f8ca81b7800 Exception <a 'java/io/FileNotFoundException'{0x000000078fbf9d90}> (0x000000078fbf9d90) thrown at [./src/hotspot/share/prims/jni.cpp, line 616]
Event: 14.265 Thread 0x00007f8ca81b7800 Exception <a 'java/lang/ClassNotFoundException'{0x000000078fbfe808}: sun/awt/resources/spi/awtosxProvider> (0x000000078fbfe808) thrown at [./src/hotspot/share/classfile/systemDictionary.cpp, line 233]
Event: 14.313 Thread 0x00007f8ca81b7800 Exception <a 'java/lang/NoSuchMethodError'{0x000000078fa41ee0}: 'java.lang.Object java.lang.invoke.DirectMethodHandle$Holder.invokeStatic(java.lang.Object, java.lang.Object, java.lang.Object, java.lang.Object, java.lang.Object, java.lang.Object, java.lang.Object, java.lang.Object, int)'> (0x000000078fa41ee0) thrown at [./src/hotspot/share/interpreter/linkResolver.cpp, line 773]
Event: 14.316 Thread 0x00007f8ca81b7800 Exception <a 'java/lang/NoSuchMethodError'{0x000000078fa5c228}: 'java.lang.Object java.lang.invoke.DirectMethodHandle$Holder.invokeStatic(java.lang.Object, java.lang.Object, java.lang.Object, java.lang.Object, java.lang.Object, java.lang.Object, java.lang.Object, java.lang.Object, int, int)'> (0x000000078fa5c228) thrown at [./src/hotspot/share/interpreter/linkResolver.cpp, line 773]

Events (20 events):
Event: 940.516 Thread 0x00007f8ca79b9800 Thread added: 0x00007f8ca79b9800
Event: 940.516 Protecting memory [0x000070000c0f2000,0x000070000c0f6000] with protection modes 0
Event: 940.516 Thread 0x00007f8ca7d2a000 Thread added: 0x00007f8ca7d2a000
Event: 940.516 Protecting memory [0x000070000c2f5000,0x000070000c2f9000] with protection modes 0
Event: 940.516 Executing VM operation: G1CollectFull
Event: 940.527 Executing VM operation: G1CollectFull done
Event: 941.532 Protecting memory [0x000070000c0f2000,0x000070000c0f6000] with protection modes 3
Event: 941.532 Thread 0x00007f8ca79b9800 Thread exited: 0x00007f8ca79b9800
Event: 941.532 Protecting memory [0x000070000c2f5000,0x000070000c2f9000] with protection modes 3
Event: 941.532 Thread 0x00007f8ca7d2a000 Thread exited: 0x00007f8ca7d2a000
Event: 943.101 Thread 0x00007f8ae4016000 Thread added: 0x00007f8ae4016000
Event: 943.101 Protecting memory [0x000070000c0f2000,0x000070000c0f6000] with protection modes 0
Event: 943.101 Thread 0x00007f8ae4008800 Thread added: 0x00007f8ae4008800
Event: 943.101 Protecting memory [0x000070000c2f5000,0x000070000c2f9000] with protection modes 0
Event: 943.101 Executing VM operation: G1CollectFull
Event: 943.114 Executing VM operation: G1CollectFull done
Event: 944.119 Protecting memory [0x000070000c0f2000,0x000070000c0f6000] with protection modes 3
Event: 944.119 Thread 0x00007f8ae4016000 Thread exited: 0x00007f8ae4016000
Event: 944.119 Protecting memory [0x000070000c2f5000,0x000070000c2f9000] with protection modes 3
Event: 944.119 Thread 0x00007f8ae4008800 Thread exited: 0x00007f8ae4008800


Dynamic libraries:
0x0000000108a7a000 	/Applications/Stata/StataMP.app/Contents/Resources/lib/libomp.dylib
0x000000010883a000 	/Applications/Stata/StataMP.app/Contents/Frameworks/Scintilla.framework/Versions/A/Scintilla
0x00007ff8278e0000 	/System/Library/Frameworks/ApplicationServices.framework/Versions/A/ApplicationServices
0x00007ff818342000 	/System/Library/Frameworks/CoreGraphics.framework/Versions/A/CoreGraphics
0x00007ff814744000 	/System/Library/Frameworks/CoreText.framework/Versions/A/CoreText
0x00007ff81c01e000 	/System/Library/Frameworks/ImageIO.framework/Versions/A/ImageIO
0x00007ff818a0e000 	/System/Library/Frameworks/ColorSync.framework/Versions/A/ColorSync
0x00007ff820a8c000 	/System/Library/Frameworks/ApplicationServices.framework/Versions/A/Frameworks/ATS.framework/Versions/A/ATS
0x00007ff824024000 	/System/Library/Frameworks/CoreServices.framework/Versions/A/CoreServices
0x00007ff818b0a000 	/System/Library/Frameworks/ApplicationServices.framework/Versions/A/Frameworks/HIServices.framework/Versions/A/HIServices
0x00007ff81fa67000 	/System/Library/Frameworks/ApplicationServices.framework/Versions/A/Frameworks/PrintCore.framework/Versions/A/PrintCore
0x00007ff820e10000 	/System/Library/Frameworks/ApplicationServices.framework/Versions/A/Frameworks/QD.framework/Versions/A/QD
0x00007ff820e08000 	/System/Library/Frameworks/ApplicationServices.framework/Versions/A/Frameworks/ColorSyncLegacy.framework/Versions/A/ColorSyncLegacy
0x00007ff820a7c000 	/System/Library/Frameworks/ApplicationServices.framework/Versions/A/Frameworks/SpeechSynthesis.framework/Versions/A/SpeechSynthesis
0x00007ff81dd89000 	/usr/lib/libSystem.B.dylib
0x00007ff817fac000 	/System/Library/PrivateFrameworks/SkyLight.framework/Versions/A/SkyLight
0x00007ff81bba2000 	/System/Library/PrivateFrameworks/FontServices.framework/libFontParser.dylib
0x00007ff82426f000 	/System/Library/Frameworks/Accelerate.framework/Versions/A/Accelerate
0x00007ff81b92c000 	/System/Library/Frameworks/IOSurface.framework/Versions/A/IOSurface
0x00007ff81a76f000 	/usr/lib/libxml2.2.dylib
0x00007ff817a82000 	/System/Library/Frameworks/CFNetwork.framework/Versions/A/CFNetwork
0x00007ff813056000 	/System/Library/Frameworks/CoreFoundation.framework/Versions/A/CoreFoundation
0x00007ff81dca9000 	/usr/lib/libz.1.dylib
0x00007ff813edc000 	/System/Library/Frameworks/Foundation.framework/Versions/C/Foundation
0x00007ff812e9d000 	/usr/lib/libobjc.A.dylib
0x00007ff812f63000 	/usr/lib/libc++.1.dylib
0x00007ff819707000 	/System/Library/PrivateFrameworks/RunningBoardServices.framework/Versions/A/RunningBoardServices
0x00007ff817f30000 	/usr/lib/libMobileGestalt.dylib
0x00007ff82a1d0000 	/System/Library/PrivateFrameworks/IOSurfaceAccelerator.framework/Versions/A/IOSurfaceAccelerator
0x00007ff81f35c000 	/System/Library/PrivateFrameworks/WatchdogClient.framework/Versions/A/WatchdogClient
0x00007ff81e013000 	/usr/lib/libcompression.dylib
0x00007ff8199bb000 	/usr/lib/libDiagnosticMessagesClient.dylib
0x00007ff813bed000 	/System/Library/Frameworks/SystemConfiguration.framework/Versions/A/SystemConfiguration
0x00007ff814386000 	/System/Library/Frameworks/CoreDisplay.framework/Versions/A/CoreDisplay
0x00007ff81baa1000 	/System/Library/Frameworks/CoreMedia.framework/Versions/A/CoreMedia
0x00007ff81b93e000 	/System/Library/PrivateFrameworks/IOAccelerator.framework/Versions/A/IOAccelerator
0x00007ff8159b1000 	/System/Library/Frameworks/IOKit.framework/Versions/A/IOKit
0x00007ff81b947000 	/System/Library/Frameworks/Metal.framework/Versions/A/Metal
0x00007ff81a852000 	/System/Library/Frameworks/CoreVideo.framework/Versions/A/CoreVideo
0x00007ff81e00c000 	/System/Library/Frameworks/MetalPerformanceShaders.framework/Versions/A/MetalPerformanceShaders
0x00007ff81f360000 	/System/Library/PrivateFrameworks/MultitouchSupport.framework/Versions/A/MultitouchSupport
0x00007ff815056000 	/System/Library/Frameworks/Security.framework/Versions/A/Security
0x00007ff81a151000 	/System/Library/Frameworks/QuartzCore.framework/Versions/A/QuartzCore
0x00007ff81d3d1000 	/usr/lib/libbsm.0.dylib
0x00007ff81dd8f000 	/System/Library/PrivateFrameworks/SoftLinking.framework/Versions/A/SoftLinking
0x00007ff81998d000 	/System/Library/PrivateFrameworks/CoreAnalytics.framework/Versions/A/CoreAnalytics
0x00007ff81f397000 	/System/Library/Frameworks/VideoToolbox.framework/Versions/A/VideoToolbox
0x00007ff81964f000 	/System/Library/PrivateFrameworks/BaseBoard.framework/Versions/A/BaseBoard
0x00007ff81a6f2000 	/System/Library/Frameworks/CoreServices.framework/Versions/A/Frameworks/FSEvents.framework/Versions/A/FSEvents
0x00007ff815649000 	/System/Library/Frameworks/CoreServices.framework/Versions/A/Frameworks/CarbonCore.framework/Versions/A/CarbonCore
0x00007ff819a0e000 	/System/Library/Frameworks/CoreServices.framework/Versions/A/Frameworks/Metadata.framework/Versions/A/Metadata
0x00007ff81da60000 	/System/Library/Frameworks/CoreServices.framework/Versions/A/Frameworks/OSServices.framework/Versions/A/OSServices
0x00007ff81df51000 	/System/Library/Frameworks/CoreServices.framework/Versions/A/Frameworks/SearchKit.framework/Versions/A/SearchKit
0x00007ff81975d000 	/System/Library/Frameworks/CoreServices.framework/Versions/A/Frameworks/AE.framework/Versions/A/AE
0x00007ff813559000 	/System/Library/Frameworks/CoreServices.framework/Versions/A/Frameworks/LaunchServices.framework/Versions/A/LaunchServices
0x00007ff81e495000 	/System/Library/Frameworks/CoreServices.framework/Versions/A/Frameworks/DictionaryServices.framework/Versions/A/DictionaryServices
0x00007ff81a6ff000 	/System/Library/Frameworks/CoreServices.framework/Versions/A/Frameworks/SharedFileList.framework/Versions/A/SharedFileList
0x00007ff81dfdd000 	/usr/lib/libapple_nghttp2.dylib
0x00007ff8153b6000 	/usr/lib/libicucore.A.dylib
0x00007ff8170b8000 	/usr/lib/libnetwork.dylib
0x00007ff8193f6000 	/usr/lib/libsqlite3.dylib
0x00007ff81dd57000 	/usr/lib/liboah.dylib
0x00007ff81dd8b000 	/usr/lib/libfakelink.dylib
0x00007ff812fbc000 	/usr/lib/libc++abi.dylib
0x00007ff81dd84000 	/usr/lib/system/libcache.dylib
0x00007ff81dd40000 	/usr/lib/system/libcommonCrypto.dylib
0x00007ff81dd69000 	/usr/lib/system/libcompiler_rt.dylib
0x00007ff81dd5f000 	/usr/lib/system/libcopyfile.dylib
0x00007ff812d97000 	/usr/lib/system/libcorecrypto.dylib
0x00007ff812e56000 	/usr/lib/system/libdispatch.dylib
0x00007ff813015000 	/usr/lib/system/libdyld.dylib
0x00007ff81dd7b000 	/usr/lib/system/libkeymgr.dylib
0x00007ff81dd1e000 	/usr/lib/system/libmacho.dylib
0x00007ff81d3aa000 	/usr/lib/system/libquarantine.dylib
0x00007ff81dd79000 	/usr/lib/system/libremovefile.dylib
0x00007ff817f7c000 	/usr/lib/system/libsystem_asl.dylib
0x00007ff812d45000 	/usr/lib/system/libsystem_blocks.dylib
0x00007ff812eda000 	/usr/lib/system/libsystem_c.dylib
0x00007ff81dd71000 	/usr/lib/system/libsystem_collections.dylib
0x00007ff81c652000 	/usr/lib/system/libsystem_configuration.dylib
0x00007ff81b90f000 	/usr/lib/system/libsystem_containermanager.dylib
0x00007ff81da5b000 	/usr/lib/system/libsystem_coreservices.dylib
0x00007ff81563f000 	/usr/lib/system/libsystem_darwin.dylib
0x00007ff81dd7c000 	/usr/lib/system/libsystem_dnssd.dylib
0x00007ff812ed7000 	/usr/lib/system/libsystem_featureflags.dylib
0x00007ff81302b000 	/usr/lib/system/libsystem_info.dylib
0x00007ff81dcbc000 	/usr/lib/system/libsystem_m.dylib
0x00007ff812e2a000 	/usr/lib/system/libsystem_malloc.dylib
0x00007ff817f19000 	/usr/lib/system/libsystem_networkextension.dylib
0x00007ff815a67000 	/usr/lib/system/libsystem_notify.dylib
0x00007ff823ef9000 	/usr/lib/system/libsystem_product_info_filter.dylib
0x00007ff81c656000 	/usr/lib/system/libsystem_sandbox.dylib
0x00007ff81dd76000 	/usr/lib/system/libsystem_secinit.dylib
0x00007ff812fd2000 	/usr/lib/system/libsystem_kernel.dylib
0x00007ff813021000 	/usr/lib/system/libsystem_platform.dylib
0x00007ff813009000 	/usr/lib/system/libsystem_pthread.dylib
0x00007ff8197d4000 	/usr/lib/system/libsystem_symptoms.dylib
0x00007ff812d7e000 	/usr/lib/system/libsystem_trace.dylib
0x00007ff81dd4c000 	/usr/lib/system/libunwind.dylib
0x00007ff812d47000 	/usr/lib/system/libxpc.dylib
0x00007ff817f2f000 	/usr/lib/libenergytrace.dylib
0x00007ff81dd24000 	/usr/lib/system/libkxld.dylib
0x00007ffb28af2000 	/usr/lib/libCoreEntitlements.dylib
0x00007ff81da3d000 	/System/Library/PrivateFrameworks/AppleFSCompression.framework/Versions/A/AppleFSCompression
0x00007ff81d3b9000 	/usr/lib/libcoretls.dylib
0x00007ff81e4fe000 	/usr/lib/libcoretls_cfhelpers.dylib
0x00007ff81e00e000 	/usr/lib/libpam.2.dylib
0x00007ff81e56d000 	/usr/lib/libxar.1.dylib
0x00007ff81a727000 	/System/Library/PrivateFrameworks/CoreAutoLayout.framework/Versions/A/CoreAutoLayout
0x00007ff819aa9000 	/System/Library/Frameworks/DiskArbitration.framework/Versions/A/DiskArbitration
0x00007ff81deca000 	/usr/lib/libarchive.2.dylib
0x00007ff81c661000 	/usr/lib/liblangid.dylib
0x00007ff81c65d000 	/System/Library/PrivateFrameworks/AppleSystemInfo.framework/Versions/A/AppleSystemInfo
0x00007ff81cfff000 	/System/Library/PrivateFrameworks/IOMobileFramebuffer.framework/Versions/A/IOMobileFramebuffer
0x00007ff81dd90000 	/usr/lib/libpcap.A.dylib
0x00007ff8197cb000 	/usr/lib/libdns_services.dylib
0x00007ff81e4e4000 	/usr/lib/liblzma.5.dylib
0x00007ff81da4d000 	/usr/lib/libbz2.1.0.dylib
0x00007ff81ddc7000 	/usr/lib/libiconv.2.dylib
0x00007ff81dd1d000 	/usr/lib/libcharset.1.dylib
0x00007ff81d3ad000 	/usr/lib/libCheckFix.dylib
0x00007ff817f93000 	/System/Library/PrivateFrameworks/TCC.framework/Versions/A/TCC
0x00007ff81c663000 	/System/Library/PrivateFrameworks/CoreNLP.framework/Versions/A/CoreNLP
0x00007ff8199be000 	/System/Library/PrivateFrameworks/MetadataUtilities.framework/Versions/A/MetadataUtilities
0x00007ff813c9d000 	/usr/lib/libmecabra.dylib
0x00007ff81d3e1000 	/usr/lib/libmecab.dylib
0x00007ff813c68000 	/usr/lib/libCRFSuite.dylib
0x00007ff81d43e000 	/usr/lib/libgermantok.dylib
0x00007ff81dfb8000 	/usr/lib/libThaiTokenizer.dylib
0x00007ff819ab0000 	/System/Library/Frameworks/Accelerate.framework/Versions/A/Frameworks/vImage.framework/Versions/A/vImage
0x00007ff823ffb000 	/System/Library/Frameworks/Accelerate.framework/Versions/A/Frameworks/vecLib.framework/Versions/A/vecLib
0x00007ff81e5ae000 	/System/Library/Frameworks/Accelerate.framework/Versions/A/Frameworks/vecLib.framework/Versions/A/libvMisc.dylib
0x00007ff81ce1d000 	/System/Library/Frameworks/Accelerate.framework/Versions/A/Frameworks/vecLib.framework/Versions/A/libvDSP.dylib
0x00007ff8138d1000 	/System/Library/Frameworks/Accelerate.framework/Versions/A/Frameworks/vecLib.framework/Versions/A/libBLAS.dylib
0x00007ff81e0ef000 	/System/Library/Frameworks/Accelerate.framework/Versions/A/Frameworks/vecLib.framework/Versions/A/libLAPACK.dylib
0x00007ff81d441000 	/System/Library/Frameworks/Accelerate.framework/Versions/A/Frameworks/vecLib.framework/Versions/A/libLinearAlgebra.dylib
0x00007ff81dff6000 	/System/Library/Frameworks/Accelerate.framework/Versions/A/Frameworks/vecLib.framework/Versions/A/libSparseBLAS.dylib
0x00007ff81e0e9000 	/System/Library/Frameworks/Accelerate.framework/Versions/A/Frameworks/vecLib.framework/Versions/A/libQuadrature.dylib
0x00007ff81c74d000 	/System/Library/Frameworks/Accelerate.framework/Versions/A/Frameworks/vecLib.framework/Versions/A/libBNNS.dylib
0x00007ff813b7e000 	/System/Library/Frameworks/Accelerate.framework/Versions/A/Frameworks/vecLib.framework/Versions/A/libSparse.dylib
0x00007ff81c746000 	/System/Library/PrivateFrameworks/LinguisticData.framework/Versions/A/LinguisticData
0x00007ff813b33000 	/System/Library/PrivateFrameworks/Lexicon.framework/Versions/A/Lexicon
0x00007ff81e5a7000 	/usr/lib/libChineseTokenizer.dylib
0x00007ff814297000 	/System/Library/PrivateFrameworks/LanguageModeling.framework/Versions/A/LanguageModeling
0x00007ff81dfba000 	/System/Library/PrivateFrameworks/AppleSauce.framework/Versions/A/AppleSauce
0x00007ff81cfed000 	/System/Library/PrivateFrameworks/CoreEmoji.framework/Versions/A/CoreEmoji
0x00007ff81deb9000 	/usr/lib/libcmph.dylib
0x00007ff81a6d6000 	/System/Library/Frameworks/OpenDirectory.framework/Versions/A/Frameworks/CFOpenDirectory.framework/Versions/A/CFOpenDirectory
0x00007ff81a6ca000 	/System/Library/Frameworks/OpenDirectory.framework/Versions/A/OpenDirectory
0x00007ff81e500000 	/System/Library/PrivateFrameworks/APFS.framework/Versions/A/APFS
0x00007ff81d30e000 	/System/Library/Frameworks/SecurityFoundation.framework/Versions/A/SecurityFoundation
0x00007ff81e57b000 	/usr/lib/libutil.dylib
0x00007ff815974000 	/System/Library/PrivateFrameworks/CoreServicesStore.framework/Versions/A/CoreServicesStore
0x00007ff81a724000 	/usr/lib/libapp_launch_measurement.dylib
0x00007ff81e57f000 	/usr/lib/libxslt.1.dylib
0x00007ff81d39b000 	/System/Library/PrivateFrameworks/BackgroundTaskManagement.framework/Versions/A/BackgroundTaskManagement
0x00007ff8193dc000 	/System/Library/PrivateFrameworks/ProtocolBuffer.framework/Versions/A/ProtocolBuffer
0x00007ff81e706000 	/usr/lib/libate.dylib
0x00007ff81f9ef000 	/System/Library/Frameworks/ImageIO.framework/Versions/A/Resources/libRadiance.dylib
0x00007ff81f9f8000 	/System/Library/Frameworks/ImageIO.framework/Versions/A/Resources/libJPEG.dylib
0x00007ff81f948000 	/System/Library/Frameworks/ImageIO.framework/Versions/A/Resources/libPng.dylib
0x00007ff81f969000 	/System/Library/Frameworks/ImageIO.framework/Versions/A/Resources/libTIFF.dylib
0x00007ff81fa58000 	/System/Library/Frameworks/ImageIO.framework/Versions/A/Resources/libGIF.dylib
0x00007ff81f279000 	/System/Library/Frameworks/ImageIO.framework/Versions/A/Resources/libJP2.dylib
0x00007ff81e9bb000 	/usr/lib/libexpat.1.dylib
0x00007ff81f22e000 	/System/Library/PrivateFrameworks/AppleJPEG.framework/Versions/A/AppleJPEG
0x00007ff81f9e8000 	/System/Library/PrivateFrameworks/GPUWrangler.framework/Versions/A/GPUWrangler
0x00007ff81f9cb000 	/System/Library/PrivateFrameworks/IOPresentment.framework/Versions/A/IOPresentment
0x00007ff81f9f2000 	/System/Library/PrivateFrameworks/DSExternalDisplay.framework/Versions/A/DSExternalDisplay
0x00007ffa2acc1000 	/System/Library/Frameworks/OpenGL.framework/Versions/A/Libraries/libCoreFSCache.dylib
0x00007ffb16d62000 	/System/Library/PrivateFrameworks/GPUCompiler.framework/Versions/31001/Libraries/libGPUCompilerUtils.dylib
0x00007ff81fa5d000 	/System/Library/PrivateFrameworks/CMCaptureCore.framework/Versions/A/CMCaptureCore
0x00007ff81ef79000 	/usr/lib/libspindump.dylib
0x00007ff81492e000 	/System/Library/Frameworks/CoreAudio.framework/Versions/A/CoreAudio
0x00007ff81ef67000 	/System/Library/PrivateFrameworks/AppServerSupport.framework/Versions/A/AppServerSupport
0x00007ff821144000 	/System/Library/PrivateFrameworks/perfdata.framework/Versions/A/perfdata
0x00007ff8144b2000 	/System/Library/PrivateFrameworks/AudioToolboxCore.framework/Versions/A/AudioToolboxCore
0x00007ff81ba7e000 	/System/Library/PrivateFrameworks/caulk.framework/Versions/A/caulk
0x00007ff820a68000 	/usr/lib/libAudioStatistics.dylib
0x00007ff917d8b000 	/System/Library/PrivateFrameworks/SystemPolicy.framework/Versions/A/SystemPolicy
0x00007ff820cbd000 	/usr/lib/libSMC.dylib
0x00007ff829b07000 	/System/Library/Frameworks/CoreMIDI.framework/Versions/A/CoreMIDI
0x00007ff81f918000 	/usr/lib/libAudioToolboxUtility.dylib
0x00007ff91419d000 	/System/Library/PrivateFrameworks/OSAServicesClient.framework/Versions/A/OSAServicesClient
0x00007ff821151000 	/usr/lib/libperfcheck.dylib
0x00007ff91881d000 	/usr/lib/libmis.dylib
0x00007ffa2accd000 	/System/Library/Frameworks/OpenGL.framework/Versions/A/OpenGL
0x00007ffa2ad1d000 	/System/Library/Frameworks/OpenGL.framework/Versions/A/Libraries/libGLU.dylib
0x00007ffa2ace0000 	/System/Library/Frameworks/OpenGL.framework/Versions/A/Libraries/libGFXShared.dylib
0x00007ffa2aeee000 	/System/Library/Frameworks/OpenGL.framework/Versions/A/Libraries/libGL.dylib
0x00007ffa2ace9000 	/System/Library/Frameworks/OpenGL.framework/Versions/A/Libraries/libGLImage.dylib
0x00007ffa2acdd000 	/System/Library/Frameworks/OpenGL.framework/Versions/A/Libraries/libCVMSPluginSupport.dylib
0x00007ffa2acc8000 	/System/Library/Frameworks/OpenGL.framework/Versions/A/Libraries/libCoreVMClient.dylib
0x00007ff81c5e1000 	/System/Library/Frameworks/MetalPerformanceShaders.framework/Versions/A/Frameworks/MPSCore.framework/Versions/A/MPSCore
0x00007ff81d9a8000 	/System/Library/Frameworks/MetalPerformanceShaders.framework/Versions/A/Frameworks/MPSImage.framework/Versions/A/MPSImage
0x00007ff81d457000 	/System/Library/Frameworks/MetalPerformanceShaders.framework/Versions/A/Frameworks/MPSNeuralNetwork.framework/Versions/A/MPSNeuralNetwork
0x00007ff81d8cc000 	/System/Library/Frameworks/MetalPerformanceShaders.framework/Versions/A/Frameworks/MPSMatrix.framework/Versions/A/MPSMatrix
0x00007ff81d688000 	/System/Library/Frameworks/MetalPerformanceShaders.framework/Versions/A/Frameworks/MPSRayIntersector.framework/Versions/A/MPSRayIntersector
0x00007ff81d905000 	/System/Library/Frameworks/MetalPerformanceShaders.framework/Versions/A/Frameworks/MPSNDArray.framework/Versions/A/MPSNDArray
0x00007ffa2f8e2000 	/System/Library/Frameworks/MetalPerformanceShaders.framework/Versions/A/Frameworks/MPSFunctions.framework/Versions/A/MPSFunctions
0x00007ff8137b4000 	/System/Library/PrivateFrameworks/MetalTools.framework/Versions/A/MetalTools
0x00007ff81c65b000 	/System/Library/PrivateFrameworks/AggregateDictionary.framework/Versions/A/AggregateDictionary
0x00007ff81e79d000 	/usr/lib/libIOReport.dylib
0x00007ff81c268000 	/System/Library/Frameworks/CoreImage.framework/Versions/A/CoreImage
0x00007ffa2c2fd000 	/System/Library/Frameworks/OpenCL.framework/Versions/A/OpenCL
0x00007ff81eb01000 	/System/Library/PrivateFrameworks/FaceCore.framework/Versions/A/FaceCore
0x00007ff81eaf2000 	/System/Library/PrivateFrameworks/GraphVisualizer.framework/Versions/A/GraphVisualizer
0x00007ffb16c6d000 	/System/Library/PrivateFrameworks/FontServices.framework/Versions/A/FontServices
0x00007ff816be5000 	/System/Library/Frameworks/UniformTypeIdentifiers.framework/Versions/A/UniformTypeIdentifiers
0x00007ff81ef1e000 	/System/Library/PrivateFrameworks/OTSVG.framework/Versions/A/OTSVG
0x00007ff81a43a000 	/System/Library/Frameworks/ApplicationServices.framework/Versions/A/Frameworks/ATS.framework/Versions/A/Resources/libFontRegistry.dylib
0x00007ff81ef6f000 	/System/Library/PrivateFrameworks/FontServices.framework/libhvf.dylib
0x00007ffb16c6e000 	/System/Library/PrivateFrameworks/FontServices.framework/libXTFontStaticRegistryData.dylib
0x00007ff81e96b000 	/System/Library/PrivateFrameworks/AppleVA.framework/Versions/A/AppleVA
0x00007ff81fa28000 	/System/Library/Frameworks/ApplicationServices.framework/Versions/A/Frameworks/ATSUI.framework/Versions/A/ATSUI
0x00007ff820d9d000 	/usr/lib/libcups.2.dylib
0x00007ff821160000 	/System/Library/Frameworks/Kerberos.framework/Versions/A/Kerberos
0x00007ff82116f000 	/System/Library/Frameworks/GSS.framework/Versions/A/GSS
0x00007ff820af8000 	/usr/lib/libresolv.9.dylib
0x00007ff81ef7e000 	/System/Library/PrivateFrameworks/Heimdal.framework/Versions/A/Heimdal
0x00007ff827c5d000 	/System/Library/Frameworks/Kerberos.framework/Versions/A/Libraries/libHeimdalProxy.dylib
0x00007ff8197dc000 	/System/Library/Frameworks/Network.framework/Versions/A/Network
0x00007ff81e9d5000 	/usr/lib/libheimdal-asn1.dylib
0x00007ff8211bb000 	/System/Library/PrivateFrameworks/CommonAuth.framework/Versions/A/CommonAuth
0x00007ff8208be000 	/System/Library/Frameworks/AudioToolbox.framework/Versions/A/AudioToolbox
0x00007ff8209f9000 	/System/Library/PrivateFrameworks/AudioSession.framework/Versions/A/AudioSession
0x00007ff81ea65000 	/System/Library/PrivateFrameworks/MediaExperience.framework/Versions/A/MediaExperience
0x00007ff82088d000 	/System/Library/PrivateFrameworks/AudioSession.framework/libSessionUtility.dylib
0x00007ff820e1c000 	/System/Library/PrivateFrameworks/AudioResourceArbitration.framework/Versions/A/AudioResourceArbitration
0x00007ff824e0e000 	/System/Library/PrivateFrameworks/PowerLog.framework/Versions/A/PowerLog
0x00007ff818fc1000 	/System/Library/Frameworks/CoreData.framework/Versions/A/CoreData
0x00007ff829c54000 	/System/Library/Frameworks/Cocoa.framework/Versions/A/Cocoa
0x00007ff815ac5000 	/System/Library/Frameworks/AppKit.framework/Versions/C/AppKit
0x00007ff816957000 	/System/Library/PrivateFrameworks/UIFoundation.framework/Versions/A/UIFoundation
0x00007ff823c00000 	/System/Library/PrivateFrameworks/RemoteViewServices.framework/Versions/A/RemoteViewServices
0x00007ff81bfeb000 	/System/Library/PrivateFrameworks/XCTTargetBootstrap.framework/Versions/A/XCTTargetBootstrap
0x00007ff81fb99000 	/System/Library/PrivateFrameworks/InternationalSupport.framework/Versions/A/InternationalSupport
0x00007ff81fc23000 	/System/Library/PrivateFrameworks/UserActivity.framework/Versions/A/UserActivity
0x00007ff81bfef000 	/System/Library/PrivateFrameworks/CoreSVG.framework/Versions/A/CoreSVG
0x00007ff81e9f4000 	/System/Library/PrivateFrameworks/IconServices.framework/Versions/A/IconServices
0x00007ff81bfd7000 	/System/Library/PrivateFrameworks/DFRFoundation.framework/Versions/A/DFRFoundation
0x00007ff81fba5000 	/System/Library/PrivateFrameworks/DataDetectorsCore.framework/Versions/A/DataDetectorsCore
0x00007ff91b4fd000 	/System/Library/PrivateFrameworks/TextInput.framework/Versions/A/TextInput
0x00007ff81bcdf000 	/System/Library/Frameworks/Carbon.framework/Versions/A/Frameworks/HIToolbox.framework/Versions/A/HIToolbox
0x00007ff823c38000 	/System/Library/Frameworks/Carbon.framework/Versions/A/Frameworks/SpeechRecognition.framework/Versions/A/SpeechRecognition
0x00007ff81a484000 	/System/Library/PrivateFrameworks/CoreUI.framework/Versions/A/CoreUI
0x00007ff81a6be000 	/System/Library/PrivateFrameworks/PerformanceAnalysis.framework/Versions/A/PerformanceAnalysis
0x00007ff81d2d6000 	/System/Library/PrivateFrameworks/MobileKeyBag.framework/Versions/A/MobileKeyBag
0x00007ff81facf000 	/System/Library/PrivateFrameworks/TextureIO.framework/Versions/A/TextureIO
0x00007ff81e9de000 	/System/Library/PrivateFrameworks/IconFoundation.framework/Versions/A/IconFoundation
0x00007ff823c28000 	/System/Library/PrivateFrameworks/SpeechRecognitionCore.framework/Versions/A/SpeechRecognitionCore
0x00007ff815935000 	/System/Library/PrivateFrameworks/CoreServicesInternal.framework/Versions/A/CoreServicesInternal
0x00007ff8253ff000 	/System/Library/Frameworks/FileProvider.framework/Versions/A/FileProvider
0x00007ff8195bb000 	/System/Library/Frameworks/Accounts.framework/Versions/A/Accounts
0x00007ff825577000 	/System/Library/PrivateFrameworks/GenerationalStorage.framework/Versions/A/GenerationalStorage
0x00007ff826089000 	/System/Library/PrivateFrameworks/CoreSymbolication.framework/Versions/A/CoreSymbolication
0x00007ff824e03000 	/System/Library/PrivateFrameworks/SymptomDiagnosticReporter.framework/Versions/A/SymptomDiagnosticReporter
0x00007ff816bf9000 	/System/Library/PrivateFrameworks/DesktopServicesPriv.framework/Versions/A/DesktopServicesPriv
0x00007ff815a76000 	/usr/lib/libsandbox.1.dylib
0x00007ff81a8d1000 	/System/Library/PrivateFrameworks/UserManagement.framework/Versions/A/UserManagement
0x00007ff82604e000 	/System/Library/PrivateFrameworks/DebugSymbols.framework/Versions/A/DebugSymbols
0x00007ff820dfd000 	/System/Library/PrivateFrameworks/NetAuth.framework/Versions/A/NetAuth
0x00007ff821cec000 	/System/Library/PrivateFrameworks/Sharing.framework/Versions/A/Sharing
0x00007ff81a8a4000 	/System/Library/PrivateFrameworks/login.framework/Versions/A/Frameworks/loginsupport.framework/Versions/A/loginsupport
0x00007ff82718f000 	/System/Library/PrivateFrameworks/Apple80211.framework/Versions/A/Apple80211
0x00007ff81da8d000 	/System/Library/PrivateFrameworks/AuthKit.framework/Versions/A/AuthKit
0x00007ff81d0e3000 	/System/Library/PrivateFrameworks/CoreUtils.framework/Versions/A/CoreUtils
0x00007ff81d00a000 	/System/Library/Frameworks/CoreWLAN.framework/Versions/A/CoreWLAN
0x00007ff821e47000 	/System/Library/Frameworks/IOBluetooth.framework/Versions/A/IOBluetooth
0x00007ff8271f7000 	/System/Library/PrivateFrameworks/CoreWiFi.framework/Versions/A/CoreWiFi
0x00007ff825c23000 	/System/Library/PrivateFrameworks/FrontBoardServices.framework/Versions/A/FrontBoardServices
0x00007ff825cb5000 	/System/Library/PrivateFrameworks/BoardServices.framework/Versions/A/BoardServices
0x00007ff81d2fd000 	/System/Library/PrivateFrameworks/AssertionServices.framework/Versions/A/AssertionServices
0x00007ff82737b000 	/System/Library/PrivateFrameworks/BackBoardServices.framework/Versions/A/BackBoardServices
0x00007ff82124a000 	/System/Library/PrivateFrameworks/CorePhoneNumbers.framework/Versions/A/CorePhoneNumbers
0x00007ff824f20000 	/System/Library/PrivateFrameworks/DiskManagement.framework/Versions/A/DiskManagement
0x00007ff824e34000 	/System/Library/PrivateFrameworks/AppleIDAuthSupport.framework/Versions/A/AppleIDAuthSupport
0x00007ffa3189b000 	/System/Library/PrivateFrameworks/AAAFoundation.framework/Versions/A/AAAFoundation
0x00007ff82122b000 	/System/Library/PrivateFrameworks/KeychainCircle.framework/Versions/A/KeychainCircle
0x00007ff824eec000 	/System/Library/PrivateFrameworks/MediaKit.framework/Versions/A/MediaKit
0x00007ff824e40000 	/System/Library/Frameworks/DiscRecording.framework/Versions/A/DiscRecording
0x00007ff81e8e3000 	/usr/lib/libCoreStorage.dylib
0x00007ff82766a000 	/usr/lib/libcsfde.dylib
0x00007ff821f14000 	/System/Library/PrivateFrameworks/ProtectedCloudStorage.framework/Versions/A/ProtectedCloudStorage
0x00007ff827666000 	/System/Library/PrivateFrameworks/EFILogin.framework/Versions/A/EFILogin
0x00007ff82559d000 	/System/Library/PrivateFrameworks/OctagonTrust.framework/Versions/A/OctagonTrust
0x00007ffb15f8f000 	/System/Library/PrivateFrameworks/CoreUtilsExtras.framework/Versions/A/CoreUtilsExtras
0x00007ff824d76000 	/System/Library/Frameworks/CoreBluetooth.framework/Versions/A/CoreBluetooth
0x00007ff827ce2000 	/System/Library/Frameworks/AudioUnit.framework/Versions/A/AudioUnit
0x00007ff81e8db000 	/usr/lib/libMatch.1.dylib
0x000000010958d000 	/usr/lib/libobjc-trampolines.dylib
0x00007ff917ee9000 	/System/Library/PrivateFrameworks/AccessibilitySharedSupport.framework/Versions/A/AccessibilitySharedSupport
0x00007ff9141fb000 	/usr/lib/libAccessibility.dylib
0x00007ff9141e6000 	/System/Library/PrivateFrameworks/AXCoreUtilities.framework/Versions/A/AXCoreUtilities
0x00007ff81a8a7000 	/System/Library/PrivateFrameworks/ApplePushService.framework/Versions/A/ApplePushService
0x00007ff81a8f7000 	/System/Library/Frameworks/CloudKit.framework/Versions/A/CloudKit
0x00007ff8219bd000 	/System/Library/PrivateFrameworks/IDS.framework/Versions/A/IDS
0x00007ff8242b7000 	/System/Library/Frameworks/MediaAccessibility.framework/Versions/A/MediaAccessibility
0x00007ff819637000 	/System/Library/PrivateFrameworks/CommonUtilities.framework/Versions/A/CommonUtilities
0x00007ff8242e7000 	/System/Library/PrivateFrameworks/CoreDaemon.framework/Versions/B/CoreDaemon
0x00007ff81f1ea000 	/System/Library/PrivateFrameworks/Bom.framework/Versions/A/Bom
0x00007ff8242e2000 	/System/Library/PrivateFrameworks/AppleSRP.framework/Versions/A/AppleSRP
0x00007ff81d3a5000 	/System/Library/Frameworks/ServiceManagement.framework/Versions/A/ServiceManagement
0x00007ff81e7a5000 	/System/Library/PrivateFrameworks/CrashReporterSupport.framework/Versions/A/CrashReporterSupport
0x00007ff827d90000 	/System/Library/PrivateFrameworks/C2.framework/Versions/A/C2
0x00007ff81b86d000 	/System/Library/Frameworks/CoreLocation.framework/Versions/A/CoreLocation
0x00007ff827d88000 	/System/Library/Frameworks/PushKit.framework/Versions/A/PushKit
0x00007ff9245f4000 	/System/Library/PrivateFrameworks/OSAnalytics.framework/Versions/A/OSAnalytics
0x00007ff92f58e000 	/System/Library/PrivateFrameworks/Symbolication.framework/Versions/A/Symbolication
0x00007ff9187fa000 	/System/Library/PrivateFrameworks/MallocStackLogging.framework/Versions/A/MallocStackLogging
0x00007ff82613f000 	/System/Library/PrivateFrameworks/CoreTime.framework/Versions/A/CoreTime
0x00007ff829880000 	/System/Library/PrivateFrameworks/RTCReporting.framework/Versions/A/RTCReporting
0x00007ff8221da000 	/System/Library/PrivateFrameworks/GeoServices.framework/Versions/A/GeoServices
0x00007ff820864000 	/System/Library/PrivateFrameworks/LocationSupport.framework/Versions/A/LocationSupport
0x00007ffb17457000 	/System/Library/PrivateFrameworks/GeoServicesCore.framework/Versions/A/GeoServicesCore
0x00007ff9141dd000 	/System/Library/PrivateFrameworks/PhoneNumbers.framework/Versions/A/PhoneNumbers
0x00007ff8275ef000 	/System/Library/PrivateFrameworks/RemoteServiceDiscovery.framework/Versions/A/RemoteServiceDiscovery
0x00007ff8207f1000 	/System/Library/PrivateFrameworks/IMFoundation.framework/Versions/A/IMFoundation
0x00007ff9139e0000 	/System/Library/PrivateFrameworks/Marco.framework/Versions/A/Marco
0x00007ff821b31000 	/System/Library/PrivateFrameworks/IDSFoundation.framework/Versions/A/IDSFoundation
0x00007ff918438000 	/System/Library/PrivateFrameworks/FTServices.framework/Versions/A/FTServices
0x00007ff82b4e1000 	/System/Library/PrivateFrameworks/Engram.framework/Versions/A/Engram
0x00007ff82b488000 	/usr/lib/libtidy.A.dylib
0x00007ff9224ca000 	/System/Library/PrivateFrameworks/FTAWD.framework/Versions/A/FTAWD
0x00007ff91cc81000 	/System/Library/Frameworks/Accelerate.framework/Versions/A/Frameworks/vImage.framework/Versions/A/Libraries/libCGInterfaces.dylib
0x00007ff91f3d4000 	/System/Library/CoreServices/RawCamera.bundle/Contents/MacOS/RawCamera
0x00007ff8211cb000 	/System/Library/PrivateFrameworks/MobileAsset.framework/Versions/A/MobileAsset
0x00007ff827d09000 	/System/Library/PrivateFrameworks/StreamingZip.framework/Versions/A/StreamingZip
0x00007ffb133d4000 	/System/Library/PrivateFrameworks/CMPhoto.framework/Versions/A/CMPhoto
0x00007ff825f24000 	/System/Library/PrivateFrameworks/AppleVPA.framework/Versions/A/AppleVPA
0x00007ff81fc8f000 	/System/Library/Frameworks/MediaToolbox.framework/Versions/A/MediaToolbox
0x00007ff8253cf000 	/System/Library/PrivateFrameworks/CoreAVCHD.framework/Versions/A/CoreAVCHD
0x00007ff8253cb000 	/System/Library/PrivateFrameworks/Mangrove.framework/Versions/A/Mangrove
0x00007ff8242c2000 	/System/Library/PrivateFrameworks/AlgosScoreFramework.framework/Versions/A/AlgosScoreFramework
0x00007ff825010000 	/System/Library/PrivateFrameworks/CoreAUC.framework/Versions/A/CoreAUC
0x00007ff81a5ca000 	/System/Library/PrivateFrameworks/ViewBridge.framework/Versions/A/ViewBridge
0x00007ff91c59d000 	/System/Library/Frameworks/Quartz.framework/Versions/A/Quartz
0x00007ff919ff2000 	/System/Library/Frameworks/Quartz.framework/Versions/A/Frameworks/QuartzComposer.framework/Versions/A/QuartzComposer
0x00007ff91a4be000 	/System/Library/Frameworks/PDFKit.framework/Versions/A/PDFKit
0x00007ff919631000 	/System/Library/Frameworks/Quartz.framework/Versions/A/Frameworks/QuartzFilters.framework/Versions/A/QuartzFilters
0x00007ff9189f3000 	/System/Library/Frameworks/Quartz.framework/Versions/A/Frameworks/ImageKit.framework/Versions/A/ImageKit
0x00007ffa3076c000 	/System/Library/Frameworks/QuickLookUI.framework/Versions/A/QuickLookUI
0x00007ff82b52f000 	/System/Library/Frameworks/JavaScriptCore.framework/Versions/A/JavaScriptCore
0x00007ff917844000 	/System/Library/PrivateFrameworks/CorePDF.framework/Versions/A/CorePDF
0x00007ff9141de000 	/System/Library/PrivateFrameworks/URLFormatting.framework/Versions/A/URLFormatting
0x00007ff821f72000 	/System/Library/Frameworks/QuickLook.framework/Versions/A/QuickLook
0x00007ff82aa96000 	/System/Library/PrivateFrameworks/DisplayServices.framework/Versions/A/DisplayServices
0x00007ff9195ce000 	/System/Library/Frameworks/ImageCaptureCore.framework/Versions/A/ImageCaptureCore
0x00007ff917ba7000 	/System/Library/Frameworks/AVFoundation.framework/Versions/A/AVFoundation
0x00007ff821fd2000 	/System/Library/Frameworks/MetalKit.framework/Versions/A/MetalKit
0x00007ffb22854000 	/System/Library/PrivateFrameworks/VisionKitCore.framework/Versions/A/VisionKitCore
0x00007ff91697e000 	/System/Library/PrivateFrameworks/QuickLookSupport.framework/Versions/A/QuickLookSupport
0x00007ff827dd2000 	/System/Library/Frameworks/QuickLookThumbnailing.framework/Versions/A/QuickLookThumbnailing
0x00007ffa2ea8e000 	/System/Library/Frameworks/AVFAudio.framework/Versions/A/AVFAudio
0x00007ff825a33000 	/System/Library/PrivateFrameworks/AVFCore.framework/Versions/A/AVFCore
0x00007ff82c8fc000 	/System/Library/PrivateFrameworks/AVFCapture.framework/Versions/A/AVFCapture
0x00007ff9169ac000 	/System/Library/PrivateFrameworks/AirPlaySync.framework/Versions/A/AirPlaySync
0x00007ffb133bd000 	/System/Library/PrivateFrameworks/CMImaging.framework/Versions/A/CMImaging
0x00007ff82ca4c000 	/System/Library/PrivateFrameworks/Quagga.framework/Versions/A/Quagga
0x00007ff82cb13000 	/System/Library/PrivateFrameworks/CMCapture.framework/Versions/A/CMCapture
0x00007ff820be7000 	/System/Library/Frameworks/CoreMediaIO.framework/Versions/A/CoreMediaIO
0x00007ff827e0d000 	/System/Library/PrivateFrameworks/Espresso.framework/Versions/A/Espresso
0x00007ff8276ea000 	/System/Library/PrivateFrameworks/AppSupport.framework/Versions/A/AppSupport
0x00007ffa1cd59000 	/System/Library/PrivateFrameworks/ANECompiler.framework/Versions/A/ANECompiler
0x00007ff829a8b000 	/System/Library/PrivateFrameworks/AppleNeuralEngine.framework/Versions/A/AppleNeuralEngine
0x00007ffb196d6000 	/System/Library/PrivateFrameworks/MIL.framework/Versions/A/MIL
0x00007ffa2f8f5000 	/System/Library/Frameworks/MetalPerformanceShadersGraph.framework/Versions/A/MetalPerformanceShadersGraph
0x00007ff828981000 	/System/Library/PrivateFrameworks/ANEServices.framework/Versions/A/ANEServices
0x00007ff91c4ff000 	/usr/lib/libncurses.5.4.dylib
0x00007ff81f054000 	/System/Library/PrivateFrameworks/CoreBrightness.framework/Versions/A/CoreBrightness
0x00007ff913358000 	/System/Library/PrivateFrameworks/HID.framework/Versions/A/HID
0x00007ff9185e1000 	/System/Library/Frameworks/SafariServices.framework/Versions/A/SafariServices
0x00007ff917f6d000 	/System/Library/PrivateFrameworks/QuickLookNonBaseSystem.framework/Versions/A/QuickLookNonBaseSystem
0x00007ff82b4b9000 	/System/Library/PrivateFrameworks/MarkupUI.framework/Versions/A/MarkupUI
0x00007ff917f4d000 	/System/Library/PrivateFrameworks/SidecarCore.framework/Versions/A/SidecarCore
0x00007ff919e9e000 	/System/Library/PrivateFrameworks/AnnotationKit.framework/Versions/A/AnnotationKit
0x00007ff918c4f000 	/System/Library/Frameworks/PencilKit.framework/Versions/A/PencilKit
0x00007ff918d97000 	/System/Library/PrivateFrameworks/SidecarUI.framework/Versions/A/SidecarUI
0x00007ff918853000 	/System/Library/PrivateFrameworks/CoreHandwriting.framework/Versions/A/CoreHandwriting
0x00007ff924f87000 	/usr/lib/swift/libswiftAppKit.dylib
0x00007ff820437000 	/usr/lib/swift/libswiftCore.dylib
0x00007ff91d6a8000 	/usr/lib/swift/libswiftCoreData.dylib
0x00007ff918845000 	/usr/lib/swift/libswiftCoreFoundation.dylib
0x00007ff916c9c000 	/usr/lib/swift/libswiftCoreGraphics.dylib
0x00007ff918851000 	/usr/lib/swift/libswiftCoreImage.dylib
0x00007ff916ca6000 	/usr/lib/swift/libswiftDarwin.dylib
0x00007ff825a1e000 	/usr/lib/swift/libswiftDispatch.dylib
0x00007ff824636000 	/usr/lib/swift/libswiftFoundation.dylib
0x00007ff918852000 	/usr/lib/swift/libswiftIOKit.dylib
0x00007ff921f4e000 	/usr/lib/swift/libswiftMetal.dylib
0x00007ff827d5d000 	/usr/lib/swift/libswiftObjectiveC.dylib
0x00007ff924fa5000 	/usr/lib/swift/libswiftQuartzCore.dylib
0x00007ff918850000 	/usr/lib/swift/libswiftXPC.dylib
0x00007ff818c53000 	/System/Library/PrivateFrameworks/Montreal.framework/Versions/A/Montreal
0x00007ff81ab6e000 	/System/Library/Frameworks/CoreML.framework/Versions/A/CoreML
0x00007ff81e7d4000 	/System/Library/PrivateFrameworks/CVNLP.framework/Versions/A/CVNLP
0x00007ff827d35000 	/System/Library/PrivateFrameworks/DuetActivityScheduler.framework/Versions/A/DuetActivityScheduler
0x00007ff81d6e2000 	/System/Library/Frameworks/MLCompute.framework/Versions/A/MLCompute
0x00007ffb1986c000 	/System/Library/PrivateFrameworks/MLAssetIO.framework/Versions/A/MLAssetIO
0x00007ff816db1000 	/System/Library/PrivateFrameworks/CoreDuet.framework/Versions/A/CoreDuet
0x00007ff826b0c000 	/System/Library/PrivateFrameworks/CoreDuetContext.framework/Versions/A/CoreDuetContext
0x00007ff825921000 	/System/Library/Frameworks/CoreTelephony.framework/Versions/A/CoreTelephony
0x00007ff828aea000 	/System/Library/PrivateFrameworks/CoreDuetDebugLogging.framework/Versions/A/CoreDuetDebugLogging
0x00007ff826b63000 	/System/Library/Frameworks/Intents.framework/Versions/A/Intents
0x00007ff828aed000 	/System/Library/PrivateFrameworks/CoreDuetDaemonProtocol.framework/Versions/A/CoreDuetDaemonProtocol
0x00007ff826149000 	/System/Library/PrivateFrameworks/Rapport.framework/Versions/A/Rapport
0x00007ff821253000 	/usr/lib/libTelephonyUtilDynamic.dylib
0x00007ff81e8a4000 	/System/Library/PrivateFrameworks/PlugInKit.framework/Versions/A/PlugInKit
0x00007ff827d78000 	/System/Library/PrivateFrameworks/IntentsFoundation.framework/Versions/A/IntentsFoundation
0x00007ff91858b000 	/System/Library/Frameworks/NaturalLanguage.framework/Versions/A/NaturalLanguage
0x00007ff823fa2000 	/System/Library/Frameworks/Accessibility.framework/Versions/A/Accessibility
0x00007ffa1c65e000 	/System/Library/PrivateFrameworks/AXMediaUtilities.framework/Versions/A/AXMediaUtilities
0x00007ff9265a2000 	/System/Library/PrivateFrameworks/AXAssetLoader.framework/Versions/A/AXAssetLoader
0x00007ff8220d9000 	/System/Library/Frameworks/Combine.framework/Versions/A/Combine
0x00007ffb298cf000 	/usr/lib/swift/libswift_Concurrency.dylib
0x00007ff827d5f000 	/usr/lib/swift/libswiftos.dylib
0x00007ff921f5b000 	/usr/lib/swift/libswiftCloudKit.dylib
0x00007ff91cc9f000 	/usr/lib/swift/libswiftCoreLocation.dylib
0x00007ff9178d4000 	/System/Library/Frameworks/Carbon.framework/Versions/A/Carbon
0x00007ff82b523000 	/System/Library/Frameworks/Carbon.framework/Versions/A/Frameworks/CommonPanels.framework/Versions/A/CommonPanels
0x00007ff827662000 	/System/Library/Frameworks/Carbon.framework/Versions/A/Frameworks/Help.framework/Versions/A/Help
0x00007ff82b527000 	/System/Library/Frameworks/Carbon.framework/Versions/A/Frameworks/ImageCapture.framework/Versions/A/ImageCapture
0x00007ff82b4f7000 	/System/Library/Frameworks/Carbon.framework/Versions/A/Frameworks/OpenScripting.framework/Versions/A/OpenScripting
0x00007ff82b51f000 	/System/Library/Frameworks/Carbon.framework/Versions/A/Frameworks/Ink.framework/Versions/A/Ink
0x00007ff9178d0000 	/System/Library/Frameworks/Carbon.framework/Versions/A/Frameworks/Print.framework/Versions/A/Print
0x00007ff82b51b000 	/System/Library/Frameworks/Carbon.framework/Versions/A/Frameworks/SecurityHI.framework/Versions/A/SecurityHI
0x00007ffb19d4d000 	/System/Library/PrivateFrameworks/MediaAnalysisServices.framework/Versions/A/MediaAnalysisServices
0x00007ff82432b000 	/System/Library/Frameworks/Vision.framework/Versions/A/Vision
0x00007ff92c7d6000 	/System/Library/PrivateFrameworks/RevealCore.framework/Versions/A/RevealCore
0x00007ff92c7ca000 	/System/Library/PrivateFrameworks/Reveal.framework/Versions/A/Reveal
0x00007ff91f1b3000 	/System/Library/PrivateFrameworks/TextRecognition.framework/Versions/A/TextRecognition
0x00007ff91e7b2000 	/System/Library/Frameworks/Vision.framework/libfaceCore.dylib
0x00007ff91f321000 	/System/Library/PrivateFrameworks/Futhark.framework/Versions/A/Futhark
0x00007ff921d30000 	/System/Library/PrivateFrameworks/InertiaCam.framework/Versions/A/InertiaCam
0x00007ff824be2000 	/System/Library/Frameworks/Contacts.framework/Versions/A/Contacts
0x00007ff824a1a000 	/System/Library/PrivateFrameworks/ContactsPersistence.framework/Versions/A/ContactsPersistence
0x00007ff824a8d000 	/System/Library/PrivateFrameworks/AddressBookCore.framework/Versions/A/AddressBookCore
0x00007ff823c40000 	/System/Library/PrivateFrameworks/AppleLDAP.framework/Versions/A/AppleLDAP
0x00007ff8278e4000 	/System/Library/Frameworks/ClassKit.framework/Versions/A/ClassKit
0x00007ff8292d3000 	/System/Library/PrivateFrameworks/CoreSuggestions.framework/Versions/A/CoreSuggestions
0x00007ff824976000 	/System/Library/PrivateFrameworks/ContactsFoundation.framework/Versions/A/ContactsFoundation
0x00007ff825d09000 	/System/Library/PrivateFrameworks/vCard.framework/Versions/A/vCard
0x00007ffb13ad2000 	/System/Library/PrivateFrameworks/ContactsMetrics.framework/Versions/A/ContactsMetrics
0x00007ff81f038000 	/System/Library/PrivateFrameworks/login.framework/Versions/A/login
0x00007ff81aacc000 	/System/Library/PrivateFrameworks/CloudDocs.framework/Versions/A/CloudDocs
0x00007ff827988000 	/System/Library/PrivateFrameworks/AppleAccount.framework/Versions/A/AppleAccount
0x00007ff821efb000 	/System/Library/PrivateFrameworks/AppContainer.framework/Versions/A/AppContainer
0x00007ff827adf000 	/System/Library/PrivateFrameworks/AppleIDSSOAuthentication.framework/Versions/A/AppleIDSSOAuthentication
0x00007ff821f10000 	/System/Library/PrivateFrameworks/SecCodeWrapper.framework/Versions/A/SecCodeWrapper
0x00007ff8289a1000 	/System/Library/PrivateFrameworks/ProactiveSupport.framework/Versions/A/ProactiveSupport
0x00007ff81dc1e000 	/System/Library/Frameworks/CoreSpotlight.framework/Versions/A/CoreSpotlight
0x00007ff913d2c000 	/System/Library/PrivateFrameworks/ProactiveEventTracker.framework/Versions/A/ProactiveEventTracker
0x00007ff8278e1000 	/System/Library/PrivateFrameworks/InternationalTextSearch.framework/Versions/A/InternationalTextSearch
0x00007ffb1ffc2000 	/System/Library/PrivateFrameworks/TranslationUIServices.framework/Versions/A/TranslationUIServices
0x00007ff91c4e3000 	/System/Library/PrivateFrameworks/Lookup.framework/Versions/A/Lookup
0x00007ff917f71000 	/System/Library/PrivateFrameworks/DataDetectors.framework/Versions/A/DataDetectors
0x00007ff916d60000 	/System/Library/Frameworks/WebKit.framework/Versions/A/WebKit
0x00007ff82988c000 	/System/Library/Frameworks/WebKit.framework/Versions/A/Frameworks/WebKitLegacy.framework/Versions/A/WebKitLegacy
0x00007ff914217000 	/System/Library/Frameworks/WebKit.framework/Versions/A/Frameworks/WebCore.framework/Versions/A/WebCore
0x00007ff827b24000 	/System/Library/PrivateFrameworks/CorePrediction.framework/Versions/A/CorePrediction
0x00007ff823f7a000 	/usr/lib/libnetworkextension.dylib
0x00007ff81aefd000 	/System/Library/Frameworks/WebKit.framework/Versions/A/Frameworks/WebCore.framework/Versions/A/Frameworks/libwebrtc.dylib
0x00007ff916d11000 	/System/Library/PrivateFrameworks/SafariSafeBrowsing.framework/Versions/A/SafariSafeBrowsing
0x00007ff820b93000 	/System/Library/Frameworks/SecurityInterface.framework/Versions/A/SecurityInterface
0x00007ff918db6000 	/System/Library/PrivateFrameworks/WebInspectorUI.framework/Versions/A/WebInspectorUI
0x00007ffa31412000 	/System/Library/Frameworks/WebKit.framework/Versions/A/Frameworks/WebCore.framework/Versions/A/Frameworks/libANGLE-shared.dylib
0x00007ff82172e000 	/System/Library/Frameworks/NetworkExtension.framework/Versions/A/NetworkExtension
0x00007ff91c104000 	/System/Library/PrivateFrameworks/CaptiveNetwork.framework/Versions/A/CaptiveNetwork
0x00007ff8275b8000 	/System/Library/PrivateFrameworks/EAP8021X.framework/Versions/A/EAP8021X
0x00007ff918423000 	/System/Library/PrivateFrameworks/CoreOptimization.framework/Versions/A/CoreOptimization
0x00007ff818c0f000 	/System/Library/PrivateFrameworks/WirelessDiagnostics.framework/Versions/A/WirelessDiagnostics
0x00007ff82b0ec000 	/System/Library/PrivateFrameworks/WirelessDiagnostics.framework/Versions/A/Libraries/libAWDSupportFramework.dylib
0x00007ff818b66000 	/System/Library/PrivateFrameworks/WirelessDiagnostics.framework/Versions/A/Libraries/libAWDSupport.dylib
0x00007ff818bfe000 	/System/Library/PrivateFrameworks/WirelessDiagnostics.framework/Versions/A/Libraries/libprotobuf-lite.dylib
0x00007ff818ba3000 	/System/Library/PrivateFrameworks/WirelessDiagnostics.framework/Versions/A/Libraries/libprotobuf.dylib
0x00007ff9167d7000 	/usr/lib/libFosl_dynamic.dylib
0x00007ffa21429000 	/System/Library/Extensions/AppleIntelBDWGraphicsMTLDriver.bundle/Contents/MacOS/AppleIntelBDWGraphicsMTLDriver
0x00007ff918838000 	/System/Library/PrivateFrameworks/GPURawCounter.framework/Versions/A/GPURawCounter
0x00007ffb28c04000 	/usr/lib/libRosetta.dylib
0x00000001169e9000 	/Applications/Stata/utilities/java/macosx-x64/zulu-jre11.0.14/lib/jli/libjli.dylib
0x0000000119eb0000 	/Applications/Stata/utilities/java/macosx-x64/zulu-jre11.0.14/lib/server/libjvm.dylib
0x0000000116891000 	/Applications/Stata/utilities/java/macosx-x64/zulu-jre11.0.14/lib/libverify.dylib
0x0000000116a2a000 	/Applications/Stata/utilities/java/macosx-x64/zulu-jre11.0.14/lib/libjava.dylib
0x00000001169fe000 	/Applications/Stata/utilities/java/macosx-x64/zulu-jre11.0.14/lib/libjimage.dylib
0x0000000116a0a000 	/Applications/Stata/utilities/java/macosx-x64/zulu-jre11.0.14/lib/libzip.dylib
0x0000000116b41000 	/Applications/Stata/utilities/java/macosx-x64/zulu-jre11.0.14/lib/libnio.dylib
0x0000000116c8e000 	/Applications/Stata/utilities/java/macosx-x64/zulu-jre11.0.14/lib/libnet.dylib
0x0000000112955000 	/System/Library/Frameworks/FileProvider.framework/OverrideBundles/CloudDocsFileProvider.bundle/Contents/MacOS/CloudDocsFileProvider
0x0000000116d87000 	/System/Library/Frameworks/FileProvider.framework/OverrideBundles/FileProviderOverride.bundle/Contents/MacOS/FileProviderOverride
0x00000001185f4000 	/System/Library/Frameworks/FileProvider.framework/OverrideBundles/FinderSyncCollaborationFileProviderOverride.bundle/Contents/MacOS/FinderSyncCollaborationFileProviderOverride
0x00007ff928c3f000 	/System/Library/PrivateFrameworks/FinderSyncPriv.framework/Versions/A/FinderSyncPriv
0x00007ff81f13e000 	/System/Library/PrivateFrameworks/Backup.framework/Versions/A/Backup
0x00007ff8242f3000 	/System/Library/PrivateFrameworks/SystemAdministration.framework/Versions/A/SystemAdministration
0x00007ff823bf4000 	/System/Library/Frameworks/DirectoryService.framework/Versions/A/DirectoryService
0x00007ff827508000 	/System/Library/PrivateFrameworks/DiskImages.framework/Versions/A/DiskImages
0x00007ff8276e2000 	/System/Library/PrivateFrameworks/LoginUIKit.framework/Versions/A/Frameworks/LoginUICore.framework/Versions/A/LoginUICore
0x00007ff81f1e6000 	/usr/lib/libodfde.dylib
0x00007ff827676000 	/usr/lib/libcurl.4.dylib
0x00007ff8273d3000 	/usr/lib/libcrypto.44.dylib
0x00007ff8274db000 	/usr/lib/libssl.46.dylib
0x00007ff827399000 	/System/Library/Frameworks/LDAP.framework/Versions/A/LDAP
0x00007ff8273d1000 	/System/Library/PrivateFrameworks/TrustEvaluationAgent.framework/Versions/A/TrustEvaluationAgent
0x00007ff820b11000 	/usr/lib/libsasl2.2.dylib
0x00007ffa1c458000 	/System/Library/PrivateFrameworks/VoiceShortcutClient.framework/Versions/A/VoiceShortcutClient
0x0000000117f8a000 	/Applications/Stata/utilities/java/macosx-x64/zulu-jre11.0.14/lib/libawt.dylib
0x0000000116e15000 	/Applications/Stata/utilities/java/macosx-x64/zulu-jre11.0.14/lib/libmlib_image.dylib
0x00007ffa2f850000 	/System/Library/Frameworks/JavaRuntimeSupport.framework/Versions/A/JavaRuntimeSupport
0x000000011877e000 	/Applications/Stata/utilities/java/macosx-x64/zulu-jre11.0.14/lib/libawt_lwawt.dylib
0x00000001172ca000 	/Applications/Stata/utilities/java/macosx-x64/zulu-jre11.0.14/lib/libosxapp.dylib
0x00007ff916d0d000 	/System/Library/Frameworks/ExceptionHandling.framework/Versions/A/ExceptionHandling
0x0000000118851000 	/Applications/Stata/utilities/java/macosx-x64/zulu-jre11.0.14/lib/libfontmanager.dylib
0x0000000118029000 	/Applications/Stata/utilities/java/macosx-x64/zulu-jre11.0.14/lib/libfreetype.dylib
0x00007ff91f3cc000 	/System/Library/PrivateFrameworks/SafariPlatformSupport.framework/Versions/A/SafariPlatformSupport
0x00007ff919884000 	/System/Library/PrivateFrameworks/SafariCore.framework/Versions/A/SafariCore
0x00007ff91f3ac000 	/System/Library/PrivateFrameworks/SafariFoundation.framework/Versions/A/SafariFoundation
0x00007ff821fee000 	/usr/lib/libxcselect.dylib
0x00007ff91f33b000 	/System/Library/PrivateFrameworks/DifferentialPrivacy.framework/Versions/A/DifferentialPrivacy
0x00007ff81e881000 	/System/Library/PrivateFrameworks/SharedWebCredentials.framework/Versions/A/SharedWebCredentials
0x000000011840f000 	/Users/rowaidakhaled/Library/Application Support/Stata/ado/plus/g/gtools_macosx_v3.plugin


VM Arguments:
jvm_args: -Xmx2048M -Xss2M -XX:ErrorFile=/dev/null 
java_command: <unknown>
java_class_path (initial): /Applications/Stata/utilities/jar/aspose-words-18.11-jdk16.jar:/Applications/Stata/utilities/jar/libstata-core.jar:/Applications/Stata/utilities/jar/libdeps-core.jar:/Applications/Stata/utilities/jar/sfi-api.jar:
Launcher Type: generic

[Global flags]
     intx CICompilerCount                          = 3                                         {product} {ergonomic}
     uint ConcGCThreads                            = 1                                         {product} {ergonomic}
    ccstr ErrorFile                                = /dev/null                                 {product} {command line}
     uint G1ConcRefinementThreads                  = 4                                         {product} {ergonomic}
   size_t G1HeapRegionSize                         = 1048576                                   {product} {ergonomic}
    uintx GCDrainStackTargetSize                   = 64                                        {product} {ergonomic}
   size_t InitialHeapSize                          = 268435456                                 {product} {ergonomic}
   size_t MarkStackSize                            = 4194304                                   {product} {ergonomic}
   size_t MaxHeapSize                              = 2147483648                                {product} {command line}
   size_t MaxNewSize                               = 1287651328                                {product} {ergonomic}
   size_t MinHeapDeltaBytes                        = 1048576                                   {product} {ergonomic}
    uintx NonNMethodCodeHeapSize                   = 5830732                                {pd product} {ergonomic}
    uintx NonProfiledCodeHeapSize                  = 122913754                              {pd product} {ergonomic}
    uintx ProfiledCodeHeapSize                     = 122913754                              {pd product} {ergonomic}
    uintx ReservedCodeCacheSize                    = 251658240                              {pd product} {ergonomic}
     bool SegmentedCodeCache                       = true                                      {product} {ergonomic}
     intx ThreadStackSize                          = 2048                                   {pd product} {command line}
     bool UseCompressedClassPointers               = true                                 {lp64_product} {ergonomic}
     bool UseCompressedOops                        = true                                 {lp64_product} {ergonomic}
     bool UseG1GC                                  = true                                      {product} {ergonomic}

Logging:
Log output configuration:
 #0: stdout all=warning uptime,level,tags
 #1: stderr all=off uptime,level,tags

Environment Variables:
PATH=/usr/bin:/bin:/usr/sbin:/sbin:/Applications/Stata/utilities/java/macosx-x64/zulu-jre11.0.14/bin
SHELL=/bin/zsh
DISPLAY=/private/tmp/com.apple.launchd.JhxSXrNTfl/org.xquartz:0
LANG=en_US.UTF-8

Signal Handlers:
SIGSEGV: [libjvm.dylib+0x7cd6ba], sa_mask[0]=11111111011111110111111111111111, sa_flags=SA_ONSTACK|SA_RESTART|SA_SIGINFO
SIGBUS: [libjvm.dylib+0x7cd6ba], sa_mask[0]=11111111011111110111111111111111, sa_flags=SA_RESTART|SA_SIGINFO
SIGFPE: [libjvm.dylib+0x7cd6ba], sa_mask[0]=11111111011111110111111111111111, sa_flags=SA_RESTART|SA_SIGINFO
SIGPIPE: [libjvm.dylib+0x634108], sa_mask[0]=11111111011111110111111111111111, sa_flags=SA_RESTART|SA_SIGINFO
SIGXFSZ: [libjvm.dylib+0x634108], sa_mask[0]=11111111011111110111111111111111, sa_flags=SA_RESTART|SA_SIGINFO
SIGILL: [libjvm.dylib+0x7cd6ba], sa_mask[0]=11111111011111110111111111111111, sa_flags=SA_RESTART|SA_SIGINFO
SIGUSR2: [libjvm.dylib+0x6346dc], sa_mask[0]=00000000000000000000000000000000, sa_flags=SA_RESTART|SA_SIGINFO
SIGHUP: [libjvm.dylib+0x63324b], sa_mask[0]=11111111011111110111111111111111, sa_flags=SA_RESTART|SA_SIGINFO
SIGINT: [libjvm.dylib+0x63324b], sa_mask[0]=11111111011111110111111111111111, sa_flags=SA_RESTART|SA_SIGINFO
SIGTERM: [libjvm.dylib+0x63324b], sa_mask[0]=11111111011111110111111111111111, sa_flags=SA_RESTART|SA_SIGINFO
SIGQUIT: [libjvm.dylib+0x63324b], sa_mask[0]=11111111011111110111111111111111, sa_flags=SA_RESTART|SA_SIGINFO


---------------  S Y S T E M  ---------------

OS:uname:Darwin 21.3.0 Darwin Kernel Version 21.3.0: Wed Jan  5 21:37:58 PST 2022; root:xnu-8019.80.24~20/RELEASE_X86_64 x86_64
OS uptime: 7 days 0:56 hours
rlimit (soft/hard): STACK 8192k/65532k , CORE 0k/infinity , NPROC 2784/4176 , NOFILE 12544/infinity , AS infinity/infinity , CPU infinity/infinity , DATA infinity/infinity , FSIZE infinity/infinity , MEMLOCK infinity/infinity , RSS infinity/infinity
load average:3.97 4.97 4.31

CPU:total 4 (initial active 4) (2 cores per cpu, 2 threads per core) family 6 model 61 stepping 4 microcode 0x2f, cmov, cx8, fxsr, mmx, sse, sse2, sse3, ssse3, sse4.1, sse4.2, popcnt, avx, avx2, aes, clmul, erms, 3dnowpref, lzcnt, ht, tsc, tscinvbit, bmi1, bmi2, adx, fma

Memory: 4k page, physical 16777216k(3016240k free), swap 5242880k(1735680k free)

vm_info: OpenJDK 64-Bit Server VM (11.0.14+9-LTS) for bsd-amd64 JRE (Zulu11.54+23-CA) (11.0.14+9-LTS), built on Jan 14 2022 02:47:41 by "zulu_re" with clang 4.2.1 Compatible Apple LLVM 11.0.0 (clang-1100.0.33.17)

END.
