#
# A fatal error has been detected by the Java Runtime Environment:
#
#  SIGSEGV (0xb) at pc=0x000000010e260f00, pid=607, tid=775
#
# JRE version: OpenJDK Runtime Environment (Zulu11.37+17-CA) (11.0.6+10) (build 11.0.6+10-LTS)
# Java VM: OpenJDK 64-Bit Server VM (11.0.6+10-LTS, mixed mode, tiered, compressed oops, g1 gc, bsd-amd64)
# Problematic frame:
# C  [StataMP+0x263f00]
#
# No core dump will be written. Core dumps have been disabled. To enable core dumping, try "ulimit -c unlimited" before starting Java again
#
# If you would like to submit a bug report, please visit:
#   http://www.azulsystems.com/support/
# The crash happened outside the Java Virtual Machine in native code.
# See problematic frame for where to report the bug.
#

---------------  S U M M A R Y ------------

Command Line: -Xmx2048M -Xss2M -XX:ErrorFile=/dev/null 

Host: MacBookPro11,5 x86_64 2500 MHz, 8 cores, 16G, Darwin 19.4.0
Time: Tue Jun  2 19:22:23 2020 CEST elapsed time: 9656 seconds (0d 2h 40m 56s)

---------------  T H R E A D  ---------------

Current thread (0x00007f9e7b282000):  JavaThread "Thread-1" [_thread_in_native, id=775, stack(0x00007ffee1403000,0x00007ffee1c03000)]

Stack: [0x00007ffee1403000,0x00007ffee1c03000],  sp=0x00007ffee1bf9fd0,  free space=8155k
Native frames: (J=compiled Java code, A=aot compiled Java code, j=interpreted, Vv=VM code, C=native code)
C  [StataMP+0x263f00]
C  [StataMP+0x264d69]
C  [Scintilla+0x2558a]  _ZL14ColouriseDoDocmliPPN9Scintilla8WordListERNS_8AccessorEb+0x945
C  [Scintilla+0x8f9fc]  _ZN9Scintilla11LexerSimple3LexEmliPNS_9IDocumentE+0x5e
C  [Scintilla+0x41464]  _ZN9Scintilla12LexInterface9ColouriseEll+0xd4
C  [Scintilla+0x46b99]  _ZN9Scintilla8Document28StyleToAdjustingLineDurationEl+0x3d
C  [Scintilla+0xf335]  _ZN9Scintilla14ScintillaCocoa8WillDrawE6CGRect+0x53
C  [Scintilla+0x1219a]  -[SCIContentView prepareContentInRect:]+0x82
C  [AppKit+0x1fc055]  -[NSView _updateSuggestedContentRectToValue:]+0x1b2
C  [AppKit+0x1fbe91]  -[NSView _updateSuggestedContentRect]+0x56
C  [AppKit+0x1fbe2d]  -[NSView _updateSuggestedContentRectForVisibleRectChange]+0xb5
C  [AppKit+0x11db80]  -[NSScrollView(NSRulerSupport) _handleBoundsChangeForSubview:]+0x152
C  [AppKit+0x11d9e4]  -[NSView _postBoundsChangeNotification]+0x3d
C  [AppKit+0x13f684]  -[NSView translateOriginToPoint:]+0x246
C  [AppKit+0xc0226]  -[NSClipView _selfBoundsChanged]+0x114
C  [AppKit+0xc53a4]  -[NSClipView setFrameSize:]+0x39a
C  [AppKit+0x8bc9e]  -[NSView setFrame:]+0x1a7
C  [AppKit+0xe81cf]  -[NSScrollView _setContentViewFrame:]+0x148
C  [AppKit+0xe7b3e]  -[NSScrollView _applyContentAreaLayout:]+0x41e
C  [AppKit+0xe4e4f]  -[NSScrollView tile]+0x305
C  [Scintilla+0x10be0]  -[SCIScrollView tile]+0x30
C  [AppKit+0xe4b2d]  -[NSScrollView _tileWithoutRecursing]+0x23
C  [AppKit+0x17e61a]  -[NSScrollView _update]+0x1b
C  [AppKit+0x79e31]  -[NSView setFrameSize:]+0x7fd
C  [AppKit+0x17e374]  -[NSScrollView setFrameSize:]+0xf2
C  [AppKit+0x8bc9e]  -[NSView setFrame:]+0x1a7
C  [AppKit+0xfd235]  NSViewActuallyUpdateFrameFromLayoutEngine+0x117
C  [AppKit+0x9e90d]  -[NSView resizeSubviewsWithOldSize:]+0x20d
C  [AppKit+0x79e31]  -[NSView setFrameSize:]+0x7fd
C  [AppKit+0x8bc9e]  -[NSView setFrame:]+0x1a7
C  [Scintilla+0x17121]  -[ScintillaView setFrame:]+0x58
C  [AppKit+0xfd235]  NSViewActuallyUpdateFrameFromLayoutEngine+0x117
C  [AppKit+0x9e90d]  -[NSView resizeSubviewsWithOldSize:]+0x20d
C  [AppKit+0x79e31]  -[NSView setFrameSize:]+0x7fd
C  [AppKit+0x8bc9e]  -[NSView setFrame:]+0x1a7
C  [AppKit+0xfd235]  NSViewActuallyUpdateFrameFromLayoutEngine+0x117
C  [AppKit+0xa16e0]  NSViewLevelLayout+0x186
C  [AppKit+0xa154c]  -[NSView layout]+0xe
C  [AppKit+0x17db74]  -[NSSplitView _doLayerBackedLayout]+0x4b
C  [AppKit+0x17cd1e]  -[NSSplitView layout]+0x45
C  [AppKit+0xa0fea]  _NSViewLayout+0x258
C  [AppKit+0xa0a8e]  -[NSView _layoutSubtreeWithOldSize:]+0x184
C  [AppKit+0xa0be8]  -[NSView _layoutSubtreeWithOldSize:]+0x2de
C  [AppKit+0xa0be8]  -[NSView _layoutSubtreeWithOldSize:]+0x2de
C  [AppKit+0xa0be8]  -[NSView _layoutSubtreeWithOldSize:]+0x2de
C  [AppKit+0xa0be8]  -[NSView _layoutSubtreeWithOldSize:]+0x2de
C  [AppKit+0xa0be8]  -[NSView _layoutSubtreeWithOldSize:]+0x2de
C  [AppKit+0xa0be8]  -[NSView _layoutSubtreeWithOldSize:]+0x2de
C  [AppKit+0xa0be8]  -[NSView _layoutSubtreeWithOldSize:]+0x2de
C  [AppKit+0x9fe8d]  -[NSView _layoutSubtreeIfNeededAndAllowTemporaryEngine:]+0x461
C  [AppKit+0x9f93e]  -[NSWindow(NSConstraintBasedLayout) _layoutViewTree]+0x94
C  [AppKit+0x9c2e3]  -[NSWindow _oldPlaceWindow:fromServer:]+0x2e8
C  [AppKit+0x9a5d5]  -[NSWindow _setFrameCommon:display:fromServer:]+0x548
C  [AppKit+0x17a3c8]  -[NSThemeFrame _growWindowReshapeContentAndToolbarView:withOldToolbarFrameSize:animate:]+0x7d7
C  [AppKit+0x179abc]  -[NSThemeFrame _reshapeContentAndToolbarView:withOldToolbarFrameSize:resizeWindow:animate:]+0x218
C  [AppKit+0x165c06]  -[NSThemeFrame _toolbarFrameSizeChanged:oldSize:]+0x3f
C  [AppKit+0x165b6c]  -[NSWindow _toolbarFrameSizeChanged:oldSize:]+0x5d
C  [AppKit+0x159a2f]  -[NSToolbarView _layoutDirtyItemViewersAndTileToolbar]+0xa77
C  [AppKit+0x155635]  -[NSToolbarView _syncItemSetAndUpdateItemViewersWithSEL:setNeedsModeConfiguration:sizeToFit:setNeedsDisplay:updateKeyLoop:]+0xa6
C  [AppKit+0x155588]  -[NSToolbarView _noteToolbarLayoutChanged]+0x2f
C  [AppKit+0x25488c]  -[NSToolbar _noteToolbarShowsBaselinePropertyChanged]+0x1b
C  [AppKit+0x8923d5]  -[NSToolbar _setHideBaselineOverride:]+0x35
C  [AppKit+0x87c313]  -[NSWindowStackController _removeTabBarAccessoryViewControllerForWindow:]+0x10a
C  [AppKit+0x87d55a]  -[NSWindowStackController removeWindow:]+0x129
C  [AppKit+0x2f4e08]  -[NSWindow(NSWindowTabbing) _doTabbedWindowCleanupForOrderOut]+0x61
C  [AppKit+0x8dc1b3]  -[NSWindow _finishClosingWindow]+0x49
C  [AppKit+0x3b7cef]  -[NSWindow _close]+0x14a
C  [AppKit+0x40de2a]  -[NSWindow _closeForTermination]+0x16
C  [CoreFoundation+0xaf77e]  -[NSArray makeObjectsPerformSelector:]+0xf5
C  [AppKit+0x322c2a]  -[NSApplication _deallocHardCore:]+0x131
C  [AppKit+0x30ecb5]  -[NSApplication terminate:]+0x5e6
C  [AppKit+0x4984c3]  -[NSApplication _terminateFromSender:askIfShouldTerminate:saveWindows:]+0x7e
C  [AppKit+0x4983cb]  __52-[NSApplication(NSAppleEventHandling) _handleAEQuit]_block_invoke+0x2e
C  [AppKit+0x4e00b2]  ___NSMainRunLoopPerformBlockInModes_block_invoke+0x19
C  [CoreFoundation+0x83bac]  __CFRUNLOOP_IS_CALLING_OUT_TO_A_BLOCK__+0xc
C  [CoreFoundation+0x83af4]  __CFRunLoopDoBlocks+0x17b
C  [CoreFoundation+0x829eb]  __CFRunLoopRun+0x390
C  [CoreFoundation+0x81ffe]  CFRunLoopRunSpecific+0x1ce
C  [HIToolbox+0x2fabd]  RunCurrentEventLoopInMode+0x124
C  [HIToolbox+0x2f6f4]  ReceiveNextEventCommon+0x167
C  [HIToolbox+0x2f579]  _BlockUntilNextEventMatchingListInModeWithFilter+0x40
C  [AppKit+0x40c99]  _DPSNextEvent+0x373
C  [AppKit+0x3f4e0]  -[NSApplication(NSEvent) _nextEventMatchingEventMask:untilDate:inMode:dequeue:]+0x548
C  [StataMP+0xf2e5]
C  [StataMP+0xf43a]
C  [StataMP+0xf7e6]
C  [StataMP+0x7ee494]  _ZNSt3__16vectorI13CVarSortCol_INS_9allocatorIS1_EEE26__swap_out_circular_bufferERNS_14__split_bufferIS1_RS3_EE+0x265784
C  [StataMP+0xc35a6]
C  [StataMP+0xc33bf]
C  [StataMP+0x71b5f0]  _ZNSt3__16vectorI13CVarSortCol_INS_9allocatorIS1_EEE26__swap_out_circular_bufferERNS_14__split_bufferIS1_RS3_EE+0x1928e0
C  [StataMP+0x71b355]  _ZNSt3__16vectorI13CVarSortCol_INS_9allocatorIS1_EEE26__swap_out_circular_bufferERNS_14__split_bufferIS1_RS3_EE+0x192645
C  [StataMP+0x4fcf8a]  _ZNSt3__16vectorI8CVarInfoNS_9allocatorIS1_EEE21__push_back_slow_pathIKS1_EEvRT_+0x2788ea
C  [StataMP+0x75bf46]  _ZNSt3__16vectorI13CVarSortCol_INS_9allocatorIS1_EEE26__swap_out_circular_bufferERNS_14__split_bufferIS1_RS3_EE+0x1d3236
C  [libdyld.dylib+0x1acc9]  start+0x1


siginfo: si_signo: 11 (SIGSEGV), si_code: 1 (SEGV_MAPERR), si_addr: 0x0000000000000000

Register to memory mapping:

RAX=0x000000010e261d60: <offset 0x264d60> in /Applications/Stata/StataMP.app/Contents/MacOS/StataMP at 0x000000010dffd000
RBX=0x00007ffee1bf9f01 is pointing into the stack for thread: 0x00007f9e7b282000
RCX=0x0 is NULL
RDX=0x0000000000000003 is an unknown value
RSP=0x00007ffee1bf9fd0 is pointing into the stack for thread: 0x00007f9e7b282000
RBP=0x00007ffee1bf9fd0 is pointing into the stack for thread: 0x00007f9e7b282000
RSI=0x00007ffee1bfa0e0 is pointing into the stack for thread: 0x00007f9e7b282000
RDI=0x00007ffee1bfa0e0 is pointing into the stack for thread: 0x00007f9e7b282000
R8 =0x0 is NULL
R9 =0x0 is NULL
R10=0x0000000000000065 is an unknown value
R11=0x0000000000000333 is an unknown value
R12=0x00007ffee1bfa034 is pointing into the stack for thread: 0x00007f9e7b282000
R13=0x0 is NULL
R14=0x00007ffee1bfa04c is pointing into the stack for thread: 0x00007f9e7b282000
R15=0x00007ffee1bfa058 is pointing into the stack for thread: 0x00007f9e7b282000


Registers:
RAX=0x000000010e261d60, RBX=0x00007ffee1bf9f01, RCX=0x0000000000000000, RDX=0x0000000000000003
RSP=0x00007ffee1bf9fd0, RBP=0x00007ffee1bf9fd0, RSI=0x00007ffee1bfa0e0, RDI=0x00007ffee1bfa0e0
R8 =0x0000000000000000, R9 =0x0000000000000000, R10=0x0000000000000065, R11=0x0000000000000333
R12=0x00007ffee1bfa034, R13=0x0000000000000000, R14=0x00007ffee1bfa04c, R15=0x00007ffee1bfa058
RIP=0x000000010e260f00, EFLAGS=0x0000000000010246, ERR=0x0000000000000004
  TRAPNO=0x000000000000000e

Top of Stack: (sp=0x00007ffee1bf9fd0)
0x00007ffee1bf9fd0:   00007ffee1bf9fe0 000000010e261d69
0x00007ffee1bf9fe0:   00007ffee1bfa510 000000011103858a
0x00007ffee1bf9ff0:   aaaaaaaaaaaaaaaa aaaaaa0000000080
0x00007ffee1bfa000:   0000600000308200 00007f9e7b2f5800
0x00007ffee1bfa010:   00007f9e7b3e9000 aaaaaa0000000080
0x00007ffee1bfa020:   000060000030b200 00000001aaaaaaaa
0x00007ffee1bfa030:   aaaaaa0100000080 000060000030b180
0x00007ffee1bfa040:   00007ffee1bfa528 aaaaaa0100000080
0x00007ffee1bfa050:   0000600000309680 00007ffee1bfa528
0x00007ffee1bfa060:   00007f9e78eda8d8 00000000000016ef
0x00007ffee1bfa070:   00000000000016ee 0000000000000000
0x00007ffee1bfa080:   000000007fffffff 0000000000000000
0x00007ffee1bfa090:   0000000000001650 00000000000000b8
0x00007ffee1bfa0a0:   00000000000000bf 0000000000001656
0x00007ffee1bfa0b0:   0000000daaaa0000 000000280000006e
0x00007ffee1bfa0c0:   0000000000000001 aaaaaaaa00000064
0x00007ffee1bfa0d0:   0000000000000001 00000021aaaaaaaa
0x00007ffee1bfa0e0:   0065646f006e6567 aaaaaaaaaa007365
0x00007ffee1bfa0f0:   aaaaaaaaaaaaaaaa aaaaaaaaaaaaaaaa
0x00007ffee1bfa100:   aaaaaaaaaaaaaaaa aaaaaaaaaaaaaaaa
0x00007ffee1bfa110:   aaaaaaaaaaaaaaaa aaaaaaaaaaaaaaaa
0x00007ffee1bfa120:   aaaaaaaaaaaaaaaa aaaaaaaaaaaaaaaa
0x00007ffee1bfa130:   aaaaaaaaaaaaaaaa aaaaaaaaaaaaaaaa
0x00007ffee1bfa140:   aaaaaaaaaaaaaaaa aaaaaaaaaaaaaaaa
0x00007ffee1bfa150:   aaaaaaaaaaaaaaaa aaaaaaaaaaaaaaaa
0x00007ffee1bfa160:   aaaaaaaaaaaaaaaa aaaaaaaaaaaaaaaa
0x00007ffee1bfa170:   aaaaaaaaaaaaaaaa aaaaaaaaaaaaaaaa
0x00007ffee1bfa180:   aaaaaaaaaaaaaaaa aaaaaaaaaaaaaaaa
0x00007ffee1bfa190:   aaaaaaaaaaaaaaaa aaaaaaaaaaaaaaaa
0x00007ffee1bfa1a0:   aaaaaaaaaaaaaaaa aaaaaaaaaaaaaaaa
0x00007ffee1bfa1b0:   aaaaaaaaaaaaaaaa aaaaaaaaaaaaaaaa
0x00007ffee1bfa1c0:   aaaaaaaaaaaaaaaa aaaaaaaaaaaaaaaa 

Instructions: (pc=0x000000010e260f00)
0x000000010e260e00:   01 c6 00 03 e8 87 6e 55 00 be 01 00 00 00 48 8d
0x000000010e260e10:   3d 8b 4c 0c 02 e8 5c 41 3c 01 43 83 7c 2c 10 28
0x000000010e260e20:   75 d1 43 83 7c 2c 20 29 75 c9 83 c6 04 3b f2 75
0x000000010e260e30:   c2 4b 8b 7c 2c 08 e8 65 00 00 00 4c 8d 35 1e 4d
0x000000010e260e40:   0c 02 33 f6 33 d2 33 c9 49 8b 3e e8 50 81 3f 00
0x000000010e260e50:   89 c3 33 f6 33 d2 33 c9 49 8b 3e e8 40 81 3f 00
0x000000010e260e60:   89 df 89 c6 e8 f7 dd ff ff bf 39 00 00 00 e8 cd
0x000000010e260e70:   d3 3c 00 be 02 00 00 00 89 f2 4b 8b 7c 2c 08 e8
0x000000010e260e80:   dc cf 57 00 89 c7 48 8d 65 e0 5b 41 5e 41 5d 41
0x000000010e260e90:   5c 5d e9 39 d1 3c 00 66 0f 1f 84 00 00 00 00 00
0x000000010e260ea0:   55 48 89 e5 53 56 48 89 fb e8 42 00 00 00 83 f8
0x000000010e260eb0:   ff 74 2f 48 8d 05 40 3d 9c 02 48 89 df c6 00 03
0x000000010e260ec0:   e8 cb 6d 55 00 48 8d 3d f4 e3 3c 01 e8 bf 6d 55
0x000000010e260ed0:   00 be 01 00 00 00 48 8d 3d c3 4b 0c 02 e8 94 40
0x000000010e260ee0:   3c 01 48 8d 65 f8 5b 5d c3 0f 1f 80 00 00 00 00
0x000000010e260ef0:   55 48 89 e5 45 33 c9 4c 8b 05 22 d9 da 01 33 c9
0x000000010e260f00:   41 80 38 00 74 59 4c 89 65 f8 4c 89 6d f0 49 89
0x000000010e260f10:   fd 4c 89 ef 4d 8d 24 08 4c 89 e6 8a 17 3a 16 75
0x000000010e260f20:   1c 84 d2 74 14 8a 57 01 3a 56 01 75 10 48 83 c7
0x000000010e260f30:   02 48 83 c6 02 84 d2 75 e2 33 c0 eb 05 1b c0 83
0x000000010e260f40:   c8 01 85 c0 74 23 48 81 c1 94 00 00 00 41 ff c1
0x000000010e260f50:   42 80 3c 01 00 75 ba 4c 8b 65 f8 4c 8b 6d f0 b8
0x000000010e260f60:   ff ff ff ff 48 89 ec 5d c3 4c 89 e1 48 8d 35 75
0x000000010e260f70:   e3 3c 01 48 89 cf 4c 8b 65 f8 4c 8b 6d f0 8a 17
0x000000010e260f80:   3a 16 75 1c 84 d2 74 14 8a 57 01 3a 56 01 75 10
0x000000010e260f90:   48 83 c7 02 48 83 c6 02 84 d2 75 e2 33 c0 eb 05
0x000000010e260fa0:   1b c0 83 c8 01 85 c0 75 12 48 8d 15 f0 a3 eb 01
0x000000010e260fb0:   0f bf 32 81 fe e8 03 00 00 7f a4 81 b9 84 00 00
0x000000010e260fc0:   00 70 01 00 00 75 18 48 8d 15 d2 a3 eb 01 41 8d
0x000000010e260fd0:   71 01 0f bf 0a 81 f9 e8 03 00 00 44 0f 4c ce 44
0x000000010e260fe0:   89 c8 48 89 ec 5d c3 66 0f 1f 84 00 00 00 00 00
0x000000010e260ff0:   55 48 89 e5 83 fe 02 7c 13 83 c6 fe 48 63 f6 48 


Stack slot to memory mapping:
stack at sp + 0 slots: 0x00007ffee1bf9fe0 is pointing into the stack for thread: 0x00007f9e7b282000
stack at sp + 1 slots: 0x000000010e261d69: <offset 0x264d69> in /Applications/Stata/StataMP.app/Contents/MacOS/StataMP at 0x000000010dffd000
stack at sp + 2 slots: 0x00007ffee1bfa510 is pointing into the stack for thread: 0x00007f9e7b282000
stack at sp + 3 slots: 0x000000011103858a: _ZL14ColouriseDoDocmliPPN9Scintilla8WordListERNS_8AccessorEb+0x945 in /Applications/Stata/StataMP.app/Contents/Frameworks/Scintilla.framework/Versions/A/Scintilla at 0x0000000111013000
stack at sp + 4 slots: 0xaaaaaaaaaaaaaaaa is an unknown value
stack at sp + 5 slots: 0xaaaaaa0000000080 is an unknown value
stack at sp + 6 slots: 0x0000600000308200 points into unknown readable memory: 00 00 00 00 00 00 00 00
stack at sp + 7 slots: 0x00007f9e7b2f5800 points into unknown readable memory: 00 0c 41 7b 9e 7f 00 00


---------------  P R O C E S S  ---------------

Threads class SMR info:
_java_thread_list=0x0000600002d70120, length=10, elements={
0x00007f9e79066000, 0x00007f9e7b29c000, 0x00007f9e790be000, 0x00007f9e7b29d000,
0x00007f9e7c813800, 0x00007f9e79df4000, 0x00007f9e7904a000, 0x00007f9e79dec000,
0x00007f9e79034000, 0x00007f9e7b282000
}

Java Threads: ( => current thread )
  0x00007f9e79066000 JavaThread "main" [_thread_in_native, id=42755, stack(0x0000700002bcc000,0x0000700002c4c000)]
  0x00007f9e7b29c000 JavaThread "Reference Handler" daemon [_thread_blocked, id=67075, stack(0x000070000346d000,0x000070000366d000)]
  0x00007f9e790be000 JavaThread "Finalizer" daemon [_thread_blocked, id=66563, stack(0x0000700003670000,0x0000700003870000)]
  0x00007f9e7b29d000 JavaThread "Signal Dispatcher" daemon [_thread_blocked, id=62211, stack(0x0000700003873000,0x0000700003a73000)]
  0x00007f9e7c813800 JavaThread "C2 CompilerThread0" daemon [_thread_blocked, id=62467, stack(0x0000700003a76000,0x0000700003b76000)]
  0x00007f9e79df4000 JavaThread "C1 CompilerThread0" daemon [_thread_blocked, id=65027, stack(0x0000700003b79000,0x0000700003c79000)]
  0x00007f9e7904a000 JavaThread "Sweeper thread" daemon [_thread_blocked, id=63239, stack(0x0000700003c7c000,0x0000700003e7c000)]
  0x00007f9e79dec000 JavaThread "Service Thread" daemon [_thread_blocked, id=76551, stack(0x0000700003e7f000,0x000070000407f000)]
  0x00007f9e79034000 JavaThread "Common-Cleaner" daemon [_thread_blocked, id=45831, stack(0x0000700004185000,0x0000700004385000)]
=>0x00007f9e7b282000 JavaThread "Thread-1" [_thread_in_native, id=775, stack(0x00007ffee1403000,0x00007ffee1c03000)]

Other Threads:
  0x00007f9e79908000 VMThread "VM Thread" [stack: 0x000070000336a000,0x000070000346a000] [id=60967]
  0x00007f9e79142000 WatcherThread [stack: 0x0000700004082000,0x0000700004182000] [id=51727]
  0x00007f9e79877000 GCTaskThread "GC Thread#0" [stack: 0x0000700002e5b000,0x0000700002f5b000] [id=69891]
  0x00007f9e79e0b800 GCTaskThread "GC Thread#1" [stack: 0x0000700002cd2000,0x0000700002dd2000] [id=102915]
  0x00007f9e798b0000 GCTaskThread "GC Thread#2" [stack: 0x000070000478e000,0x000070000488e000] [id=110595]
  0x00007f9e798f5800 GCTaskThread "GC Thread#3" [stack: 0x0000700004891000,0x0000700004991000] [id=110339]
  0x00007f9e7b0f4800 GCTaskThread "GC Thread#4" [stack: 0x0000700004994000,0x0000700004a94000] [id=109827]
  0x00007f9e7b2d9000 GCTaskThread "GC Thread#5" [stack: 0x0000700004a97000,0x0000700004b97000] [id=109315]
  0x00007f9e790b2800 ConcurrentGCThread "G1 Main Marker" [stack: 0x0000700002f5e000,0x000070000305e000] [id=59911]
  0x00007f9e7b246000 ConcurrentGCThread "G1 Conc#0" [stack: 0x0000700003061000,0x0000700003161000] [id=68867]
  0x00007f9e7d0d6000 ConcurrentGCThread "G1 Refine#0" [stack: 0x0000700003164000,0x0000700003264000] [id=68619]
  0x00007f9e79902000 ConcurrentGCThread "G1 Young RemSet Sampling" [stack: 0x0000700003267000,0x0000700003367000] [id=68359]

Threads with active compile tasks:

VM state:not at safepoint (normal execution)

VM Mutex/Monitor currently owned by a thread: None

Heap address: 0x0000000780000000, size: 2048 MB, Compressed Oops mode: Zero based, Oop shift amount: 3
Narrow klass base: 0x0000000800000000, Narrow klass shift: 0
Compressed class space size: 1073741824 Address: 0x0000000800000000

Heap:
 garbage-first heap   total 27648K, used 7229K [0x0000000780000000, 0x0000000800000000)
  region size 1024K, 2 young (2048K), 1 survivors (1024K)
 Metaspace       used 13488K, capacity 13818K, committed 13952K, reserved 1060864K
  class space    used 1467K, capacity 1599K, committed 1664K, reserved 1048576K
Heap Regions: E=young(eden), S=young(survivor), O=old, HS=humongous(starts), HC=humongous(continues), CS=collection set, F=free, A=archive, TAMS=top-at-mark-start (previous, next)
|   0|0x0000000780000000, 0x0000000780100000, 0x0000000780100000|100%|HS|  |TAMS 0x0000000780000000, 0x0000000780000000| Untracked 
|   1|0x0000000780100000, 0x00000007801ffff8, 0x0000000780200000| 99%| O|  |TAMS 0x0000000780100000, 0x0000000780100000| Untracked 
|   2|0x0000000780200000, 0x0000000780300000, 0x0000000780300000|100%|HS|  |TAMS 0x0000000780200000, 0x0000000780200000| Untracked 
|   3|0x0000000780300000, 0x0000000780400000, 0x0000000780400000|100%|HC|  |TAMS 0x0000000780300000, 0x0000000780300000| Untracked 
|   4|0x0000000780400000, 0x00000007804f4db8, 0x0000000780500000| 95%| O|  |TAMS 0x0000000780400000, 0x0000000780400000| Untracked 
|   5|0x0000000780500000, 0x00000007805ffff0, 0x0000000780600000| 99%| O|  |TAMS 0x0000000780500000, 0x0000000780500000| Untracked 
|   6|0x0000000780600000, 0x00000007806fe720, 0x0000000780700000| 99%| O|  |TAMS 0x0000000780600000, 0x0000000780600000| Untracked 
|   7|0x0000000780700000, 0x0000000780700000, 0x0000000780800000|  0%| F|  |TAMS 0x0000000780700000, 0x0000000780700000| Untracked 
|   8|0x0000000780800000, 0x0000000780800000, 0x0000000780900000|  0%| F|  |TAMS 0x0000000780800000, 0x0000000780800000| Untracked 
|   9|0x0000000780900000, 0x0000000780900040, 0x0000000780a00000|  0%| O|  |TAMS 0x0000000780900000, 0x0000000780900000| Untracked 
|  10|0x0000000780a00000, 0x0000000780a00000, 0x0000000780b00000|  0%| F|  |TAMS 0x0000000780a00000, 0x0000000780a00000| Untracked 
|  11|0x0000000780b00000, 0x0000000780b00000, 0x0000000780c00000|  0%| F|  |TAMS 0x0000000780b00000, 0x0000000780b00000| Untracked 
|  12|0x0000000780c00000, 0x0000000780c00000, 0x0000000780d00000|  0%| F|  |TAMS 0x0000000780c00000, 0x0000000780c00000| Untracked 
|  13|0x0000000780d00000, 0x0000000780d00000, 0x0000000780e00000|  0%| F|  |TAMS 0x0000000780d00000, 0x0000000780d00000| Untracked 
|  14|0x0000000780e00000, 0x0000000780e00000, 0x0000000780f00000|  0%| F|  |TAMS 0x0000000780e00000, 0x0000000780e00000| Untracked 
|  15|0x0000000780f00000, 0x0000000780f00000, 0x0000000781000000|  0%| F|  |TAMS 0x0000000780f00000, 0x0000000780f00000| Untracked 
|  16|0x0000000781000000, 0x0000000781000000, 0x0000000781100000|  0%| F|  |TAMS 0x0000000781000000, 0x0000000781000000| Untracked 
|  17|0x0000000781100000, 0x0000000781100000, 0x0000000781200000|  0%| F|  |TAMS 0x0000000781100000, 0x0000000781100000| Untracked 
|  18|0x0000000781200000, 0x000000078121c000, 0x0000000781300000| 10%| S|CS|TAMS 0x0000000781200000, 0x0000000781200000| Complete 
|  19|0x0000000781300000, 0x0000000781300000, 0x0000000781400000|  0%| F|  |TAMS 0x0000000781300000, 0x0000000781300000| Untracked 
|  20|0x0000000781400000, 0x0000000781400000, 0x0000000781500000|  0%| F|  |TAMS 0x0000000781400000, 0x0000000781400000| Untracked 
|  21|0x0000000781500000, 0x0000000781500000, 0x0000000781600000|  0%| F|  |TAMS 0x0000000781500000, 0x0000000781500000| Untracked 
|  22|0x0000000781600000, 0x0000000781600000, 0x0000000781700000|  0%| F|  |TAMS 0x0000000781600000, 0x0000000781600000| Untracked 
|  23|0x0000000781700000, 0x0000000781700000, 0x0000000781800000|  0%| F|  |TAMS 0x0000000781700000, 0x0000000781700000| Untracked 
|  24|0x0000000781800000, 0x0000000781800000, 0x0000000781900000|  0%| F|  |TAMS 0x0000000781800000, 0x0000000781800000| Untracked 
|  25|0x0000000781900000, 0x0000000781900000, 0x0000000781a00000|  0%| F|  |TAMS 0x0000000781900000, 0x0000000781900000| Untracked 
|  26|0x0000000781a00000, 0x0000000781abd878, 0x0000000781b00000| 74%| E|  |TAMS 0x0000000781a00000, 0x0000000781a00000| Complete 

Card table byte_map: [0x00000001330a2000,0x00000001334a2000] _byte_map_base: 0x000000012f4a2000

Marking Bits (Prev, Next): (CMBitMap*) 0x00007f9e790f2018, (CMBitMap*) 0x00007f9e790f2050
 Prev Bits: [0x00000001338a2000, 0x00000001358a2000)
 Next Bits: [0x00000001358a2000, 0x00000001378a2000)

Polling page: 0x00000001138f9000

Metaspace:

Usage:
  Non-class:     11.93 MB capacity,    11.74 MB ( 98%) used,   175.76 KB (  1%) free+waste,    23.06 KB ( <1%) overhead. 
      Class:      1.56 MB capacity,     1.43 MB ( 92%) used,   119.89 KB (  7%) free+waste,    11.25 KB ( <1%) overhead. 
       Both:     13.49 MB capacity,    13.17 MB ( 98%) used,   295.65 KB (  2%) free+waste,    34.31 KB ( <1%) overhead. 

Virtual space:
  Non-class space:       12.00 MB reserved,      12.00 MB (100%) committed 
      Class space:        1.00 GB reserved,       1.62 MB ( <1%) committed 
             Both:        1.01 GB reserved,      13.62 MB (  1%) committed 

Chunk freelists:
   Non-Class:  9.00 KB
       Class:  1.00 KB
        Both:  10.00 KB

MaxMetaspaceSize: unlimited
CompressedClassSpaceSize: 1.00 GB

CodeHeap 'non-profiled nmethods': size=120032Kb used=419Kb max_used=419Kb free=119612Kb
 bounds [0x000000012b178000, 0x000000012b3e8000, 0x00000001326b0000]
CodeHeap 'profiled nmethods': size=120028Kb used=1741Kb max_used=1908Kb free=118286Kb
 bounds [0x0000000123c41000, 0x0000000123eb1000, 0x000000012b178000]
CodeHeap 'non-nmethods': size=5700Kb used=1126Kb max_used=1148Kb free=4573Kb
 bounds [0x00000001236b0000, 0x0000000123920000, 0x0000000123c41000]
 total_blobs=1891 nmethods=1027 adapters=371
 compilation: enabled
              stopped_count=0, restarted_count=0
 full_count=0

Compilation events (20 events):
Event: 2800.524 Thread 0x00007f9e7c813800 1135       4       com.stata.projmanager.Projects::getNodePath (36 bytes)
Event: 2800.662 Thread 0x00007f9e7c813800 nmethod 1135 0x000000012b1d5d90 code [0x000000012b1d6040, 0x000000012b1d8110]
Event: 2800.662 Thread 0x00007f9e7c813800 1136       4       com.stata.projmanager.Project::getNodePath (89 bytes)
Event: 2800.771 Thread 0x00007f9e7c813800 nmethod 1136 0x000000012b1d9910 code [0x000000012b1d9bc0, 0x000000012b1dbdf0]
Event: 3039.710 Thread 0x00007f9e7c813800 1139       4       java.util.LinkedHashMap$LinkedHashIterator::hasNext (13 bytes)
Event: 3039.710 Thread 0x00007f9e7c813800 nmethod 1139 0x000000012b178310 code [0x000000012b1784a0, 0x000000012b178518]
Event: 3258.054 Thread 0x00007f9e7c813800 1140       4       java.util.LinkedHashMap$LinkedKeyIterator::next (8 bytes)
Event: 3258.057 Thread 0x00007f9e7c813800 nmethod 1140 0x000000012b1dd610 code [0x000000012b1dd7a0, 0x000000012b1dd9f8]
Event: 3826.433 Thread 0x00007f9e7c813800 1141       4       com.stata.projmanager.Projects::getNodeName (22 bytes)
Event: 3826.437 Thread 0x00007f9e7c813800 nmethod 1141 0x000000012b1ddb10 code [0x000000012b1ddcc0, 0x000000012b1dded8]
Event: 4800.495 Thread 0x00007f9e79df4000 1142       3       java.io.ExpiringCache::cleanup (94 bytes)
Event: 4800.495 Thread 0x00007f9e79df4000 nmethod 1142 0x0000000123c65790 code [0x0000000123c659e0, 0x0000000123c66458]
Event: 6929.529 Thread 0x00007f9e7c813800 1144       4       java.util.LinkedHashMap::newNode (23 bytes)
Event: 6929.536 Thread 0x00007f9e7c813800 nmethod 1144 0x000000012b1de590 code [0x000000012b1de720, 0x000000012b1ded78]
Event: 7279.743 Thread 0x00007f9e7c813800 1145       4       java.util.LinkedHashMap::afterNodeInsertion (40 bytes)
Event: 7279.744 Thread 0x00007f9e7c813800 nmethod 1145 0x000000012b1dee10 code [0x000000012b1defc0, 0x000000012b1df0b8]
Event: 8903.279 Thread 0x00007f9e7c813800 1146       4       java.util.HashMap::removeNode (291 bytes)
Event: 8903.298 Thread 0x00007f9e7c813800 nmethod 1146 0x000000012b1df210 code [0x000000012b1df400, 0x000000012b1e0228]
Event: 9524.166 Thread 0x00007f9e79df4000 1148       1       com.stata.projmanager.Project::isDirty (5 bytes)
Event: 9524.167 Thread 0x00007f9e79df4000 nmethod 1148 0x000000012b1e0b90 code [0x000000012b1e0d40, 0x000000012b1e0e50]

GC Heap History (8 events):
Event: 91.697 GC heap before
{Heap before GC invocations=0 (full 0):
 garbage-first heap   total 262144K, used 21504K [0x0000000780000000, 0x0000000800000000)
  region size 1024K, 19 young (19456K), 0 survivors (0K)
 Metaspace       used 13431K, capacity 13818K, committed 13952K, reserved 1060864K
  class space    used 1454K, capacity 1599K, committed 1664K, reserved 1048576K
}
Event: 91.706 GC heap after
{Heap after GC invocations=1 (full 1):
 garbage-first heap   total 34816K, used 7117K [0x0000000780000000, 0x0000000800000000)
  region size 1024K, 0 young (0K), 0 survivors (0K)
 Metaspace       used 13431K, capacity 13818K, committed 13952K, reserved 1060864K
  class space    used 1454K, capacity 1599K, committed 1664K, reserved 1048576K
}
Event: 91.706 GC heap before
{Heap before GC invocations=1 (full 1):
 garbage-first heap   total 34816K, used 7117K [0x0000000780000000, 0x0000000800000000)
  region size 1024K, 0 young (0K), 0 survivors (0K)
 Metaspace       used 13431K, capacity 13818K, committed 13952K, reserved 1060864K
  class space    used 1454K, capacity 1599K, committed 1664K, reserved 1048576K
}
Event: 91.713 GC heap after
{Heap after GC invocations=2 (full 2):
 garbage-first heap   total 27648K, used 7117K [0x0000000780000000, 0x0000000800000000)
  region size 1024K, 0 young (0K), 0 survivors (0K)
 Metaspace       used 13431K, capacity 13818K, committed 13952K, reserved 1060864K
  class space    used 1454K, capacity 1599K, committed 1664K, reserved 1048576K
}
Event: 91.713 GC heap before
{Heap before GC invocations=2 (full 2):
 garbage-first heap   total 27648K, used 7117K [0x0000000780000000, 0x0000000800000000)
  region size 1024K, 1 young (1024K), 0 survivors (0K)
 Metaspace       used 13431K, capacity 13818K, committed 13952K, reserved 1060864K
  class space    used 1454K, capacity 1599K, committed 1664K, reserved 1048576K
}
Event: 91.719 GC heap after
{Heap after GC invocations=3 (full 3):
 garbage-first heap   total 27648K, used 7117K [0x0000000780000000, 0x0000000800000000)
  region size 1024K, 0 young (0K), 0 survivors (0K)
 Metaspace       used 13431K, capacity 13818K, committed 13952K, reserved 1060864K
  class space    used 1454K, capacity 1599K, committed 1664K, reserved 1048576K
}
Event: 9164.330 GC heap before
{Heap before GC invocations=3 (full 3):
 garbage-first heap   total 27648K, used 15309K [0x0000000780000000, 0x0000000800000000)
  region size 1024K, 8 young (8192K), 0 survivors (0K)
 Metaspace       used 13488K, capacity 13818K, committed 13952K, reserved 1060864K
  class space    used 1467K, capacity 1599K, committed 1664K, reserved 1048576K
}
Event: 9164.335 GC heap after
{Heap after GC invocations=4 (full 3):
 garbage-first heap   total 27648K, used 7229K [0x0000000780000000, 0x0000000800000000)
  region size 1024K, 1 young (1024K), 1 survivors (1024K)
 Metaspace       used 13488K, capacity 13818K, committed 13952K, reserved 1060864K
  class space    used 1467K, capacity 1599K, committed 1664K, reserved 1048576K
}

Deoptimization events (14 events):
Event: 0.577 Thread 0x00007f9e7b265000 Uncommon trap: trap_request=0xffffff4d fr.pc=0x000000012b18455c relative=0x00000000000002bc
Event: 0.577 Thread 0x00007f9e7b265000 Uncommon trap: reason=unstable_if action=reinterpret pc=0x000000012b18455c method=java.lang.StringUTF16.compress([CI[BII)I @ 20 c2
Event: 0.577 Thread 0x00007f9e7b265000 DEOPT PACKING pc=0x000000012b18455c sp=0x0000700004685410
Event: 0.577 Thread 0x00007f9e7b265000 DEOPT UNPACKING pc=0x00000001236d89a5 sp=0x00007000046853b0 mode 2
Event: 0.729 Thread 0x00007f9e7b265000 DEOPT PACKING pc=0x0000000123d45838 sp=0x0000700004688d10
Event: 0.729 Thread 0x00007f9e7b265000 DEOPT UNPACKING pc=0x00000001236d87ba sp=0x00007000046881b0 mode 0
Event: 0.731 Thread 0x00007f9e7b265000 DEOPT PACKING pc=0x0000000123d45838 sp=0x0000700004688d10
Event: 0.731 Thread 0x00007f9e7b265000 DEOPT UNPACKING pc=0x00000001236d87ba sp=0x00007000046881b0 mode 0
Event: 0.733 Thread 0x00007f9e7b265000 DEOPT PACKING pc=0x0000000123d45838 sp=0x0000700004688d60
Event: 0.733 Thread 0x00007f9e7b265000 DEOPT UNPACKING pc=0x00000001236d87ba sp=0x0000700004688200 mode 0
Event: 0.832 Thread 0x00007f9e7b265000 Uncommon trap: trap_request=0xffffff4d fr.pc=0x000000012b1949c4 relative=0x00000000000000a4
Event: 0.832 Thread 0x00007f9e7b265000 Uncommon trap: reason=unstable_if action=reinterpret pc=0x000000012b1949c4 method=java.lang.CharacterDataLatin1.digit(II)I @ 12 c2
Event: 0.832 Thread 0x00007f9e7b265000 DEOPT PACKING pc=0x000000012b1949c4 sp=0x000070000468a180
Event: 0.832 Thread 0x00007f9e7b265000 DEOPT UNPACKING pc=0x00000001236d89a5 sp=0x000070000468a058 mode 2

Classes redefined (0 events):
No events

Internal exceptions (17 events):
Event: 0.578 Thread 0x00007f9e7b265000 Exception <a 'java/lang/NoSuchMethodError'{0x000000078f8842b0}: 'int java.lang.invoke.DirectMethodHandle$Holder.invokeSpecialIFC(java.lang.Object, java.lang.Object, int)'> (0x000000078f8842b0) thrown at [/Users/tester/jenkins/workspace/zulu11-build-macos/
Event: 0.606 Thread 0x00007f9e7b265000 Exception <a 'java/lang/NoSuchMethodError'{0x000000078f8ab4a0}: 'int java.lang.invoke.DirectMethodHandle$Holder.invokeStaticInit(java.lang.Object, java.lang.Object, java.lang.Object, java.lang.Object)'> (0x000000078f8ab4a0) thrown at [/Users/tester/jenkin
Event: 0.608 Thread 0x00007f9e7b265000 Exception <a 'java/lang/IncompatibleClassChangeError'{0x000000078f8b5400}: Found class java.lang.Object, but interface was expected> (0x000000078f8b5400) thrown at [/Users/tester/jenkins/workspace/zulu11-build-macos/zulu-src/src/hotspot/share/interpreter/
Event: 0.609 Thread 0x00007f9e7b265000 Exception <a 'java/lang/NoSuchMethodError'{0x000000078f8b88c8}: 'void java.lang.invoke.DirectMethodHandle$Holder.invokeStaticInit(java.lang.Object, java.lang.Object)'> (0x000000078f8b88c8) thrown at [/Users/tester/jenkins/workspace/zulu11-build-macos/zulu
Event: 0.612 Thread 0x00007f9e7b265000 Exception <a 'java/lang/NoSuchMethodError'{0x000000078f8bef20}: 'int java.lang.invoke.DirectMethodHandle$Holder.invokeStaticInit(java.lang.Object, java.lang.Object)'> (0x000000078f8bef20) thrown at [/Users/tester/jenkins/workspace/zulu11-build-macos/zulu-
Event: 0.835 Thread 0x00007f9e7b265000 Exception <a 'java/net/UnknownHostException'{0x000000078f0b40d8}> (0x000000078f0b40d8) thrown at [/Users/tester/jenkins/workspace/zulu11-build-macos/zulu-src/src/hotspot/share/prims/jni.cpp, line 615]
Event: 91.558 Thread 0x00007f9e7b282000 Exception <a 'java/lang/ClassNotFoundException'{0x000000078ef0eae8}: sun/awt/resources/spi/awtProvider> (0x000000078ef0eae8) thrown at [/Users/tester/jenkins/workspace/zulu11-build-macos/zulu-src/src/hotspot/share/classfile/systemDictionary.cpp, line 234]
Event: 91.626 Thread 0x00007f9e7b282000 Exception <a 'java/io/FileNotFoundException'{0x000000078ef91538}> (0x000000078ef91538) thrown at [/Users/tester/jenkins/workspace/zulu11-build-macos/zulu-src/src/hotspot/share/prims/jni.cpp, line 615]
Event: 91.634 Thread 0x00007f9e7b282000 Exception <a 'java/lang/NoSuchMethodError'{0x000000078efec0c8}: 'java.lang.Object java.lang.invoke.DirectMethodHandle$Holder.invokeStatic(java.lang.Object, java.lang.Object, java.lang.Object, java.lang.Object, java.lang.Object, java.lang.Object, java.lang
Event: 91.635 Thread 0x00007f9e7b282000 Exception <a 'java/lang/NoSuchMethodError'{0x000000078eff9ee8}: 'java.lang.Object java.lang.invoke.DirectMethodHandle$Holder.invokeStatic(java.lang.Object, java.lang.Object, java.lang.Object, java.lang.Object, java.lang.Object, java.lang.Object, java.lang
Event: 91.636 Thread 0x00007f9e7b282000 Exception <a 'java/lang/NoSuchMethodError'{0x000000078ee07fe0}: 'java.lang.Object java.lang.invoke.DirectMethodHandle$Holder.invokeSpecial(java.lang.Object, java.lang.Object, int, int, java.lang.Object, java.lang.Object, java.lang.Object)'> (0x000000078ee
Event: 91.637 Thread 0x00007f9e7b282000 Exception <a 'java/lang/NoSuchMethodError'{0x000000078ee0b570}: 'java.lang.Object java.lang.invoke.DelegatingMethodHandle$Holder.reinvoke_L(java.lang.Object, int, int, java.lang.Object, java.lang.Object, java.lang.Object)'> (0x000000078ee0b570) thrown at 
Event: 91.637 Thread 0x00007f9e7b282000 Exception <a 'java/lang/NoSuchMethodError'{0x000000078ee0f650}: 'java.lang.Object java.lang.invoke.DirectMethodHandle$Holder.invokeStatic(java.lang.Object, java.lang.Object, java.lang.Object, java.lang.Object, int)'> (0x000000078ee0f650) thrown at [/Users
Event: 91.644 Thread 0x00007f9e7b282000 Exception <a 'java/io/FileNotFoundException'{0x000000078ee71da8}> (0x000000078ee71da8) thrown at [/Users/tester/jenkins/workspace/zulu11-build-macos/zulu-src/src/hotspot/share/prims/jni.cpp, line 615]
Event: 91.649 Thread 0x00007f9e7b282000 Exception <a 'java/lang/ClassNotFoundException'{0x000000078ee736a8}: sun/awt/resources/spi/awtosxProvider> (0x000000078ee736a8) thrown at [/Users/tester/jenkins/workspace/zulu11-build-macos/zulu-src/src/hotspot/share/classfile/systemDictionary.cpp, line 2
Event: 91.681 Thread 0x00007f9e7b282000 Exception <a 'java/lang/NoSuchMethodError'{0x000000078eea7050}: 'java.lang.Object java.lang.invoke.DirectMethodHandle$Holder.invokeStatic(java.lang.Object, java.lang.Object, java.lang.Object, java.lang.Object, java.lang.Object, java.lang.Object, java.lang
Event: 91.683 Thread 0x00007f9e7b282000 Exception <a 'java/lang/NoSuchMethodError'{0x000000078eec1130}: 'java.lang.Object java.lang.invoke.DirectMethodHandle$Holder.invokeStatic(java.lang.Object, java.lang.Object, java.lang.Object, java.lang.Object, java.lang.Object, java.lang.Object, java.lang

Events (20 events):
Event: 2649.655 Thread 0x00007f9e7904a000 flushing nmethod 0x0000000123da4a90
Event: 2677.236 Thread 0x00007f9e7904a000 flushing nmethod 0x0000000123cebe90
Event: 2677.236 Thread 0x00007f9e7904a000 flushing nmethod 0x0000000123d00f10
Event: 2677.236 Thread 0x00007f9e7904a000 flushing nmethod 0x0000000123d01590
Event: 2800.660 Thread 0x00007f9e7904a000 flushing nmethod 0x0000000123d38310
Event: 2800.661 Thread 0x00007f9e7904a000 flushing nmethod 0x0000000123da9690
Event: 3039.711 Thread 0x00007f9e7904a000 flushing nmethod 0x0000000123da7290
Event: 3039.711 Thread 0x00007f9e7904a000 flushing nmethod 0x0000000123daed90
Event: 3258.062 Thread 0x00007f9e7904a000 flushing nmethod 0x0000000123cea410
Event: 3826.438 Thread 0x00007f9e7904a000 flushing nmethod 0x0000000123dad310
Event: 3826.438 Thread 0x00007f9e7904a000 flushing nmethod 0x0000000123dada10
Event: 5371.995 Loaded shared library /Applications/Stata/utilities/java/macosx-x64/zulu-jre11.0.6/lib/server/libjvm.dylib
Event: 5371.997 Loaded shared library /Applications/Stata/utilities/java/macosx-x64/zulu-jre11.0.6/lib/server/libjvm.dylib
Event: 5371.998 Loaded shared library /Applications/Stata/utilities/java/macosx-x64/zulu-jre11.0.6/lib/server/libjvm.dylib
Event: 5372.000 Loaded shared library /Applications/Stata/utilities/java/macosx-x64/zulu-jre11.0.6/lib/server/libjvm.dylib
Event: 6929.544 Thread 0x00007f9e7904a000 flushing nmethod 0x0000000123ce9690
Event: 7279.745 Thread 0x00007f9e7904a000 flushing nmethod 0x0000000123db7a90
Event: 8903.298 Thread 0x00007f9e7904a000 flushing nmethod 0x0000000123db4410
Event: 9164.330 Executing VM operation: G1CollectForAllocation
Event: 9164.335 Executing VM operation: G1CollectForAllocation done


Dynamic libraries:
0x0000000111013000 	/Applications/Stata/StataMP.app/Contents/Frameworks/Scintilla.framework/Versions/A/Scintilla
0x00007fff34b94000 	/System/Library/Frameworks/ApplicationServices.framework/Versions/A/ApplicationServices
0x00007fff35c2a000 	/System/Library/Frameworks/Cocoa.framework/Versions/A/Cocoa
0x00007fff42604000 	/System/Library/Frameworks/QuartzCore.framework/Versions/A/QuartzCore
0x00007fff43407000 	/System/Library/Frameworks/Security.framework/Versions/A/Security
0x00007fff43751000 	/System/Library/Frameworks/SecurityFoundation.framework/Versions/A/SecurityFoundation
0x00007fff444b7000 	/System/Library/Frameworks/SystemConfiguration.framework/Versions/A/SystemConfiguration
0x00007fff6dd5b000 	/usr/lib/libc++.1.dylib
0x00007fff6ffb1000 	/usr/lib/libz.1.dylib
0x00007fff6da75000 	/usr/lib/libSystem.B.dylib
0x00007fff33d85000 	/System/Library/Frameworks/AppKit.framework/Versions/C/AppKit
0x00007fff36ac5000 	/System/Library/Frameworks/CoreFoundation.framework/Versions/A/CoreFoundation
0x00007fff36f46000 	/System/Library/Frameworks/CoreGraphics.framework/Versions/A/CoreGraphics
0x00007fff37ead000 	/System/Library/Frameworks/CoreServices.framework/Versions/A/CoreServices
0x00007fff3891f000 	/System/Library/Frameworks/CoreText.framework/Versions/A/CoreText
0x00007fff3917b000 	/System/Library/Frameworks/Foundation.framework/Versions/C/Foundation
0x00007fff6f8d5000 	/usr/lib/libobjc.A.dylib
0x00007fff365ae000 	/System/Library/Frameworks/CoreData.framework/Versions/A/CoreData
0x00007fff67a96000 	/System/Library/PrivateFrameworks/UIFoundation.framework/Versions/A/UIFoundation
0x00007fff62b44000 	/System/Library/PrivateFrameworks/RemoteViewServices.framework/Versions/A/RemoteViewServices
0x00007fff6a5ea000 	/System/Library/PrivateFrameworks/XCTTargetBootstrap.framework/Versions/A/XCTTargetBootstrap
0x00007fff36999000 	/System/Library/Frameworks/CoreDisplay.framework/Versions/A/CoreDisplay
0x00007fff3c034000 	/System/Library/Frameworks/Metal.framework/Versions/A/Metal
0x00007fff50b9d000 	/System/Library/PrivateFrameworks/DesktopServicesPriv.framework/Versions/A/DesktopServicesPriv
0x00007fff6ebb2000 	/usr/lib/liblangid.dylib
0x00007fff4fe36000 	/System/Library/PrivateFrameworks/CoreSVG.framework/Versions/A/CoreSVG
0x00007fff65c9a000 	/System/Library/PrivateFrameworks/SkyLight.framework/Versions/A/SkyLight
0x00007fff32759000 	/System/Library/Frameworks/Accelerate.framework/Versions/A/Accelerate
0x00007fff6fea2000 	/usr/lib/libxml2.2.dylib
0x00007fff5baf6000 	/System/Library/PrivateFrameworks/IconServices.framework/Versions/A/IconServices
0x00007fff3995a000 	/System/Library/Frameworks/IOSurface.framework/Versions/A/IOSurface
0x00007fff6d59f000 	/usr/lib/libDiagnosticMessagesClient.dylib
0x00007fff509f7000 	/System/Library/PrivateFrameworks/DFRFoundation.framework/Versions/A/DFRFoundation
0x00007fff6e941000 	/usr/lib/libicucore.A.dylib
0x00007fff34ec6000 	/System/Library/Frameworks/AudioToolbox.framework/Versions/A/AudioToolbox
0x00007fff34fa9000 	/System/Library/Frameworks/AudioUnit.framework/Versions/A/AudioUnit
0x00007fff6dc77000 	/usr/lib/libauto.dylib
0x00007fff50a99000 	/System/Library/PrivateFrameworks/DataDetectorsCore.framework/Versions/A/DataDetectorsCore
0x00007fff3574b000 	/System/Library/Frameworks/Carbon.framework/Versions/A/Frameworks/HIToolbox.framework/Versions/A/HIToolbox
0x00007fff35a8a000 	/System/Library/Frameworks/Carbon.framework/Versions/A/Frameworks/SpeechRecognition.framework/Versions/A/SpeechRecognition
0x00007fff5050e000 	/System/Library/PrivateFrameworks/CoreUI.framework/Versions/A/CoreUI
0x00007fff36019000 	/System/Library/Frameworks/CoreAudio.framework/Versions/A/CoreAudio
0x00007fff38e40000 	/System/Library/Frameworks/DiskArbitration.framework/Versions/A/DiskArbitration
0x00007fff5db43000 	/System/Library/PrivateFrameworks/MultitouchSupport.framework/Versions/A/MultitouchSupport
0x00007fff6e808000 	/usr/lib/libenergytrace.dylib
0x00007fff398b4000 	/System/Library/Frameworks/IOKit.framework/Versions/A/IOKit
0x00007fff5fcda000 	/System/Library/PrivateFrameworks/PerformanceAnalysis.framework/Versions/A/PerformanceAnalysis
0x00007fff41637000 	/System/Library/Frameworks/OpenGL.framework/Versions/A/OpenGL
0x00007fff35c38000 	/System/Library/Frameworks/ColorSync.framework/Versions/A/ColorSync
0x00007fff375c8000 	/System/Library/Frameworks/CoreImage.framework/Versions/A/CoreImage
0x00007fff399ea000 	/System/Library/Frameworks/ImageIO.framework/Versions/A/ImageIO
0x00007fff6ddd7000 	/usr/lib/libcompression.dylib
0x00007fff6d8e3000 	/usr/lib/libMobileGestalt.dylib
0x00007fff6780f000 	/System/Library/PrivateFrameworks/TextureIO.framework/Versions/A/TextureIO
0x00007fff6dbda000 	/usr/lib/libate.dylib
0x00007fff5bcff000 	/System/Library/PrivateFrameworks/InternationalSupport.framework/Versions/A/InternationalSupport
0x00007fff70871000 	/usr/lib/system/libcache.dylib
0x00007fff70877000 	/usr/lib/system/libcommonCrypto.dylib
0x00007fff70883000 	/usr/lib/system/libcompiler_rt.dylib
0x00007fff7088b000 	/usr/lib/system/libcopyfile.dylib
0x00007fff70895000 	/usr/lib/system/libcorecrypto.dylib
0x00007fff70a34000 	/usr/lib/system/libdispatch.dylib
0x00007fff70a75000 	/usr/lib/system/libdyld.dylib
0x00007fff70aac000 	/usr/lib/system/libkeymgr.dylib
0x00007fff70aba000 	/usr/lib/system/liblaunch.dylib
0x00007fff70abb000 	/usr/lib/system/libmacho.dylib
0x00007fff70ac1000 	/usr/lib/system/libquarantine.dylib
0x00007fff70ac4000 	/usr/lib/system/libremovefile.dylib
0x00007fff70ac6000 	/usr/lib/system/libsystem_asl.dylib
0x00007fff70ade000 	/usr/lib/system/libsystem_blocks.dylib
0x00007fff70adf000 	/usr/lib/system/libsystem_c.dylib
0x00007fff70b67000 	/usr/lib/system/libsystem_configuration.dylib
0x00007fff70b6b000 	/usr/lib/system/libsystem_coreservices.dylib
0x00007fff70b6f000 	/usr/lib/system/libsystem_darwin.dylib
0x00007fff70b78000 	/usr/lib/system/libsystem_dnssd.dylib
0x00007fff70b80000 	/usr/lib/system/libsystem_featureflags.dylib
0x00007fff70b82000 	/usr/lib/system/libsystem_info.dylib
0x00007fff70bfd000 	/usr/lib/system/libsystem_m.dylib
0x00007fff70c45000 	/usr/lib/system/libsystem_malloc.dylib
0x00007fff70c6d000 	/usr/lib/system/libsystem_networkextension.dylib
0x00007fff70c7b000 	/usr/lib/system/libsystem_notify.dylib
0x00007fff70c99000 	/usr/lib/system/libsystem_sandbox.dylib
0x00007fff70c9e000 	/usr/lib/system/libsystem_secinit.dylib
0x00007fff70bd0000 	/usr/lib/system/libsystem_kernel.dylib
0x00007fff70c85000 	/usr/lib/system/libsystem_platform.dylib
0x00007fff70c8e000 	/usr/lib/system/libsystem_pthread.dylib
0x00007fff70ca1000 	/usr/lib/system/libsystem_symptoms.dylib
0x00007fff70ca9000 	/usr/lib/system/libsystem_trace.dylib
0x00007fff70cc1000 	/usr/lib/system/libunwind.dylib
0x00007fff70cc7000 	/usr/lib/system/libxpc.dylib
0x00007fff6ddae000 	/usr/lib/libc++abi.dylib
0x00007fff6ebb4000 	/usr/lib/liblzma.5.dylib
0x00007fff6e82f000 	/usr/lib/libfakelink.dylib
0x00007fff6db67000 	/usr/lib/libarchive.2.dylib
0x00007fff6d4d2000 	/usr/lib/libCRFSuite.dylib
0x00007fff3533c000 	/System/Library/Frameworks/CFNetwork.framework/Versions/A/CFNetwork
0x00007fff6dd3d000 	/usr/lib/libbsm.0.dylib
0x00007fff70aad000 	/usr/lib/system/libkxld.dylib
0x00007fff4a3cc000 	/System/Library/PrivateFrameworks/AppleFSCompression.framework/Versions/A/AppleFSCompression
0x00007fff6e0c8000 	/usr/lib/libcoretls.dylib
0x00007fff6e0df000 	/usr/lib/libcoretls_cfhelpers.dylib
0x00007fff6f91b000 	/usr/lib/libpam.2.dylib
0x00007fff6fa50000 	/usr/lib/libsqlite3.dylib
0x00007fff6fe8f000 	/usr/lib/libxar.1.dylib
0x00007fff6dd4e000 	/usr/lib/libbz2.1.0.dylib
0x00007fff6e850000 	/usr/lib/libiconv.2.dylib
0x00007fff6ddc4000 	/usr/lib/libcharset.1.dylib
0x00007fff6f3ba000 	/usr/lib/libnetwork.dylib
0x00007fff6f922000 	/usr/lib/libpcap.A.dylib
0x00007fff6db1c000 	/usr/lib/libapple_nghttp2.dylib
0x00007fff38264000 	/System/Library/Frameworks/CoreServices.framework/Versions/A/Frameworks/FSEvents.framework/Versions/A/FSEvents
0x00007fff37f34000 	/System/Library/Frameworks/CoreServices.framework/Versions/A/Frameworks/CarbonCore.framework/Versions/A/CarbonCore
0x00007fff384a7000 	/System/Library/Frameworks/CoreServices.framework/Versions/A/Frameworks/Metadata.framework/Versions/A/Metadata
0x00007fff38540000 	/System/Library/Frameworks/CoreServices.framework/Versions/A/Frameworks/OSServices.framework/Versions/A/OSServices
0x00007fff3856e000 	/System/Library/Frameworks/CoreServices.framework/Versions/A/Frameworks/SearchKit.framework/Versions/A/SearchKit
0x00007fff37eae000 	/System/Library/Frameworks/CoreServices.framework/Versions/A/Frameworks/AE.framework/Versions/A/AE
0x00007fff3826d000 	/System/Library/Frameworks/CoreServices.framework/Versions/A/Frameworks/LaunchServices.framework/Versions/A/LaunchServices
0x00007fff38216000 	/System/Library/Frameworks/CoreServices.framework/Versions/A/Frameworks/DictionaryServices.framework/Versions/A/DictionaryServices
0x00007fff385d6000 	/System/Library/Frameworks/CoreServices.framework/Versions/A/Frameworks/SharedFileList.framework/Versions/A/SharedFileList
0x00007fff3d457000 	/System/Library/Frameworks/NetFS.framework/Versions/A/NetFS
0x00007fff5e072000 	/System/Library/PrivateFrameworks/NetAuth.framework/Versions/A/NetAuth
0x00007fff6a9b7000 	/System/Library/PrivateFrameworks/login.framework/Versions/A/Frameworks/loginsupport.framework/Versions/A/loginsupport
0x00007fff672dc000 	/System/Library/PrivateFrameworks/TCC.framework/Versions/A/TCC
0x00007fff4efa9000 	/System/Library/PrivateFrameworks/CoreNLP.framework/Versions/A/CoreNLP
0x00007fff5d571000 	/System/Library/PrivateFrameworks/MetadataUtilities.framework/Versions/A/MetadataUtilities
0x00007fff6ec8c000 	/usr/lib/libmecabra.dylib
0x00007fff6ebe4000 	/usr/lib/libmecab.dylib
0x00007fff6e840000 	/usr/lib/libgermantok.dylib
0x00007fff6db03000 	/usr/lib/libThaiTokenizer.dylib
0x00007fff6d509000 	/usr/lib/libChineseTokenizer.dylib
0x00007fff32771000 	/System/Library/Frameworks/Accelerate.framework/Versions/A/Frameworks/vImage.framework/Versions/A/vImage
0x00007fff33bdb000 	/System/Library/Frameworks/Accelerate.framework/Versions/A/Frameworks/vecLib.framework/Versions/A/vecLib
0x00007fff33b18000 	/System/Library/Frameworks/Accelerate.framework/Versions/A/Frameworks/vecLib.framework/Versions/A/libvMisc.dylib
0x00007fff33940000 	/System/Library/Frameworks/Accelerate.framework/Versions/A/Frameworks/vecLib.framework/Versions/A/libvDSP.dylib
0x00007fff32dc8000 	/System/Library/Frameworks/Accelerate.framework/Versions/A/Frameworks/vecLib.framework/Versions/A/libBLAS.dylib
0x00007fff33504000 	/System/Library/Frameworks/Accelerate.framework/Versions/A/Frameworks/vecLib.framework/Versions/A/libLAPACK.dylib
0x00007fff338a0000 	/System/Library/Frameworks/Accelerate.framework/Versions/A/Frameworks/vecLib.framework/Versions/A/libLinearAlgebra.dylib
0x00007fff3392d000 	/System/Library/Frameworks/Accelerate.framework/Versions/A/Frameworks/vecLib.framework/Versions/A/libSparseBLAS.dylib
0x00007fff338b6000 	/System/Library/Frameworks/Accelerate.framework/Versions/A/Frameworks/vecLib.framework/Versions/A/libQuadrature.dylib
0x00007fff33030000 	/System/Library/Frameworks/Accelerate.framework/Versions/A/Frameworks/vecLib.framework/Versions/A/libBNNS.dylib
0x00007fff338bc000 	/System/Library/Frameworks/Accelerate.framework/Versions/A/Frameworks/vecLib.framework/Versions/A/libSparse.dylib
0x00007fff5c0e7000 	/System/Library/PrivateFrameworks/LanguageModeling.framework/Versions/A/LanguageModeling
0x00007fff4e959000 	/System/Library/PrivateFrameworks/CoreEmoji.framework/Versions/A/CoreEmoji
0x00007fff5c205000 	/System/Library/PrivateFrameworks/LinguisticData.framework/Versions/A/LinguisticData
0x00007fff5c1b6000 	/System/Library/PrivateFrameworks/Lexicon.framework/Versions/A/Lexicon
0x00007fff6ddc5000 	/usr/lib/libcmph.dylib
0x00007fff40045000 	/System/Library/Frameworks/OpenDirectory.framework/Versions/A/Frameworks/CFOpenDirectory.framework/Versions/A/CFOpenDirectory
0x00007fff40062000 	/System/Library/Frameworks/OpenDirectory.framework/Versions/A/OpenDirectory
0x00007fff48482000 	/System/Library/PrivateFrameworks/APFS.framework/Versions/A/APFS
0x00007fff6fe8b000 	/usr/lib/libutil.dylib
0x00007fff4fe8e000 	/System/Library/PrivateFrameworks/CoreServicesStore.framework/Versions/A/CoreServicesStore
0x00007fff43808000 	/System/Library/Frameworks/ServiceManagement.framework/Versions/A/ServiceManagement
0x00007fff4bb9a000 	/System/Library/PrivateFrameworks/BackgroundTaskManagement.framework/Versions/A/BackgroundTaskManagement
0x00007fff6ff88000 	/usr/lib/libxslt.1.dylib
0x00007fff4aa3e000 	/System/Library/PrivateFrameworks/AppleSystemInfo.framework/Versions/A/AppleSystemInfo
0x00007fff39c05000 	/System/Library/Frameworks/ImageIO.framework/Versions/A/Resources/libJPEG.dylib
0x00007fff39ec1000 	/System/Library/Frameworks/ImageIO.framework/Versions/A/Resources/libTIFF.dylib
0x00007fff39ea4000 	/System/Library/Frameworks/ImageIO.framework/Versions/A/Resources/libPng.dylib
0x00007fff39b47000 	/System/Library/Frameworks/ImageIO.framework/Versions/A/Resources/libGIF.dylib
0x00007fff39b4b000 	/System/Library/Frameworks/ImageIO.framework/Versions/A/Resources/libJP2.dylib
0x00007fff39ebf000 	/System/Library/Frameworks/ImageIO.framework/Versions/A/Resources/libRadiance.dylib
0x00007fff6e809000 	/usr/lib/libexpat.1.dylib
0x00007fff4a527000 	/System/Library/PrivateFrameworks/AppleJPEG.framework/Versions/A/AppleJPEG
0x00007fff53169000 	/System/Library/PrivateFrameworks/FontServices.framework/libFontParser.dylib
0x00007fff699bd000 	/System/Library/PrivateFrameworks/WatchdogClient.framework/Versions/A/WatchdogClient
0x00007fff5b743000 	/System/Library/PrivateFrameworks/IOAccelerator.framework/Versions/A/IOAccelerator
0x00007fff3c3cf000 	/System/Library/Frameworks/MetalPerformanceShaders.framework/Versions/A/MetalPerformanceShaders
0x00007fff57edc000 	/System/Library/PrivateFrameworks/GPUWrangler.framework/Versions/A/GPUWrangler
0x00007fff5b758000 	/System/Library/PrivateFrameworks/IOPresentment.framework/Versions/A/IOPresentment
0x00007fff50a0a000 	/System/Library/PrivateFrameworks/DSExternalDisplay.framework/Versions/A/DSExternalDisplay
0x00007fff409d6000 	/System/Library/Frameworks/OpenGL.framework/Versions/A/Libraries/libCoreFSCache.dylib
0x00007fff3c11b000 	/System/Library/Frameworks/MetalPerformanceShaders.framework/Frameworks/MPSCore.framework/Versions/A/MPSCore
0x00007fff3c159000 	/System/Library/Frameworks/MetalPerformanceShaders.framework/Frameworks/MPSImage.framework/Versions/A/MPSImage
0x00007fff3c220000 	/System/Library/Frameworks/MetalPerformanceShaders.framework/Frameworks/MPSNeuralNetwork.framework/Versions/A/MPSNeuralNetwork
0x00007fff3c1e4000 	/System/Library/Frameworks/MetalPerformanceShaders.framework/Frameworks/MPSMatrix.framework/Versions/A/MPSMatrix
0x00007fff3c37f000 	/System/Library/Frameworks/MetalPerformanceShaders.framework/Frameworks/MPSRayIntersector.framework/Versions/A/MPSRayIntersector
0x00007fff3c20a000 	/System/Library/Frameworks/MetalPerformanceShaders.framework/Frameworks/MPSNDArray.framework/Versions/A/MPSNDArray
0x00007fff5d5be000 	/System/Library/PrivateFrameworks/MetalTools.framework/Versions/A/MetalTools
0x00007fff49654000 	/System/Library/PrivateFrameworks/AggregateDictionary.framework/Versions/A/AggregateDictionary
0x00007fff4e3b3000 	/System/Library/PrivateFrameworks/CoreAnalytics.framework/Versions/A/CoreAnalytics
0x00007fff4a95d000 	/System/Library/PrivateFrameworks/AppleSauce.framework/Versions/A/AppleSauce
0x00007fff6d7c5000 	/usr/lib/libIOReport.dylib
0x00007fff38ad7000 	/System/Library/Frameworks/CoreVideo.framework/Versions/A/CoreVideo
0x00007fff59356000 	/System/Library/PrivateFrameworks/GraphVisualizer.framework/Versions/A/GraphVisualizer
0x00007fff526bd000 	/System/Library/PrivateFrameworks/FaceCore.framework/Versions/A/FaceCore
0x00007fff3ffec000 	/System/Library/Frameworks/OpenCL.framework/Versions/A/OpenCL
0x00007fff6d5e7000 	/usr/lib/libFosl_dynamic.dylib
0x00007fff5ea87000 	/System/Library/PrivateFrameworks/OTSVG.framework/Versions/A/OTSVG
0x00007fff34c99000 	/System/Library/Frameworks/ApplicationServices.framework/Versions/A/Frameworks/ATS.framework/Versions/A/Resources/libFontRegistry.dylib
0x00007fff5333a000 	/System/Library/PrivateFrameworks/FontServices.framework/libhvf.dylib
0x00007fff409e1000 	/System/Library/Frameworks/OpenGL.framework/Versions/A/Libraries/libGFXShared.dylib
0x00007fff40bbf000 	/System/Library/Frameworks/OpenGL.framework/Versions/A/Libraries/libGLU.dylib
0x00007fff409ea000 	/System/Library/Frameworks/OpenGL.framework/Versions/A/Libraries/libGL.dylib
0x00007fff409f5000 	/System/Library/Frameworks/OpenGL.framework/Versions/A/Libraries/libGLImage.dylib
0x00007fff409d3000 	/System/Library/Frameworks/OpenGL.framework/Versions/A/Libraries/libCVMSPluginSupport.dylib
0x00007fff409dc000 	/System/Library/Frameworks/OpenGL.framework/Versions/A/Libraries/libCoreVMClient.dylib
0x00007fff6f25b000 	/usr/lib/libncurses.5.4.dylib
0x00007fff34b95000 	/System/Library/Frameworks/ApplicationServices.framework/Versions/A/Frameworks/ATS.framework/Versions/A/ATS
0x00007fff34d62000 	/System/Library/Frameworks/ApplicationServices.framework/Versions/A/Frameworks/ColorSyncLegacy.framework/Versions/A/ColorSyncLegacy
0x00007fff34e00000 	/System/Library/Frameworks/ApplicationServices.framework/Versions/A/Frameworks/HIServices.framework/Versions/A/HIServices
0x00007fff34e58000 	/System/Library/Frameworks/ApplicationServices.framework/Versions/A/Frameworks/LangAnalysis.framework/Versions/A/LangAnalysis
0x00007fff34e67000 	/System/Library/Frameworks/ApplicationServices.framework/Versions/A/Frameworks/PrintCore.framework/Versions/A/PrintCore
0x00007fff34ead000 	/System/Library/Frameworks/ApplicationServices.framework/Versions/A/Frameworks/QD.framework/Versions/A/QD
0x00007fff34eb8000 	/System/Library/Frameworks/ApplicationServices.framework/Versions/A/Frameworks/SpeechSynthesis.framework/Versions/A/SpeechSynthesis
0x00007fff34d32000 	/System/Library/Frameworks/ApplicationServices.framework/Versions/A/Frameworks/ATSUI.framework/Versions/A/ATSUI
0x00007fff6e69d000 	/usr/lib/libcups.2.dylib
0x00007fff3b46c000 	/System/Library/Frameworks/Kerberos.framework/Versions/A/Kerberos
0x00007fff395ad000 	/System/Library/Frameworks/GSS.framework/Versions/A/GSS
0x00007fff6f9dc000 	/usr/lib/libresolv.9.dylib
0x00007fff59504000 	/System/Library/PrivateFrameworks/Heimdal.framework/Versions/A/Heimdal
0x00007fff3b47f000 	/System/Library/Frameworks/Kerberos.framework/Versions/A/Libraries/libHeimdalProxy.dylib
0x00007fff6e846000 	/usr/lib/libheimdal-asn1.dylib
0x00007fff4d84c000 	/System/Library/PrivateFrameworks/CommonAuth.framework/Versions/A/CommonAuth
0x00007fff4aadb000 	/System/Library/PrivateFrameworks/AssertionServices.framework/Versions/A/AssertionServices
0x00007fff4b67d000 	/System/Library/PrivateFrameworks/AudioToolboxCore.framework/Versions/A/AudioToolboxCore
0x00007fff6a667000 	/System/Library/PrivateFrameworks/caulk.framework/Versions/A/caulk
0x00007fff4bc46000 	/System/Library/PrivateFrameworks/BaseBoard.framework/Versions/A/BaseBoard
0x00007fff62cd2000 	/System/Library/PrivateFrameworks/RunningBoardServices.framework/Versions/A/RunningBoardServices
0x00007fff5fce6000 	/System/Library/PrivateFrameworks/PersistentConnection.framework/Versions/A/PersistentConnection
0x00007fff626cc000 	/System/Library/PrivateFrameworks/ProtocolBuffer.framework/Versions/A/ProtocolBuffer
0x00007fff4d870000 	/System/Library/PrivateFrameworks/CommonUtilities.framework/Versions/A/CommonUtilities
0x00007fff4bdd4000 	/System/Library/PrivateFrameworks/Bom.framework/Versions/A/Bom
0x00007fff6d498000 	/usr/lib/libAudioToolboxUtility.dylib
0x00007fff4bba4000 	/System/Library/PrivateFrameworks/Backup.framework/Versions/A/Backup
0x00007fff5092b000 	/System/Library/PrivateFrameworks/CrashReporterSupport.framework/Versions/A/CrashReporterSupport
0x00007fff64760000 	/System/Library/PrivateFrameworks/Sharing.framework/Versions/A/Sharing
0x00007fff4a0ea000 	/System/Library/PrivateFrameworks/Apple80211.framework/Versions/A/Apple80211
0x00007fff4b8c1000 	/System/Library/PrivateFrameworks/AuthKit.framework/Versions/A/AuthKit
0x00007fff5063b000 	/System/Library/PrivateFrameworks/CoreUtils.framework/Versions/A/CoreUtils
0x00007fff38b1c000 	/System/Library/Frameworks/CoreWLAN.framework/Versions/A/CoreWLAN
0x00007fff3973a000 	/System/Library/Frameworks/IOBluetooth.framework/Versions/A/IOBluetooth
0x00007fff5d8c2000 	/System/Library/PrivateFrameworks/MobileKeyBag.framework/Versions/A/MobileKeyBag
0x00007fff4f441000 	/System/Library/PrivateFrameworks/CorePhoneNumbers.framework/Versions/A/CorePhoneNumbers
0x00007fff4a4da000 	/System/Library/PrivateFrameworks/AppleIDAuthSupport.framework/Versions/A/AppleIDAuthSupport
0x00007fff3d464000 	/System/Library/Frameworks/Network.framework/Versions/A/Network
0x00007fff5bf93000 	/System/Library/PrivateFrameworks/KeychainCircle.framework/Versions/A/KeychainCircle
0x00007fff36575000 	/System/Library/Frameworks/CoreBluetooth.framework/Versions/A/CoreBluetooth
0x00007fff667dd000 	/System/Library/PrivateFrameworks/SpeechRecognitionCore.framework/Versions/A/SpeechRecognitionCore
0x00007fff4fe5a000 	/System/Library/PrivateFrameworks/CoreServicesInternal.framework/Versions/A/CoreServicesInternal
0x00007fff39038000 	/System/Library/Frameworks/FileProvider.framework/Versions/A/FileProvider
0x00007fff33bdc000 	/System/Library/Frameworks/Accounts.framework/Versions/A/Accounts
0x00007fff58201000 	/System/Library/PrivateFrameworks/GenerationalStorage.framework/Versions/A/GenerationalStorage
0x00007fff503e0000 	/System/Library/PrivateFrameworks/CoreSymbolication.framework/Versions/A/CoreSymbolication
0x00007fff6701d000 	/System/Library/PrivateFrameworks/SymptomDiagnosticReporter.framework/Versions/A/SymptomDiagnosticReporter
0x00007fff49bef000 	/System/Library/PrivateFrameworks/AppContainer.framework/Versions/A/AppContainer
0x00007fff6f9f6000 	/usr/lib/libsandbox.1.dylib
0x00007fff68961000 	/System/Library/PrivateFrameworks/UserManagement.framework/Versions/A/UserManagement
0x00007fff4c98c000 	/System/Library/PrivateFrameworks/ChunkingLibrary.framework/Versions/A/ChunkingLibrary
0x00007fff50b5f000 	/System/Library/PrivateFrameworks/DebugSymbols.framework/Versions/A/DebugSymbols
0x00007fff49c61000 	/System/Library/PrivateFrameworks/AppSandbox.framework/Versions/A/AppSandbox
0x00007fff645ea000 	/System/Library/PrivateFrameworks/SecCodeWrapper.framework/Versions/A/SecCodeWrapper
0x00007fff6d8ad000 	/usr/lib/libMatch.1.dylib
0x0000000113d96000 	/usr/lib/libobjc-trampolines.dylib
0x00007fff532a1000 	/System/Library/PrivateFrameworks/FontServices.framework/libTrueTypeScaler.dylib
0x00007fff3275a000 	/System/Library/Frameworks/Accelerate.framework/Versions/A/Frameworks/vImage.framework/Versions/A/Libraries/libCGInterfaces.dylib
0x00007fff29b45000 	/System/Library/CoreServices/RawCamera.bundle/Contents/MacOS/RawCamera
0x00007fff5d6ec000 	/System/Library/PrivateFrameworks/MobileAsset.framework/Versions/A/MobileAsset
0x00007fff66ec5000 	/System/Library/PrivateFrameworks/StreamingZip.framework/Versions/A/StreamingZip
0x00007fff3b8e7000 	/System/Library/Frameworks/MediaToolbox.framework/Versions/A/MediaToolbox
0x00007fff4e363000 	/System/Library/PrivateFrameworks/CoreAVCHD.framework/Versions/A/CoreAVCHD
0x00007fff3b811000 	/System/Library/Frameworks/MediaAccessibility.framework/Versions/A/MediaAccessibility
0x00007fff5caa2000 	/System/Library/PrivateFrameworks/Mangrove.framework/Versions/A/Mangrove
0x00007fff37ce4000 	/System/Library/Frameworks/CoreMedia.framework/Versions/A/CoreMedia
0x00007fff5cd0e000 	/System/Library/PrivateFrameworks/MediaExperience.framework/Versions/A/MediaExperience
0x00007fff447a4000 	/System/Library/Frameworks/VideoToolbox.framework/Versions/A/VideoToolbox
0x00007fff4df8d000 	/System/Library/PrivateFrameworks/CoreAUC.framework/Versions/A/CoreAUC
0x00007fff6fa4e000 	/usr/lib/libspindump.dylib
0x00007fff4b02c000 	/System/Library/PrivateFrameworks/AudioResourceArbitration.framework/Versions/A/AudioResourceArbitration
0x00007fff4aa42000 	/System/Library/PrivateFrameworks/AppleVA.framework/Versions/A/AppleVA
0x00007fff2cf82000 	/System/Library/Extensions/AppleIntelHD5000GraphicsMTLDriver.bundle/Contents/MacOS/AppleIntelHD5000GraphicsMTLDriver
0x00007fff29d95000 	/System/Library/Extensions/AMDMTLBronzeDriver.bundle/Contents/MacOS/AMDMTLBronzeDriver
0x00007fff5b739000 	/System/Library/PrivateFrameworks/IOAccelMemoryInfo.framework/Versions/A/IOAccelMemoryInfo
0x00007fff5682b000 	/System/Library/PrivateFrameworks/GPUCompiler.framework/Versions/3902/Libraries/libmetal_timestamp.dylib
0x00007fff42603000 	/System/Library/Frameworks/Quartz.framework/Versions/A/Quartz
0x00007fff42012000 	/System/Library/Frameworks/Quartz.framework/Versions/A/Frameworks/QuartzComposer.framework/Versions/A/QuartzComposer
0x00007fff417f8000 	/System/Library/Frameworks/PDFKit.framework/Versions/A/PDFKit
0x00007fff424d2000 	/System/Library/Frameworks/Quartz.framework/Versions/A/Frameworks/QuartzFilters.framework/Versions/A/QuartzFilters
0x00007fff41dcb000 	/System/Library/Frameworks/Quartz.framework/Versions/A/Frameworks/ImageKit.framework/Versions/A/ImageKit
0x00007fff424f8000 	/System/Library/Frameworks/Quartz.framework/Versions/A/Frameworks/QuickLookUI.framework/Versions/A/QuickLookUI
0x00007fff3a3b5000 	/System/Library/Frameworks/JavaScriptCore.framework/Versions/A/JavaScriptCore
0x00007fff4f2d6000 	/System/Library/PrivateFrameworks/CorePDF.framework/Versions/A/CorePDF
0x00007fff67d85000 	/System/Library/PrivateFrameworks/URLFormatting.framework/Versions/A/URLFormatting
0x00007fff42887000 	/System/Library/Frameworks/QuickLook.framework/Versions/A/QuickLook
0x00007fff51149000 	/System/Library/PrivateFrameworks/DisplayServices.framework/Versions/A/DisplayServices
0x00007fff39989000 	/System/Library/Frameworks/ImageCaptureCore.framework/Versions/A/ImageCaptureCore
0x00007fff32371000 	/System/Library/Frameworks/AVFoundation.framework/Versions/A/AVFoundation
0x00007fff627fb000 	/System/Library/PrivateFrameworks/QuickLookSupport.framework/Versions/A/QuickLookSupport
0x00007fff51077000 	/System/Library/PrivateFrameworks/DiskManagement.framework/Versions/A/DiskManagement
0x00007fff428e1000 	/System/Library/Frameworks/QuickLookThumbnailing.framework/Versions/A/QuickLookThumbnailing
0x00007fff3256d000 	/System/Library/Frameworks/AVFoundation.framework/Versions/A/Frameworks/AVFAudio.framework/Versions/A/AVFAudio
0x00007fff37dc1000 	/System/Library/Frameworks/CoreMediaIO.framework/Versions/A/CoreMediaIO
0x00007fff6d48b000 	/usr/lib/libAudioStatistics.dylib
0x00007fff6a9ff000 	/System/Library/PrivateFrameworks/perfdata.framework/Versions/A/perfdata
0x00007fff6f998000 	/usr/lib/libperfcheck.dylib
0x00007fff6d983000 	/usr/lib/libSMC.dylib
0x00007fff5cd99000 	/System/Library/PrivateFrameworks/MediaKit.framework/Versions/A/MediaKit
0x00007fff38d71000 	/System/Library/Frameworks/DiscRecording.framework/Versions/A/DiscRecording
0x00007fff6d514000 	/usr/lib/libCoreStorage.dylib
0x00007fff6e68a000 	/usr/lib/libcsfde.dylib
0x00007fff5122b000 	/System/Library/PrivateFrameworks/EFILogin.framework/Versions/A/EFILogin
0x00007fff62671000 	/System/Library/PrivateFrameworks/ProtectedCloudStorage.framework/Versions/A/ProtectedCloudStorage
0x00007fff4e4db000 	/System/Library/PrivateFrameworks/CoreBrightness.framework/Versions/A/CoreBrightness
0x00007fff593cd000 	/System/Library/PrivateFrameworks/HID.framework/Versions/A/HID
0x00007fff42de7000 	/System/Library/Frameworks/SafariServices.framework/Versions/A/SafariServices
0x00007fff627f7000 	/System/Library/PrivateFrameworks/QuickLookNonBaseSystem.framework/Versions/A/QuickLookNonBaseSystem
0x00007fff6972d000 	/System/Library/PrivateFrameworks/ViewBridge.framework/Versions/A/ViewBridge
0x00007fff5cc63000 	/System/Library/PrivateFrameworks/MarkupUI.framework/Versions/A/MarkupUI
0x00007fff648ff000 	/System/Library/PrivateFrameworks/SidecarCore.framework/Versions/A/SidecarCore
0x00007fff49aa3000 	/System/Library/PrivateFrameworks/AnnotationKit.framework/Versions/A/AnnotationKit
0x00007fff418ec000 	/System/Library/Frameworks/PencilKit.framework/Versions/A/PencilKit
0x00007fff64920000 	/System/Library/PrivateFrameworks/SidecarUI.framework/Versions/A/SidecarUI
0x00007fff4eb1f000 	/System/Library/PrivateFrameworks/CoreHandwriting.framework/Versions/A/CoreHandwriting
0x00007fff3c100000 	/System/Library/Frameworks/MetalKit.framework/Versions/A/MetalKit
0x00007fff5d9ac000 	/System/Library/PrivateFrameworks/Montreal.framework/Versions/A/Montreal
0x00007fff379e1000 	/System/Library/Frameworks/CoreML.framework/Versions/A/CoreML
0x00007fff511a7000 	/System/Library/PrivateFrameworks/DuetActivityScheduler.framework/Versions/A/DuetActivityScheduler
0x00007fff51d78000 	/System/Library/PrivateFrameworks/Espresso.framework/Versions/A/Espresso
0x00007fff4e6d9000 	/System/Library/PrivateFrameworks/CoreDuet.framework/Versions/A/CoreDuet
0x00007fff4e8e5000 	/System/Library/PrivateFrameworks/CoreDuetContext.framework/Versions/A/CoreDuetContext
0x00007fff617e2000 	/System/Library/PrivateFrameworks/PowerLog.framework/Versions/A/PowerLog
0x00007fff38857000 	/System/Library/Frameworks/CoreTelephony.framework/Versions/A/CoreTelephony
0x00007fff4e946000 	/System/Library/PrivateFrameworks/CoreDuetDebugLogging.framework/Versions/A/CoreDuetDebugLogging
0x00007fff4a932000 	/System/Library/PrivateFrameworks/ApplePushService.framework/Versions/A/ApplePushService
0x00007fff35a91000 	/System/Library/Frameworks/CloudKit.framework/Versions/A/CloudKit
0x00007fff39f23000 	/System/Library/Frameworks/Intents.framework/Versions/A/Intents
0x00007fff4e933000 	/System/Library/PrivateFrameworks/CoreDuetDaemonProtocol.framework/Versions/A/CoreDuetDaemonProtocol
0x00007fff62865000 	/System/Library/PrivateFrameworks/Rapport.framework/Versions/A/Rapport
0x00007fff6da77000 	/usr/lib/libTelephonyUtilDynamic.dylib
0x00007fff4e6cd000 	/System/Library/PrivateFrameworks/CoreDaemon.framework/Versions/B/CoreDaemon
0x00007fff4a958000 	/System/Library/PrivateFrameworks/AppleSRP.framework/Versions/A/AppleSRP
0x00007fff4bf2e000 	/System/Library/PrivateFrameworks/C2.framework/Versions/A/C2
0x00007fff37924000 	/System/Library/Frameworks/CoreLocation.framework/Versions/A/CoreLocation
0x00007fff41ca4000 	/System/Library/Frameworks/PushKit.framework/Versions/A/PushKit
0x00007fff3d5bc000 	/System/Library/Frameworks/NetworkExtension.framework/Versions/A/NetworkExtension
0x00007fff6f836000 	/usr/lib/libnetworkextension.dylib
0x00007fff61787000 	/System/Library/PrivateFrameworks/PlugInKit.framework/Versions/A/PlugInKit
0x00007fff511f5000 	/System/Library/PrivateFrameworks/EAP8021X.framework/Versions/A/EAP8021X
0x00007fff58240000 	/System/Library/PrivateFrameworks/GeoServices.framework/Versions/A/GeoServices
0x00007fff5c231000 	/System/Library/PrivateFrameworks/LocationSupport.framework/Versions/A/LocationSupport
0x00007fff5bcde000 	/System/Library/PrivateFrameworks/IntentsFoundation.framework/Versions/A/IntentsFoundation
0x00007fff35746000 	/System/Library/Frameworks/Carbon.framework/Versions/A/Carbon
0x00007fff35747000 	/System/Library/Frameworks/Carbon.framework/Versions/A/Frameworks/CommonPanels.framework/Versions/A/CommonPanels
0x00007fff35a40000 	/System/Library/Frameworks/Carbon.framework/Versions/A/Frameworks/Help.framework/Versions/A/Help
0x00007fff35a44000 	/System/Library/Frameworks/Carbon.framework/Versions/A/Frameworks/ImageCapture.framework/Versions/A/ImageCapture
0x00007fff35a4b000 	/System/Library/Frameworks/Carbon.framework/Versions/A/Frameworks/OpenScripting.framework/Versions/A/OpenScripting
0x00007fff35a4a000 	/System/Library/Frameworks/Carbon.framework/Versions/A/Frameworks/Ink.framework/Versions/A/Ink
0x00007fff35a86000 	/System/Library/Frameworks/Carbon.framework/Versions/A/Frameworks/Print.framework/Versions/A/Print
0x00007fff35a87000 	/System/Library/Frameworks/Carbon.framework/Versions/A/Frameworks/SecurityHI.framework/Versions/A/SecurityHI
0x00007fff6a9ba000 	/System/Library/PrivateFrameworks/login.framework/Versions/A/login
0x0000000114795000 	/Applications/Stata/utilities/java/macosx-x64/zulu-jre11.0.6/lib/jli/libjli.dylib
0x000000011a8d6000 	/Applications/Stata/utilities/java/macosx-x64/zulu-jre11.0.6/lib/server/libjvm.dylib
0x000000011cd7f000 	/Applications/Stata/utilities/java/macosx-x64/zulu-jre11.0.6/lib/libverify.dylib
0x000000011d7e4000 	/Applications/Stata/utilities/java/macosx-x64/zulu-jre11.0.6/lib/libjava.dylib
0x000000011da6a000 	/Applications/Stata/utilities/java/macosx-x64/zulu-jre11.0.6/lib/libzip.dylib
0x000000011da96000 	/Applications/Stata/utilities/java/macosx-x64/zulu-jre11.0.6/lib/libjimage.dylib
0x00000001138d5000 	/Applications/Stata/utilities/java/macosx-x64/zulu-jre11.0.6/lib/libnio.dylib
0x0000000116677000 	/Applications/Stata/utilities/java/macosx-x64/zulu-jre11.0.6/lib/libnet.dylib
0x000000011b726000 	/Applications/Stata/utilities/java/macosx-x64/zulu-jre11.0.6/lib/libsunec.dylib
0x00000001146e5000 	/Applications/Stata/utilities/java/macosx-x64/zulu-jre11.0.6/lib/libextnet.dylib
0x000000011390b000 	/System/Library/Frameworks/FileProvider.framework/OverrideBundles/CloudDocsFileProvider.bundle/Contents/MacOS/CloudDocsFileProvider
0x00007fff4caff000 	/System/Library/PrivateFrameworks/CloudDocs.framework/Versions/A/CloudDocs
0x00007fff668ad000 	/System/Library/PrivateFrameworks/SpotlightIndex.framework/Versions/A/SpotlightIndex
0x000000011473d000 	/System/Library/Frameworks/FileProvider.framework/OverrideBundles/FileProviderOverride.bundle/Contents/MacOS/FileProviderOverride
0x000000011b6a1000 	/System/Library/Frameworks/FileProvider.framework/OverrideBundles/FinderSyncCollaborationFileProviderOverride.bundle/Contents/MacOS/FinderSyncCollaborationFileProviderOverride
0x00007fff53122000 	/System/Library/PrivateFrameworks/FinderSyncPriv.framework/Versions/A/FinderSyncPriv
0x000000011d3e0000 	/Applications/Stata/utilities/java/macosx-x64/zulu-jre11.0.6/lib/libawt.dylib
0x000000011d480000 	/Applications/Stata/utilities/java/macosx-x64/zulu-jre11.0.6/lib/libmlib_image.dylib
0x00007fff3b455000 	/System/Library/Frameworks/JavaVM.framework/Versions/A/Frameworks/JavaNativeFoundation.framework/Versions/A/JavaNativeFoundation
0x00007fff3b45e000 	/System/Library/Frameworks/JavaVM.framework/Versions/A/Frameworks/JavaRuntimeSupport.framework/Versions/A/JavaRuntimeSupport
0x00007fff3b467000 	/System/Library/Frameworks/JavaVM.framework/Versions/A/JavaVM
0x00007fff5bdaa000 	/System/Library/PrivateFrameworks/JavaLaunching.framework/Versions/A/JavaLaunching
0x000000011d4ec000 	/Applications/Stata/utilities/java/macosx-x64/zulu-jre11.0.6/lib/libawt_lwawt.dylib
0x000000011b934000 	/Applications/Stata/utilities/java/macosx-x64/zulu-jre11.0.6/lib/libosxapp.dylib
0x00007fff39019000 	/System/Library/Frameworks/ExceptionHandling.framework/Versions/A/ExceptionHandling
0x000000011c823000 	/Applications/Stata/utilities/java/macosx-x64/zulu-jre11.0.6/lib/libfontmanager.dylib
0x000000011c922000 	/Applications/Stata/utilities/java/macosx-x64/zulu-jre11.0.6/lib/libfreetype.dylib
0x00007fff67097000 	/System/Library/PrivateFrameworks/SystemAdministration.framework/Versions/A/SystemAdministration
0x00007fff38d65000 	/System/Library/Frameworks/DirectoryService.framework/Versions/A/DirectoryService
0x00007fff50fae000 	/System/Library/PrivateFrameworks/DiskImages.framework/Versions/A/DiskImages
0x00007fff5c2ae000 	/System/Library/PrivateFrameworks/LoginUIKit.framework/Versions/A/Frameworks/LoginUICore.framework/Versions/A/LoginUICore
0x00007fff6f909000 	/usr/lib/libodfde.dylib
0x00007fff6e6fe000 	/usr/lib/libcurl.4.dylib
0x00007fff6e583000 	/usr/lib/libcrypto.44.dylib
0x00007fff6fd2e000 	/usr/lib/libssl.46.dylib
0x00007fff3b480000 	/System/Library/Frameworks/LDAP.framework/Versions/A/LDAP
0x00007fff67a5d000 	/System/Library/PrivateFrameworks/TrustEvaluationAgent.framework/Versions/A/TrustEvaluationAgent
0x00007fff6fa3b000 	/usr/lib/libsasl2.2.dylib
0x00007fff648e0000 	/System/Library/PrivateFrameworks/Shortcut.framework/Versions/A/Shortcut
0x00007fff59fbf000 	/System/Library/PrivateFrameworks/HelpData.framework/Versions/A/HelpData
0x00007fff50a5e000 	/System/Library/PrivateFrameworks/DataDetectors.framework/Versions/A/DataDetectors
0x00007fff5c30d000 	/System/Library/PrivateFrameworks/Lookup.framework/Versions/A/Lookup
0x00007fff494e4000 	/System/Library/PrivateFrameworks/AddressBookCore.framework/Versions/A/AddressBookCore
0x00007fff5fec7000 	/System/Library/PrivateFrameworks/PhoneNumbers.framework/Versions/A/PhoneNumbers
0x00007fff5ad5c000 	/System/Library/PrivateFrameworks/IDS.framework/Versions/A/IDS
0x00007fff479d5000 	/System/Library/Frameworks/WebKit.framework/Versions/A/WebKit
0x00007fff3d41d000 	/System/Library/Frameworks/NaturalLanguage.framework/Versions/A/NaturalLanguage
0x00007fff477c9000 	/System/Library/Frameworks/WebKit.framework/Versions/A/Frameworks/WebKitLegacy.framework/Versions/A/WebKitLegacy
0x00007fff45567000 	/System/Library/Frameworks/WebKit.framework/Versions/A/Frameworks/WebCore.framework/Versions/A/WebCore
0x00007fff6d3aa000 	/usr/lib/libAccessibility.dylib
0x00007fff4f44a000 	/System/Library/PrivateFrameworks/CorePrediction.framework/Versions/A/CorePrediction
0x00007fff50d3a000 	/System/Library/PrivateFrameworks/DeviceIdentity.framework/Versions/A/DeviceIdentity
0x00007fff44dc9000 	/System/Library/Frameworks/WebKit.framework/Versions/A/Frameworks/WebCore.framework/Versions/A/Frameworks/libwebrtc.dylib
0x00007fff63a33000 	/System/Library/PrivateFrameworks/SafariSafeBrowsing.framework/Versions/A/SafariSafeBrowsing
0x00007fff437da000 	/System/Library/Frameworks/SecurityInterface.framework/Versions/A/SecurityInterface
0x00007fff69b90000 	/System/Library/PrivateFrameworks/WebInspectorUI.framework/Versions/A/WebInspectorUI
0x00007fff48b8c000 	/System/Library/PrivateFrameworks/AXCoreUtilities.framework/Versions/A/AXCoreUtilities
0x00007fff59365000 	/System/Library/PrivateFrameworks/GraphicsServices.framework/Versions/A/GraphicsServices
0x00007fff4f2d1000 	/System/Library/PrivateFrameworks/CoreOptimization.framework/Versions/A/CoreOptimization
0x00007fff62b25000 	/System/Library/PrivateFrameworks/RemoteServiceDiscovery.framework/Versions/A/RemoteServiceDiscovery
0x00007fff62b6e000 	/System/Library/PrivateFrameworks/RemoteXPC.framework/Versions/A/RemoteXPC
0x00007fff6a0d2000 	/System/Library/PrivateFrameworks/WirelessDiagnostics.framework/Versions/A/WirelessDiagnostics
0x00007fff69d85000 	/System/Library/PrivateFrameworks/WirelessDiagnostics.framework/Versions/A/Libraries/libAWDSupportFramework.dylib
0x00007fff69d49000 	/System/Library/PrivateFrameworks/WirelessDiagnostics.framework/Versions/A/Libraries/libAWDSupport.dylib
0x00007fff6a066000 	/System/Library/PrivateFrameworks/WirelessDiagnostics.framework/Versions/A/Libraries/libprotobuf-lite.dylib
0x00007fff6a078000 	/System/Library/PrivateFrameworks/WirelessDiagnostics.framework/Versions/A/Libraries/libprotobuf.dylib
0x00007fff4dc0d000 	/System/Library/PrivateFrameworks/ContactsPersistence.framework/Versions/A/ContactsPersistence
0x00007fff4c29b000 	/System/Library/PrivateFrameworks/CalendarAgentLink.framework/Versions/A/CalendarAgentLink
0x00007fff35e20000 	/System/Library/Frameworks/Contacts.framework/Versions/A/Contacts
0x00007fff4db88000 	/System/Library/PrivateFrameworks/ContactsFoundation.framework/Versions/A/ContactsFoundation
0x00007fff6aa0c000 	/System/Library/PrivateFrameworks/vCard.framework/Versions/A/vCard
0x00007fff4a570000 	/System/Library/PrivateFrameworks/AppleLDAP.framework/Versions/A/AppleLDAP
0x00007fff4c9dc000 	/System/Library/PrivateFrameworks/ClassKit.framework/Versions/A/ClassKit
0x00007fff50040000 	/System/Library/PrivateFrameworks/CoreSuggestions.framework/Versions/A/CoreSuggestions
0x00007fff4a059000 	/System/Library/PrivateFrameworks/AppSupport.framework/Versions/A/AppSupport
0x00007fff4a10f000 	/System/Library/PrivateFrameworks/AppleAccount.framework/Versions/A/AppleAccount
0x00007fff4a4e6000 	/System/Library/PrivateFrameworks/AppleIDSSOAuthentication.framework/Versions/A/AppleIDSSOAuthentication
0x00007fff48e90000 	/System/Library/PrivateFrameworks/AccountsDaemon.framework/Versions/A/AccountsDaemon
0x00007fff5e7e9000 	/System/Library/PrivateFrameworks/OAuth.framework/Versions/A/OAuth
0x00007fff5b5b3000 	/System/Library/PrivateFrameworks/IMFoundation.framework/Versions/A/IMFoundation
0x00007fff5cc62000 	/System/Library/PrivateFrameworks/Marco.framework/Versions/A/Marco
0x00007fff5ae5b000 	/System/Library/PrivateFrameworks/IDSFoundation.framework/Versions/A/IDSFoundation
0x00007fff51d62000 	/System/Library/PrivateFrameworks/Engram.framework/Versions/A/Engram
0x00007fff6fddd000 	/usr/lib/libtidy.A.dylib
0x00007fff385fb000 	/System/Library/Frameworks/CoreSpotlight.framework/Versions/A/CoreSpotlight
0x00007fff6247b000 	/System/Library/PrivateFrameworks/ProactiveEventTracker.framework/Versions/A/ProactiveEventTracker
0x00007fff62522000 	/System/Library/PrivateFrameworks/ProactiveSupport.framework/Versions/A/ProactiveSupport
0x00007fff50b15000 	/System/Library/PrivateFrameworks/DataDetectorsNaturalLanguage.framework/Versions/A/DataDetectorsNaturalLanguage
0x00007fff5bd07000 	/System/Library/PrivateFrameworks/InternationalTextSearch.framework/Versions/A/InternationalTextSearch
0x00007fff38e6b000 	/System/Library/Frameworks/EventKit.framework/Versions/A/EventKit
0x00007fff62bf1000 	/System/Library/PrivateFrameworks/ResponseKit.framework/Versions/A/ResponseKit
0x00007fff4c091000 	/System/Library/PrivateFrameworks/CalDAV.framework/Versions/A/CalDAV
0x00007fff4c2df000 	/System/Library/PrivateFrameworks/CalendarFoundation.framework/Versions/A/CalendarFoundation
0x00007fff4c38d000 	/System/Library/PrivateFrameworks/CalendarPersistence.framework/Versions/A/CalendarPersistence
0x00007fff5242b000 	/System/Library/PrivateFrameworks/ExchangeWebServices.framework/Versions/A/ExchangeWebServices
0x00007fff6a83d000 	/System/Library/PrivateFrameworks/iCalendar.framework/Versions/A/iCalendar
0x00007fff4e63b000 	/System/Library/PrivateFrameworks/CoreDAV.framework/Versions/A/CoreDAV
0x00007fff5fd0f000 	/System/Library/PrivateFrameworks/PersonaKit.framework/Versions/A/PersonaKit
0x00007fff4db1b000 	/System/Library/PrivateFrameworks/ContactsAutocomplete.framework/Versions/A/ContactsAutocomplete
0x00007fff4fd5d000 	/System/Library/PrivateFrameworks/CoreRecents.framework/Versions/A/CoreRecents
0x00007fff5bf86000 	/System/Library/PrivateFrameworks/KerberosHelper.framework/Versions/A/KerberosHelper
0x00007fff5ddf3000 	/System/Library/PrivateFrameworks/NLP.framework/Versions/A/NLP
0x0000000119536000 	/Users/thomasblanchet/Library/Application Support/Stata/ado/plus/g/gtools_macosx_v3.plugin


VM Arguments:
jvm_args: -Xmx2048M -Xss2M -XX:ErrorFile=/dev/null 
java_command: <unknown>
java_class_path (initial): /Applications/Stata/utilities/jar/aspose-words-18.11-jdk16.jar:/Applications/Stata/utilities/jar/libstata-core.jar:/Applications/Stata/utilities/jar/libdeps-core.jar:/Applications/Stata/utilities/jar/sfi-api.jar:
Launcher Type: generic

[Global flags]
     intx CICompilerCount                          = 4                                         {product} {ergonomic}
     uint ConcGCThreads                            = 2                                         {product} {ergonomic}
    ccstr ErrorFile                                = /dev/null                                 {product} {command line}
     uint G1ConcRefinementThreads                  = 8                                         {product} {ergonomic}
   size_t G1HeapRegionSize                         = 1048576                                   {product} {ergonomic}
    uintx GCDrainStackTargetSize                   = 64                                        {product} {ergonomic}
   size_t InitialHeapSize                          = 268435456                                 {product} {ergonomic}
   size_t MarkStackSize                            = 4194304                                   {product} {ergonomic}
   size_t MaxHeapSize                              = 2147483648                                {product} {command line}
   size_t MaxNewSize                               = 1287651328                                {product} {ergonomic}
   size_t MinHeapDeltaBytes                        = 1048576                                   {product} {ergonomic}
    uintx NonNMethodCodeHeapSize                   = 5836300                                {pd product} {ergonomic}
    uintx NonProfiledCodeHeapSize                  = 122910970                              {pd product} {ergonomic}
    uintx ProfiledCodeHeapSize                     = 122910970                              {pd product} {ergonomic}
    uintx ReservedCodeCacheSize                    = 251658240                              {pd product} {ergonomic}
     bool SegmentedCodeCache                       = true                                      {product} {ergonomic}
     intx ThreadStackSize                          = 2048                                   {pd product} {command line}
     bool UseCompressedClassPointers               = true                                 {lp64_product} {ergonomic}
     bool UseCompressedOops                        = true                                 {lp64_product} {ergonomic}
     bool UseG1GC                                  = true                                      {product} {ergonomic}

Logging:
Log output configuration:
 #0: stdout all=warning uptime,level,tags
 #1: stderr all=off uptime,level,tags

Environment Variables:
PATH=/usr/bin:/bin:/usr/sbin:/sbin:/Applications/Stata/utilities/java/macosx-x64/zulu-jre11.0.6/bin
SHELL=/bin/bash
DISPLAY=/private/tmp/com.apple.launchd.i1YCObLf8s/org.macosforge.xquartz:0

Signal Handlers:
SIGSEGV: [libjvm.dylib+0x748136], sa_mask[0]=11111111011111110111111111111111, sa_flags=SA_ONSTACK|SA_RESTART|SA_SIGINFO
SIGBUS: [libjvm.dylib+0x748136], sa_mask[0]=11111111011111110111111111111111, sa_flags=SA_RESTART|SA_SIGINFO
SIGFPE: [libjvm.dylib+0x748136], sa_mask[0]=11111111011111110111111111111111, sa_flags=SA_RESTART|SA_SIGINFO
SIGPIPE: [libjvm.dylib+0x5f7ed8], sa_mask[0]=11111111011111110111111111111111, sa_flags=SA_RESTART|SA_SIGINFO
SIGXFSZ: [libjvm.dylib+0x5f7ed8], sa_mask[0]=11111111011111110111111111111111, sa_flags=SA_RESTART|SA_SIGINFO
SIGILL: [libjvm.dylib+0x748136], sa_mask[0]=11111111011111110111111111111111, sa_flags=SA_RESTART|SA_SIGINFO
SIGUSR2: [libjvm.dylib+0x5f84bd], sa_mask[0]=11100100000001110111111111011111, sa_flags=SA_RESTART|SA_SIGINFO
SIGHUP: [libjvm.dylib+0x5f6fef], sa_mask[0]=11111111011111110111111111111111, sa_flags=SA_RESTART|SA_SIGINFO
SIGINT: [libjvm.dylib+0x5f6fef], sa_mask[0]=11111111011111110111111111111111, sa_flags=SA_RESTART|SA_SIGINFO
SIGTERM: [libjvm.dylib+0x5f6fef], sa_mask[0]=11111111011111110111111111111111, sa_flags=SA_RESTART|SA_SIGINFO
SIGQUIT: [libjvm.dylib+0x5f6fef], sa_mask[0]=11111111011111110111111111111111, sa_flags=SA_RESTART|SA_SIGINFO


---------------  S Y S T E M  ---------------

OS:uname:Darwin 19.4.0 Darwin Kernel Version 19.4.0: Wed Mar  4 22:28:40 PST 2020; root:xnu-6153.101.6~15/RELEASE_X86_64 x86_64
rlimit: STACK 8192k, CORE 0k, NPROC 2784, NOFILE 12544, AS infinity, DATA infinity, FSIZE infinity
load average:2.00 1.96 1.73

CPU:total 8 (initial active 8) (4 cores per cpu, 2 threads per core) family 6 model 70 stepping 1, cmov, cx8, fxsr, mmx, sse, sse2, sse3, ssse3, sse4.1, sse4.2, popcnt, avx, avx2, aes, clmul, erms, lzcnt, ht, tsc, tscinvbit, bmi1, bmi2, fma

Memory: 4k page, physical 16777216k(3277860k free), swap 2097152k(1697024k free)

vm_info: OpenJDK 64-Bit Server VM (11.0.6+10-LTS) for bsd-amd64 JRE (Zulu11.37+17-CA) (11.0.6+10-LTS), built on Dec 26 2019 21:14:19 by "zulu_re" with gcc 4.2.1 Compatible Apple LLVM 9.1.0 (clang-902.0.39.2)

END.
